ERROR - 2012-12-20T13:38:55+01:00 - exception 'ErrorException' with message 'Missing argument 1 for MenuController::menu(), called in C:\xampp\htdocs\bcms2\app\routes\pages.php on line 32 and defined' in C:\xampp\htdocs\bcms2\app\controller\MenuController.php:112
Stack trace:
#0 C:\xampp\htdocs\bcms2\app\controller\MenuController.php(112): Slim\Slim::handleErrors(2, 'Missing argumen...', 'C:\xampp\htdocs...', 112, Array)
#1 C:\xampp\htdocs\bcms2\app\routes\pages.php(32): MenuController->menu()
#2 [internal function]: {closure}(Array)
#3 C:\xampp\htdocs\bcms2\vendor\slim\slim\Slim\Router.php(172): call_user_func_array(Object(Closure), Array)
#4 C:\xampp\htdocs\bcms2\vendor\slim\slim\Slim\Slim.php(1222): Slim\Router->dispatch(Object(Slim\Route))
#5 C:\xampp\htdocs\bcms2\vendor\slim\slim\Slim\Middleware\Flash.php(86): Slim\Slim->call()
#6 C:\xampp\htdocs\bcms2\vendor\slim\slim\Slim\Middleware\MethodOverride.php(94): Slim\Middleware\Flash->call()
#7 C:\xampp\htdocs\bcms2\vendor\slim\slim\Slim\Middleware\SessionCookie.php(116): Slim\Middleware\MethodOverride->call()
#8 C:\xampp\htdocs\bcms2\vendor\slim\slim\Slim\Middleware\PrettyExceptions.php(67): Slim\Middleware\SessionCookie->call()
#9 C:\xampp\htdocs\bcms2\vendor\slim\slim\Slim\Slim.php(1174): Slim\Middleware\PrettyExceptions->call()
#10 C:\xampp\htdocs\bcms2\public\index.php(23): Slim\Slim->run()
#11 {main}
ERROR - 2012-12-20T13:56:03+01:00 - exception 'ErrorException' with message 'Missing argument 1 for MenuController::menu(), called in C:\xampp\htdocs\bcms2\app\routes\pages.php on line 32 and defined' in C:\xampp\htdocs\bcms2\app\controller\MenuController.php:112
Stack trace:
#0 C:\xampp\htdocs\bcms2\app\controller\MenuController.php(112): Slim\Slim::handleErrors(2, 'Missing argumen...', 'C:\xampp\htdocs...', 112, Array)
#1 C:\xampp\htdocs\bcms2\app\routes\pages.php(32): MenuController->menu()
#2 [internal function]: {closure}(Array)
#3 C:\xampp\htdocs\bcms2\vendor\slim\slim\Slim\Router.php(172): call_user_func_array(Object(Closure), Array)
#4 C:\xampp\htdocs\bcms2\vendor\slim\slim\Slim\Slim.php(1222): Slim\Router->dispatch(Object(Slim\Route))
#5 C:\xampp\htdocs\bcms2\vendor\slim\slim\Slim\Middleware\Flash.php(86): Slim\Slim->call()
#6 C:\xampp\htdocs\bcms2\vendor\slim\slim\Slim\Middleware\MethodOverride.php(94): Slim\Middleware\Flash->call()
#7 C:\xampp\htdocs\bcms2\vendor\slim\slim\Slim\Middleware\SessionCookie.php(116): Slim\Middleware\MethodOverride->call()
#8 C:\xampp\htdocs\bcms2\vendor\slim\slim\Slim\Middleware\PrettyExceptions.php(67): Slim\Middleware\SessionCookie->call()
#9 C:\xampp\htdocs\bcms2\vendor\slim\slim\Slim\Slim.php(1174): Slim\Middleware\PrettyExceptions->call()
#10 C:\xampp\htdocs\bcms2\public\index.php(23): Slim\Slim->run()
#11 {main}
ERROR - 2012-12-20T13:56:04+01:00 - exception 'ErrorException' with message 'Missing argument 1 for MenuController::menu(), called in C:\xampp\htdocs\bcms2\app\routes\pages.php on line 32 and defined' in C:\xampp\htdocs\bcms2\app\controller\MenuController.php:112
Stack trace:
#0 C:\xampp\htdocs\bcms2\app\controller\MenuController.php(112): Slim\Slim::handleErrors(2, 'Missing argumen...', 'C:\xampp\htdocs...', 112, Array)
#1 C:\xampp\htdocs\bcms2\app\routes\pages.php(32): MenuController->menu()
#2 [internal function]: {closure}(Array)
#3 C:\xampp\htdocs\bcms2\vendor\slim\slim\Slim\Router.php(172): call_user_func_array(Object(Closure), Array)
#4 C:\xampp\htdocs\bcms2\vendor\slim\slim\Slim\Slim.php(1222): Slim\Router->dispatch(Object(Slim\Route))
#5 C:\xampp\htdocs\bcms2\vendor\slim\slim\Slim\Middleware\Flash.php(86): Slim\Slim->call()
#6 C:\xampp\htdocs\bcms2\vendor\slim\slim\Slim\Middleware\MethodOverride.php(94): Slim\Middleware\Flash->call()
#7 C:\xampp\htdocs\bcms2\vendor\slim\slim\Slim\Middleware\SessionCookie.php(116): Slim\Middleware\MethodOverride->call()
#8 C:\xampp\htdocs\bcms2\vendor\slim\slim\Slim\Middleware\PrettyExceptions.php(67): Slim\Middleware\SessionCookie->call()
#9 C:\xampp\htdocs\bcms2\vendor\slim\slim\Slim\Slim.php(1174): Slim\Middleware\PrettyExceptions->call()
#10 C:\xampp\htdocs\bcms2\public\index.php(23): Slim\Slim->run()
#11 {main}
ERROR - 2012-12-20T14:03:35+01:00 - exception 'ErrorException' with message 'count() expects at least 1 parameter, 0 given' in C:\xampp\htdocs\bcms2\app\controller\MenuController.php:123
Stack trace:
#0 [internal function]: Slim\Slim::handleErrors(2, 'count() expects...', 'C:\xampp\htdocs...', 123, Array)
#1 C:\xampp\htdocs\bcms2\app\controller\MenuController.php(123): count()
#2 C:\xampp\htdocs\bcms2\app\routes\pages.php(32): MenuController->menu()
#3 [internal function]: {closure}(Array)
#4 C:\xampp\htdocs\bcms2\vendor\slim\slim\Slim\Router.php(172): call_user_func_array(Object(Closure), Array)
#5 C:\xampp\htdocs\bcms2\vendor\slim\slim\Slim\Slim.php(1222): Slim\Router->dispatch(Object(Slim\Route))
#6 C:\xampp\htdocs\bcms2\vendor\slim\slim\Slim\Middleware\Flash.php(86): Slim\Slim->call()
#7 C:\xampp\htdocs\bcms2\vendor\slim\slim\Slim\Middleware\MethodOverride.php(94): Slim\Middleware\Flash->call()
#8 C:\xampp\htdocs\bcms2\vendor\slim\slim\Slim\Middleware\SessionCookie.php(116): Slim\Middleware\MethodOverride->call()
#9 C:\xampp\htdocs\bcms2\vendor\slim\slim\Slim\Middleware\PrettyExceptions.php(67): Slim\Middleware\SessionCookie->call()
#10 C:\xampp\htdocs\bcms2\vendor\slim\slim\Slim\Slim.php(1174): Slim\Middleware\PrettyExceptions->call()
#11 C:\xampp\htdocs\bcms2\public\index.php(23): Slim\Slim->run()
#12 {main}
ERROR - 2012-12-20T14:11:50+01:00 - exception 'ErrorException' with message 'Undefined offset: 2' in C:\xampp\htdocs\bcms2\app\controller\MenuController.php:130
Stack trace:
#0 C:\xampp\htdocs\bcms2\app\controller\MenuController.php(130): Slim\Slim::handleErrors(8, 'Undefined offse...', 'C:\xampp\htdocs...', 130, Array)
#1 C:\xampp\htdocs\bcms2\app\routes\pages.php(32): MenuController->menu2()
#2 [internal function]: {closure}(Array)
#3 C:\xampp\htdocs\bcms2\vendor\slim\slim\Slim\Router.php(172): call_user_func_array(Object(Closure), Array)
#4 C:\xampp\htdocs\bcms2\vendor\slim\slim\Slim\Slim.php(1222): Slim\Router->dispatch(Object(Slim\Route))
#5 C:\xampp\htdocs\bcms2\vendor\slim\slim\Slim\Middleware\Flash.php(86): Slim\Slim->call()
#6 C:\xampp\htdocs\bcms2\vendor\slim\slim\Slim\Middleware\MethodOverride.php(94): Slim\Middleware\Flash->call()
#7 C:\xampp\htdocs\bcms2\vendor\slim\slim\Slim\Middleware\SessionCookie.php(116): Slim\Middleware\MethodOverride->call()
#8 C:\xampp\htdocs\bcms2\vendor\slim\slim\Slim\Middleware\PrettyExceptions.php(67): Slim\Middleware\SessionCookie->call()
#9 C:\xampp\htdocs\bcms2\vendor\slim\slim\Slim\Slim.php(1174): Slim\Middleware\PrettyExceptions->call()
#10 C:\xampp\htdocs\bcms2\public\index.php(23): Slim\Slim->run()
#11 {main}
ERROR - 2012-12-20T14:19:48+01:00 - exception 'ErrorException' with message 'Undefined variable: urlParts' in C:\xampp\htdocs\bcms2\app\controller\MenuController.php:117
Stack trace:
#0 C:\xampp\htdocs\bcms2\app\controller\MenuController.php(117): Slim\Slim::handleErrors(8, 'Undefined varia...', 'C:\xampp\htdocs...', 117, Array)
#1 C:\xampp\htdocs\bcms2\app\routes\pages.php(32): MenuController->menu(2)
#2 [internal function]: {closure}(Array)
#3 C:\xampp\htdocs\bcms2\vendor\slim\slim\Slim\Router.php(172): call_user_func_array(Object(Closure), Array)
#4 C:\xampp\htdocs\bcms2\vendor\slim\slim\Slim\Slim.php(1222): Slim\Router->dispatch(Object(Slim\Route))
#5 C:\xampp\htdocs\bcms2\vendor\slim\slim\Slim\Middleware\Flash.php(86): Slim\Slim->call()
#6 C:\xampp\htdocs\bcms2\vendor\slim\slim\Slim\Middleware\MethodOverride.php(94): Slim\Middleware\Flash->call()
#7 C:\xampp\htdocs\bcms2\vendor\slim\slim\Slim\Middleware\SessionCookie.php(116): Slim\Middleware\MethodOverride->call()
#8 C:\xampp\htdocs\bcms2\vendor\slim\slim\Slim\Middleware\PrettyExceptions.php(67): Slim\Middleware\SessionCookie->call()
#9 C:\xampp\htdocs\bcms2\vendor\slim\slim\Slim\Slim.php(1174): Slim\Middleware\PrettyExceptions->call()
#10 C:\xampp\htdocs\bcms2\public\index.php(23): Slim\Slim->run()
#11 {main}
ERROR - 2012-12-20T14:40:16+01:00 - exception 'ErrorException' with message 'Trying to get property of non-object' in C:\xampp\htdocs\bcms2\app\controller\MenuController.php:132
Stack trace:
#0 C:\xampp\htdocs\bcms2\app\controller\MenuController.php(132): Slim\Slim::handleErrors(8, 'Trying to get p...', 'C:\xampp\htdocs...', 132, Array)
#1 [internal function]: MenuController->menu(1)
#2 C:\xampp\htdocs\bcms2\vendor\twig\twig\lib\Twig\Template.php(436): call_user_func_array(Array, Array)
#3 C:\xampp\htdocs\bcms2\vendor\twig\twig\lib\Twig\Environment.php(321) : eval()'d code(87): Twig_Template->getAttribute(Object(MenuController), 'menu', Array, 'method')
#4 [internal function]: __TwigTemplate_04777d7e2b0cb6a5684d893531538301->block_content(Array, Array)
#5 C:\xampp\htdocs\bcms2\vendor\twig\twig\lib\Twig\Template.php(134): call_user_func(Array, Array, Array)
#6 C:\xampp\htdocs\bcms2\vendor\twig\twig\lib\Twig\Environment.php(321) : eval()'d code(54): Twig_Template->displayBlock('content', Array, Array)
#7 C:\xampp\htdocs\bcms2\vendor\twig\twig\lib\Twig\Template.php(265): __TwigTemplate_a9ecf5a1ed9a88722e373d7c71fd1dab->doDisplay(Array, Array)
#8 C:\xampp\htdocs\bcms2\vendor\twig\twig\lib\Twig\Template.php(239): Twig_Template->displayWithErrorHandling(Array, Array)
#9 C:\xampp\htdocs\bcms2\vendor\twig\twig\lib\Twig\Environment.php(321) : eval()'d code(24): Twig_Template->display(Array, Array)
#10 C:\xampp\htdocs\bcms2\vendor\twig\twig\lib\Twig\Template.php(265): __TwigTemplate_04777d7e2b0cb6a5684d893531538301->doDisplay(Array, Array)
#11 C:\xampp\htdocs\bcms2\vendor\twig\twig\lib\Twig\Template.php(239): Twig_Template->displayWithErrorHandling(Array, Array)
#12 C:\xampp\htdocs\bcms2\vendor\twig\twig\lib\Twig\Template.php(250): Twig_Template->display(Array)
#13 C:\xampp\htdocs\bcms2\vendor\slim\extras\Slim\Extras\Views\Twig.php(99): Twig_Template->render(Array)
#14 C:\xampp\htdocs\bcms2\vendor\slim\slim\Slim\View.php(195): Slim\Extras\Views\Twig->render('pages/default.t...')
#15 C:\xampp\htdocs\bcms2\vendor\slim\slim\Slim\View.php(182): Slim\View->fetch('pages/default.t...')
#16 C:\xampp\htdocs\bcms2\vendor\slim\slim\Slim\Slim.php(672): Slim\View->display('pages/default.t...')
#17 C:\xampp\htdocs\bcms2\app\routes\pages.php(40): Slim\Slim->render('pages/default.t...', Array)
#18 [internal function]: {closure}(Array)
#19 C:\xampp\htdocs\bcms2\vendor\slim\slim\Slim\Router.php(172): call_user_func_array(Object(Closure), Array)
#20 C:\xampp\htdocs\bcms2\vendor\slim\slim\Slim\Slim.php(1222): Slim\Router->dispatch(Object(Slim\Route))
#21 C:\xampp\htdocs\bcms2\vendor\slim\slim\Slim\Middleware\Flash.php(86): Slim\Slim->call()
#22 C:\xampp\htdocs\bcms2\vendor\slim\slim\Slim\Middleware\MethodOverride.php(94): Slim\Middleware\Flash->call()
#23 C:\xampp\htdocs\bcms2\vendor\slim\slim\Slim\Middleware\SessionCookie.php(116): Slim\Middleware\MethodOverride->call()
#24 C:\xampp\htdocs\bcms2\vendor\slim\slim\Slim\Middleware\PrettyExceptions.php(67): Slim\Middleware\SessionCookie->call()
#25 C:\xampp\htdocs\bcms2\vendor\slim\slim\Slim\Slim.php(1174): Slim\Middleware\PrettyExceptions->call()
#26 C:\xampp\htdocs\bcms2\public\index.php(23): Slim\Slim->run()
#27 {main}

Next exception 'Twig_Error_Runtime' with message 'An exception has been thrown during the rendering of a template ("Trying to get property of non-object") in "pages/default.twig" at line 23.' in C:\xampp\htdocs\bcms2\vendor\twig\twig\lib\Twig\Template.php:280
Stack trace:
#0 C:\xampp\htdocs\bcms2\vendor\twig\twig\lib\Twig\Template.php(239): Twig_Template->displayWithErrorHandling(Array, Array)
#1 C:\xampp\htdocs\bcms2\vendor\twig\twig\lib\Twig\Environment.php(321) : eval()'d code(24): Twig_Template->display(Array, Array)
#2 C:\xampp\htdocs\bcms2\vendor\twig\twig\lib\Twig\Template.php(265): __TwigTemplate_04777d7e2b0cb6a5684d893531538301->doDisplay(Array, Array)
#3 C:\xampp\htdocs\bcms2\vendor\twig\twig\lib\Twig\Template.php(239): Twig_Template->displayWithErrorHandling(Array, Array)
#4 C:\xampp\htdocs\bcms2\vendor\twig\twig\lib\Twig\Template.php(250): Twig_Template->display(Array)
#5 C:\xampp\htdocs\bcms2\vendor\slim\extras\Slim\Extras\Views\Twig.php(99): Twig_Template->render(Array)
#6 C:\xampp\htdocs\bcms2\vendor\slim\slim\Slim\View.php(195): Slim\Extras\Views\Twig->render('pages/default.t...')
#7 C:\xampp\htdocs\bcms2\vendor\slim\slim\Slim\View.php(182): Slim\View->fetch('pages/default.t...')
#8 C:\xampp\htdocs\bcms2\vendor\slim\slim\Slim\Slim.php(672): Slim\View->display('pages/default.t...')
#9 C:\xampp\htdocs\bcms2\app\routes\pages.php(40): Slim\Slim->render('pages/default.t...', Array)
#10 [internal function]: {closure}(Array)
#11 C:\xampp\htdocs\bcms2\vendor\slim\slim\Slim\Router.php(172): call_user_func_array(Object(Closure), Array)
#12 C:\xampp\htdocs\bcms2\vendor\slim\slim\Slim\Slim.php(1222): Slim\Router->dispatch(Object(Slim\Route))
#13 C:\xampp\htdocs\bcms2\vendor\slim\slim\Slim\Middleware\Flash.php(86): Slim\Slim->call()
#14 C:\xampp\htdocs\bcms2\vendor\slim\slim\Slim\Middleware\MethodOverride.php(94): Slim\Middleware\Flash->call()
#15 C:\xampp\htdocs\bcms2\vendor\slim\slim\Slim\Middleware\SessionCookie.php(116): Slim\Middleware\MethodOverride->call()
#16 C:\xampp\htdocs\bcms2\vendor\slim\slim\Slim\Middleware\PrettyExceptions.php(67): Slim\Middleware\SessionCookie->call()
#17 C:\xampp\htdocs\bcms2\vendor\slim\slim\Slim\Slim.php(1174): Slim\Middleware\PrettyExceptions->call()
#18 C:\xampp\htdocs\bcms2\public\index.php(23): Slim\Slim->run()
#19 {main}
ERROR - 2012-12-20T14:42:40+01:00 - exception 'ErrorException' with message 'Trying to get property of non-object' in C:\xampp\htdocs\bcms2\app\controller\MenuController.php:132
Stack trace:
#0 C:\xampp\htdocs\bcms2\app\controller\MenuController.php(132): Slim\Slim::handleErrors(8, 'Trying to get p...', 'C:\xampp\htdocs...', 132, Array)
#1 [internal function]: MenuController->menu(1)
#2 C:\xampp\htdocs\bcms2\vendor\twig\twig\lib\Twig\Template.php(436): call_user_func_array(Array, Array)
#3 C:\xampp\htdocs\bcms2\vendor\twig\twig\lib\Twig\Environment.php(321) : eval()'d code(87): Twig_Template->getAttribute(Object(MenuController), 'menu', Array, 'method')
#4 [internal function]: __TwigTemplate_04777d7e2b0cb6a5684d893531538301->block_content(Array, Array)
#5 C:\xampp\htdocs\bcms2\vendor\twig\twig\lib\Twig\Template.php(134): call_user_func(Array, Array, Array)
#6 C:\xampp\htdocs\bcms2\vendor\twig\twig\lib\Twig\Environment.php(321) : eval()'d code(54): Twig_Template->displayBlock('content', Array, Array)
#7 C:\xampp\htdocs\bcms2\vendor\twig\twig\lib\Twig\Template.php(265): __TwigTemplate_a9ecf5a1ed9a88722e373d7c71fd1dab->doDisplay(Array, Array)
#8 C:\xampp\htdocs\bcms2\vendor\twig\twig\lib\Twig\Template.php(239): Twig_Template->displayWithErrorHandling(Array, Array)
#9 C:\xampp\htdocs\bcms2\vendor\twig\twig\lib\Twig\Environment.php(321) : eval()'d code(24): Twig_Template->display(Array, Array)
#10 C:\xampp\htdocs\bcms2\vendor\twig\twig\lib\Twig\Template.php(265): __TwigTemplate_04777d7e2b0cb6a5684d893531538301->doDisplay(Array, Array)
#11 C:\xampp\htdocs\bcms2\vendor\twig\twig\lib\Twig\Template.php(239): Twig_Template->displayWithErrorHandling(Array, Array)
#12 C:\xampp\htdocs\bcms2\vendor\twig\twig\lib\Twig\Template.php(250): Twig_Template->display(Array)
#13 C:\xampp\htdocs\bcms2\vendor\slim\extras\Slim\Extras\Views\Twig.php(99): Twig_Template->render(Array)
#14 C:\xampp\htdocs\bcms2\vendor\slim\slim\Slim\View.php(195): Slim\Extras\Views\Twig->render('pages/default.t...')
#15 C:\xampp\htdocs\bcms2\vendor\slim\slim\Slim\View.php(182): Slim\View->fetch('pages/default.t...')
#16 C:\xampp\htdocs\bcms2\vendor\slim\slim\Slim\Slim.php(672): Slim\View->display('pages/default.t...')
#17 C:\xampp\htdocs\bcms2\app\routes\pages.php(40): Slim\Slim->render('pages/default.t...', Array)
#18 [internal function]: {closure}(Array)
#19 C:\xampp\htdocs\bcms2\vendor\slim\slim\Slim\Router.php(172): call_user_func_array(Object(Closure), Array)
#20 C:\xampp\htdocs\bcms2\vendor\slim\slim\Slim\Slim.php(1222): Slim\Router->dispatch(Object(Slim\Route))
#21 C:\xampp\htdocs\bcms2\vendor\slim\slim\Slim\Middleware\Flash.php(86): Slim\Slim->call()
#22 C:\xampp\htdocs\bcms2\vendor\slim\slim\Slim\Middleware\MethodOverride.php(94): Slim\Middleware\Flash->call()
#23 C:\xampp\htdocs\bcms2\vendor\slim\slim\Slim\Middleware\SessionCookie.php(116): Slim\Middleware\MethodOverride->call()
#24 C:\xampp\htdocs\bcms2\vendor\slim\slim\Slim\Middleware\PrettyExceptions.php(67): Slim\Middleware\SessionCookie->call()
#25 C:\xampp\htdocs\bcms2\vendor\slim\slim\Slim\Slim.php(1174): Slim\Middleware\PrettyExceptions->call()
#26 C:\xampp\htdocs\bcms2\public\index.php(23): Slim\Slim->run()
#27 {main}

Next exception 'Twig_Error_Runtime' with message 'An exception has been thrown during the rendering of a template ("Trying to get property of non-object") in "pages/default.twig" at line 23.' in C:\xampp\htdocs\bcms2\vendor\twig\twig\lib\Twig\Template.php:280
Stack trace:
#0 C:\xampp\htdocs\bcms2\vendor\twig\twig\lib\Twig\Template.php(239): Twig_Template->displayWithErrorHandling(Array, Array)
#1 C:\xampp\htdocs\bcms2\vendor\twig\twig\lib\Twig\Environment.php(321) : eval()'d code(24): Twig_Template->display(Array, Array)
#2 C:\xampp\htdocs\bcms2\vendor\twig\twig\lib\Twig\Template.php(265): __TwigTemplate_04777d7e2b0cb6a5684d893531538301->doDisplay(Array, Array)
#3 C:\xampp\htdocs\bcms2\vendor\twig\twig\lib\Twig\Template.php(239): Twig_Template->displayWithErrorHandling(Array, Array)
#4 C:\xampp\htdocs\bcms2\vendor\twig\twig\lib\Twig\Template.php(250): Twig_Template->display(Array)
#5 C:\xampp\htdocs\bcms2\vendor\slim\extras\Slim\Extras\Views\Twig.php(99): Twig_Template->render(Array)
#6 C:\xampp\htdocs\bcms2\vendor\slim\slim\Slim\View.php(195): Slim\Extras\Views\Twig->render('pages/default.t...')
#7 C:\xampp\htdocs\bcms2\vendor\slim\slim\Slim\View.php(182): Slim\View->fetch('pages/default.t...')
#8 C:\xampp\htdocs\bcms2\vendor\slim\slim\Slim\Slim.php(672): Slim\View->display('pages/default.t...')
#9 C:\xampp\htdocs\bcms2\app\routes\pages.php(40): Slim\Slim->render('pages/default.t...', Array)
#10 [internal function]: {closure}(Array)
#11 C:\xampp\htdocs\bcms2\vendor\slim\slim\Slim\Router.php(172): call_user_func_array(Object(Closure), Array)
#12 C:\xampp\htdocs\bcms2\vendor\slim\slim\Slim\Slim.php(1222): Slim\Router->dispatch(Object(Slim\Route))
#13 C:\xampp\htdocs\bcms2\vendor\slim\slim\Slim\Middleware\Flash.php(86): Slim\Slim->call()
#14 C:\xampp\htdocs\bcms2\vendor\slim\slim\Slim\Middleware\MethodOverride.php(94): Slim\Middleware\Flash->call()
#15 C:\xampp\htdocs\bcms2\vendor\slim\slim\Slim\Middleware\SessionCookie.php(116): Slim\Middleware\MethodOverride->call()
#16 C:\xampp\htdocs\bcms2\vendor\slim\slim\Slim\Middleware\PrettyExceptions.php(67): Slim\Middleware\SessionCookie->call()
#17 C:\xampp\htdocs\bcms2\vendor\slim\slim\Slim\Slim.php(1174): Slim\Middleware\PrettyExceptions->call()
#18 C:\xampp\htdocs\bcms2\public\index.php(23): Slim\Slim->run()
#19 {main}
ERROR - 2012-12-20T14:42:41+01:00 - exception 'ErrorException' with message 'Trying to get property of non-object' in C:\xampp\htdocs\bcms2\app\controller\MenuController.php:132
Stack trace:
#0 C:\xampp\htdocs\bcms2\app\controller\MenuController.php(132): Slim\Slim::handleErrors(8, 'Trying to get p...', 'C:\xampp\htdocs...', 132, Array)
#1 [internal function]: MenuController->menu(1)
#2 C:\xampp\htdocs\bcms2\vendor\twig\twig\lib\Twig\Template.php(436): call_user_func_array(Array, Array)
#3 C:\xampp\htdocs\bcms2\vendor\twig\twig\lib\Twig\Environment.php(321) : eval()'d code(87): Twig_Template->getAttribute(Object(MenuController), 'menu', Array, 'method')
#4 [internal function]: __TwigTemplate_04777d7e2b0cb6a5684d893531538301->block_content(Array, Array)
#5 C:\xampp\htdocs\bcms2\vendor\twig\twig\lib\Twig\Template.php(134): call_user_func(Array, Array, Array)
#6 C:\xampp\htdocs\bcms2\vendor\twig\twig\lib\Twig\Environment.php(321) : eval()'d code(54): Twig_Template->displayBlock('content', Array, Array)
#7 C:\xampp\htdocs\bcms2\vendor\twig\twig\lib\Twig\Template.php(265): __TwigTemplate_a9ecf5a1ed9a88722e373d7c71fd1dab->doDisplay(Array, Array)
#8 C:\xampp\htdocs\bcms2\vendor\twig\twig\lib\Twig\Template.php(239): Twig_Template->displayWithErrorHandling(Array, Array)
#9 C:\xampp\htdocs\bcms2\vendor\twig\twig\lib\Twig\Environment.php(321) : eval()'d code(24): Twig_Template->display(Array, Array)
#10 C:\xampp\htdocs\bcms2\vendor\twig\twig\lib\Twig\Template.php(265): __TwigTemplate_04777d7e2b0cb6a5684d893531538301->doDisplay(Array, Array)
#11 C:\xampp\htdocs\bcms2\vendor\twig\twig\lib\Twig\Template.php(239): Twig_Template->displayWithErrorHandling(Array, Array)
#12 C:\xampp\htdocs\bcms2\vendor\twig\twig\lib\Twig\Template.php(250): Twig_Template->display(Array)
#13 C:\xampp\htdocs\bcms2\vendor\slim\extras\Slim\Extras\Views\Twig.php(99): Twig_Template->render(Array)
#14 C:\xampp\htdocs\bcms2\vendor\slim\slim\Slim\View.php(195): Slim\Extras\Views\Twig->render('pages/default.t...')
#15 C:\xampp\htdocs\bcms2\vendor\slim\slim\Slim\View.php(182): Slim\View->fetch('pages/default.t...')
#16 C:\xampp\htdocs\bcms2\vendor\slim\slim\Slim\Slim.php(672): Slim\View->display('pages/default.t...')
#17 C:\xampp\htdocs\bcms2\app\routes\pages.php(40): Slim\Slim->render('pages/default.t...', Array)
#18 [internal function]: {closure}(Array)
#19 C:\xampp\htdocs\bcms2\vendor\slim\slim\Slim\Router.php(172): call_user_func_array(Object(Closure), Array)
#20 C:\xampp\htdocs\bcms2\vendor\slim\slim\Slim\Slim.php(1222): Slim\Router->dispatch(Object(Slim\Route))
#21 C:\xampp\htdocs\bcms2\vendor\slim\slim\Slim\Middleware\Flash.php(86): Slim\Slim->call()
#22 C:\xampp\htdocs\bcms2\vendor\slim\slim\Slim\Middleware\MethodOverride.php(94): Slim\Middleware\Flash->call()
#23 C:\xampp\htdocs\bcms2\vendor\slim\slim\Slim\Middleware\SessionCookie.php(116): Slim\Middleware\MethodOverride->call()
#24 C:\xampp\htdocs\bcms2\vendor\slim\slim\Slim\Middleware\PrettyExceptions.php(67): Slim\Middleware\SessionCookie->call()
#25 C:\xampp\htdocs\bcms2\vendor\slim\slim\Slim\Slim.php(1174): Slim\Middleware\PrettyExceptions->call()
#26 C:\xampp\htdocs\bcms2\public\index.php(23): Slim\Slim->run()
#27 {main}

Next exception 'Twig_Error_Runtime' with message 'An exception has been thrown during the rendering of a template ("Trying to get property of non-object") in "pages/default.twig" at line 23.' in C:\xampp\htdocs\bcms2\vendor\twig\twig\lib\Twig\Template.php:280
Stack trace:
#0 C:\xampp\htdocs\bcms2\vendor\twig\twig\lib\Twig\Template.php(239): Twig_Template->displayWithErrorHandling(Array, Array)
#1 C:\xampp\htdocs\bcms2\vendor\twig\twig\lib\Twig\Environment.php(321) : eval()'d code(24): Twig_Template->display(Array, Array)
#2 C:\xampp\htdocs\bcms2\vendor\twig\twig\lib\Twig\Template.php(265): __TwigTemplate_04777d7e2b0cb6a5684d893531538301->doDisplay(Array, Array)
#3 C:\xampp\htdocs\bcms2\vendor\twig\twig\lib\Twig\Template.php(239): Twig_Template->displayWithErrorHandling(Array, Array)
#4 C:\xampp\htdocs\bcms2\vendor\twig\twig\lib\Twig\Template.php(250): Twig_Template->display(Array)
#5 C:\xampp\htdocs\bcms2\vendor\slim\extras\Slim\Extras\Views\Twig.php(99): Twig_Template->render(Array)
#6 C:\xampp\htdocs\bcms2\vendor\slim\slim\Slim\View.php(195): Slim\Extras\Views\Twig->render('pages/default.t...')
#7 C:\xampp\htdocs\bcms2\vendor\slim\slim\Slim\View.php(182): Slim\View->fetch('pages/default.t...')
#8 C:\xampp\htdocs\bcms2\vendor\slim\slim\Slim\Slim.php(672): Slim\View->display('pages/default.t...')
#9 C:\xampp\htdocs\bcms2\app\routes\pages.php(40): Slim\Slim->render('pages/default.t...', Array)
#10 [internal function]: {closure}(Array)
#11 C:\xampp\htdocs\bcms2\vendor\slim\slim\Slim\Router.php(172): call_user_func_array(Object(Closure), Array)
#12 C:\xampp\htdocs\bcms2\vendor\slim\slim\Slim\Slim.php(1222): Slim\Router->dispatch(Object(Slim\Route))
#13 C:\xampp\htdocs\bcms2\vendor\slim\slim\Slim\Middleware\Flash.php(86): Slim\Slim->call()
#14 C:\xampp\htdocs\bcms2\vendor\slim\slim\Slim\Middleware\MethodOverride.php(94): Slim\Middleware\Flash->call()
#15 C:\xampp\htdocs\bcms2\vendor\slim\slim\Slim\Middleware\SessionCookie.php(116): Slim\Middleware\MethodOverride->call()
#16 C:\xampp\htdocs\bcms2\vendor\slim\slim\Slim\Middleware\PrettyExceptions.php(67): Slim\Middleware\SessionCookie->call()
#17 C:\xampp\htdocs\bcms2\vendor\slim\slim\Slim\Slim.php(1174): Slim\Middleware\PrettyExceptions->call()
#18 C:\xampp\htdocs\bcms2\public\index.php(23): Slim\Slim->run()
#19 {main}
ERROR - 2012-12-20T14:42:42+01:00 - exception 'ErrorException' with message 'Trying to get property of non-object' in C:\xampp\htdocs\bcms2\app\controller\MenuController.php:132
Stack trace:
#0 C:\xampp\htdocs\bcms2\app\controller\MenuController.php(132): Slim\Slim::handleErrors(8, 'Trying to get p...', 'C:\xampp\htdocs...', 132, Array)
#1 [internal function]: MenuController->menu(1)
#2 C:\xampp\htdocs\bcms2\vendor\twig\twig\lib\Twig\Template.php(436): call_user_func_array(Array, Array)
#3 C:\xampp\htdocs\bcms2\vendor\twig\twig\lib\Twig\Environment.php(321) : eval()'d code(87): Twig_Template->getAttribute(Object(MenuController), 'menu', Array, 'method')
#4 [internal function]: __TwigTemplate_04777d7e2b0cb6a5684d893531538301->block_content(Array, Array)
#5 C:\xampp\htdocs\bcms2\vendor\twig\twig\lib\Twig\Template.php(134): call_user_func(Array, Array, Array)
#6 C:\xampp\htdocs\bcms2\vendor\twig\twig\lib\Twig\Environment.php(321) : eval()'d code(54): Twig_Template->displayBlock('content', Array, Array)
#7 C:\xampp\htdocs\bcms2\vendor\twig\twig\lib\Twig\Template.php(265): __TwigTemplate_a9ecf5a1ed9a88722e373d7c71fd1dab->doDisplay(Array, Array)
#8 C:\xampp\htdocs\bcms2\vendor\twig\twig\lib\Twig\Template.php(239): Twig_Template->displayWithErrorHandling(Array, Array)
#9 C:\xampp\htdocs\bcms2\vendor\twig\twig\lib\Twig\Environment.php(321) : eval()'d code(24): Twig_Template->display(Array, Array)
#10 C:\xampp\htdocs\bcms2\vendor\twig\twig\lib\Twig\Template.php(265): __TwigTemplate_04777d7e2b0cb6a5684d893531538301->doDisplay(Array, Array)
#11 C:\xampp\htdocs\bcms2\vendor\twig\twig\lib\Twig\Template.php(239): Twig_Template->displayWithErrorHandling(Array, Array)
#12 C:\xampp\htdocs\bcms2\vendor\twig\twig\lib\Twig\Template.php(250): Twig_Template->display(Array)
#13 C:\xampp\htdocs\bcms2\vendor\slim\extras\Slim\Extras\Views\Twig.php(99): Twig_Template->render(Array)
#14 C:\xampp\htdocs\bcms2\vendor\slim\slim\Slim\View.php(195): Slim\Extras\Views\Twig->render('pages/default.t...')
#15 C:\xampp\htdocs\bcms2\vendor\slim\slim\Slim\View.php(182): Slim\View->fetch('pages/default.t...')
#16 C:\xampp\htdocs\bcms2\vendor\slim\slim\Slim\Slim.php(672): Slim\View->display('pages/default.t...')
#17 C:\xampp\htdocs\bcms2\app\routes\pages.php(40): Slim\Slim->render('pages/default.t...', Array)
#18 [internal function]: {closure}(Array)
#19 C:\xampp\htdocs\bcms2\vendor\slim\slim\Slim\Router.php(172): call_user_func_array(Object(Closure), Array)
#20 C:\xampp\htdocs\bcms2\vendor\slim\slim\Slim\Slim.php(1222): Slim\Router->dispatch(Object(Slim\Route))
#21 C:\xampp\htdocs\bcms2\vendor\slim\slim\Slim\Middleware\Flash.php(86): Slim\Slim->call()
#22 C:\xampp\htdocs\bcms2\vendor\slim\slim\Slim\Middleware\MethodOverride.php(94): Slim\Middleware\Flash->call()
#23 C:\xampp\htdocs\bcms2\vendor\slim\slim\Slim\Middleware\SessionCookie.php(116): Slim\Middleware\MethodOverride->call()
#24 C:\xampp\htdocs\bcms2\vendor\slim\slim\Slim\Middleware\PrettyExceptions.php(67): Slim\Middleware\SessionCookie->call()
#25 C:\xampp\htdocs\bcms2\vendor\slim\slim\Slim\Slim.php(1174): Slim\Middleware\PrettyExceptions->call()
#26 C:\xampp\htdocs\bcms2\public\index.php(23): Slim\Slim->run()
#27 {main}

Next exception 'Twig_Error_Runtime' with message 'An exception has been thrown during the rendering of a template ("Trying to get property of non-object") in "pages/default.twig" at line 23.' in C:\xampp\htdocs\bcms2\vendor\twig\twig\lib\Twig\Template.php:280
Stack trace:
#0 C:\xampp\htdocs\bcms2\vendor\twig\twig\lib\Twig\Template.php(239): Twig_Template->displayWithErrorHandling(Array, Array)
#1 C:\xampp\htdocs\bcms2\vendor\twig\twig\lib\Twig\Environment.php(321) : eval()'d code(24): Twig_Template->display(Array, Array)
#2 C:\xampp\htdocs\bcms2\vendor\twig\twig\lib\Twig\Template.php(265): __TwigTemplate_04777d7e2b0cb6a5684d893531538301->doDisplay(Array, Array)
#3 C:\xampp\htdocs\bcms2\vendor\twig\twig\lib\Twig\Template.php(239): Twig_Template->displayWithErrorHandling(Array, Array)
#4 C:\xampp\htdocs\bcms2\vendor\twig\twig\lib\Twig\Template.php(250): Twig_Template->display(Array)
#5 C:\xampp\htdocs\bcms2\vendor\slim\extras\Slim\Extras\Views\Twig.php(99): Twig_Template->render(Array)
#6 C:\xampp\htdocs\bcms2\vendor\slim\slim\Slim\View.php(195): Slim\Extras\Views\Twig->render('pages/default.t...')
#7 C:\xampp\htdocs\bcms2\vendor\slim\slim\Slim\View.php(182): Slim\View->fetch('pages/default.t...')
#8 C:\xampp\htdocs\bcms2\vendor\slim\slim\Slim\Slim.php(672): Slim\View->display('pages/default.t...')
#9 C:\xampp\htdocs\bcms2\app\routes\pages.php(40): Slim\Slim->render('pages/default.t...', Array)
#10 [internal function]: {closure}(Array)
#11 C:\xampp\htdocs\bcms2\vendor\slim\slim\Slim\Router.php(172): call_user_func_array(Object(Closure), Array)
#12 C:\xampp\htdocs\bcms2\vendor\slim\slim\Slim\Slim.php(1222): Slim\Router->dispatch(Object(Slim\Route))
#13 C:\xampp\htdocs\bcms2\vendor\slim\slim\Slim\Middleware\Flash.php(86): Slim\Slim->call()
#14 C:\xampp\htdocs\bcms2\vendor\slim\slim\Slim\Middleware\MethodOverride.php(94): Slim\Middleware\Flash->call()
#15 C:\xampp\htdocs\bcms2\vendor\slim\slim\Slim\Middleware\SessionCookie.php(116): Slim\Middleware\MethodOverride->call()
#16 C:\xampp\htdocs\bcms2\vendor\slim\slim\Slim\Middleware\PrettyExceptions.php(67): Slim\Middleware\SessionCookie->call()
#17 C:\xampp\htdocs\bcms2\vendor\slim\slim\Slim\Slim.php(1174): Slim\Middleware\PrettyExceptions->call()
#18 C:\xampp\htdocs\bcms2\public\index.php(23): Slim\Slim->run()
#19 {main}
ERROR - 2012-12-20T14:42:47+01:00 - exception 'ErrorException' with message 'Trying to get property of non-object' in C:\xampp\htdocs\bcms2\app\controller\MenuController.php:132
Stack trace:
#0 C:\xampp\htdocs\bcms2\app\controller\MenuController.php(132): Slim\Slim::handleErrors(8, 'Trying to get p...', 'C:\xampp\htdocs...', 132, Array)
#1 [internal function]: MenuController->menu(1)
#2 C:\xampp\htdocs\bcms2\vendor\twig\twig\lib\Twig\Template.php(436): call_user_func_array(Array, Array)
#3 C:\xampp\htdocs\bcms2\vendor\twig\twig\lib\Twig\Environment.php(321) : eval()'d code(87): Twig_Template->getAttribute(Object(MenuController), 'menu', Array, 'method')
#4 [internal function]: __TwigTemplate_04777d7e2b0cb6a5684d893531538301->block_content(Array, Array)
#5 C:\xampp\htdocs\bcms2\vendor\twig\twig\lib\Twig\Template.php(134): call_user_func(Array, Array, Array)
#6 C:\xampp\htdocs\bcms2\vendor\twig\twig\lib\Twig\Environment.php(321) : eval()'d code(54): Twig_Template->displayBlock('content', Array, Array)
#7 C:\xampp\htdocs\bcms2\vendor\twig\twig\lib\Twig\Template.php(265): __TwigTemplate_a9ecf5a1ed9a88722e373d7c71fd1dab->doDisplay(Array, Array)
#8 C:\xampp\htdocs\bcms2\vendor\twig\twig\lib\Twig\Template.php(239): Twig_Template->displayWithErrorHandling(Array, Array)
#9 C:\xampp\htdocs\bcms2\vendor\twig\twig\lib\Twig\Environment.php(321) : eval()'d code(24): Twig_Template->display(Array, Array)
#10 C:\xampp\htdocs\bcms2\vendor\twig\twig\lib\Twig\Template.php(265): __TwigTemplate_04777d7e2b0cb6a5684d893531538301->doDisplay(Array, Array)
#11 C:\xampp\htdocs\bcms2\vendor\twig\twig\lib\Twig\Template.php(239): Twig_Template->displayWithErrorHandling(Array, Array)
#12 C:\xampp\htdocs\bcms2\vendor\twig\twig\lib\Twig\Template.php(250): Twig_Template->display(Array)
#13 C:\xampp\htdocs\bcms2\vendor\slim\extras\Slim\Extras\Views\Twig.php(99): Twig_Template->render(Array)
#14 C:\xampp\htdocs\bcms2\vendor\slim\slim\Slim\View.php(195): Slim\Extras\Views\Twig->render('pages/default.t...')
#15 C:\xampp\htdocs\bcms2\vendor\slim\slim\Slim\View.php(182): Slim\View->fetch('pages/default.t...')
#16 C:\xampp\htdocs\bcms2\vendor\slim\slim\Slim\Slim.php(672): Slim\View->display('pages/default.t...')
#17 C:\xampp\htdocs\bcms2\app\routes\pages.php(40): Slim\Slim->render('pages/default.t...', Array)
#18 [internal function]: {closure}(Array)
#19 C:\xampp\htdocs\bcms2\vendor\slim\slim\Slim\Router.php(172): call_user_func_array(Object(Closure), Array)
#20 C:\xampp\htdocs\bcms2\vendor\slim\slim\Slim\Slim.php(1222): Slim\Router->dispatch(Object(Slim\Route))
#21 C:\xampp\htdocs\bcms2\vendor\slim\slim\Slim\Middleware\Flash.php(86): Slim\Slim->call()
#22 C:\xampp\htdocs\bcms2\vendor\slim\slim\Slim\Middleware\MethodOverride.php(94): Slim\Middleware\Flash->call()
#23 C:\xampp\htdocs\bcms2\vendor\slim\slim\Slim\Middleware\SessionCookie.php(116): Slim\Middleware\MethodOverride->call()
#24 C:\xampp\htdocs\bcms2\vendor\slim\slim\Slim\Middleware\PrettyExceptions.php(67): Slim\Middleware\SessionCookie->call()
#25 C:\xampp\htdocs\bcms2\vendor\slim\slim\Slim\Slim.php(1174): Slim\Middleware\PrettyExceptions->call()
#26 C:\xampp\htdocs\bcms2\public\index.php(23): Slim\Slim->run()
#27 {main}

Next exception 'Twig_Error_Runtime' with message 'An exception has been thrown during the rendering of a template ("Trying to get property of non-object") in "pages/default.twig" at line 23.' in C:\xampp\htdocs\bcms2\vendor\twig\twig\lib\Twig\Template.php:280
Stack trace:
#0 C:\xampp\htdocs\bcms2\vendor\twig\twig\lib\Twig\Template.php(239): Twig_Template->displayWithErrorHandling(Array, Array)
#1 C:\xampp\htdocs\bcms2\vendor\twig\twig\lib\Twig\Environment.php(321) : eval()'d code(24): Twig_Template->display(Array, Array)
#2 C:\xampp\htdocs\bcms2\vendor\twig\twig\lib\Twig\Template.php(265): __TwigTemplate_04777d7e2b0cb6a5684d893531538301->doDisplay(Array, Array)
#3 C:\xampp\htdocs\bcms2\vendor\twig\twig\lib\Twig\Template.php(239): Twig_Template->displayWithErrorHandling(Array, Array)
#4 C:\xampp\htdocs\bcms2\vendor\twig\twig\lib\Twig\Template.php(250): Twig_Template->display(Array)
#5 C:\xampp\htdocs\bcms2\vendor\slim\extras\Slim\Extras\Views\Twig.php(99): Twig_Template->render(Array)
#6 C:\xampp\htdocs\bcms2\vendor\slim\slim\Slim\View.php(195): Slim\Extras\Views\Twig->render('pages/default.t...')
#7 C:\xampp\htdocs\bcms2\vendor\slim\slim\Slim\View.php(182): Slim\View->fetch('pages/default.t...')
#8 C:\xampp\htdocs\bcms2\vendor\slim\slim\Slim\Slim.php(672): Slim\View->display('pages/default.t...')
#9 C:\xampp\htdocs\bcms2\app\routes\pages.php(40): Slim\Slim->render('pages/default.t...', Array)
#10 [internal function]: {closure}(Array)
#11 C:\xampp\htdocs\bcms2\vendor\slim\slim\Slim\Router.php(172): call_user_func_array(Object(Closure), Array)
#12 C:\xampp\htdocs\bcms2\vendor\slim\slim\Slim\Slim.php(1222): Slim\Router->dispatch(Object(Slim\Route))
#13 C:\xampp\htdocs\bcms2\vendor\slim\slim\Slim\Middleware\Flash.php(86): Slim\Slim->call()
#14 C:\xampp\htdocs\bcms2\vendor\slim\slim\Slim\Middleware\MethodOverride.php(94): Slim\Middleware\Flash->call()
#15 C:\xampp\htdocs\bcms2\vendor\slim\slim\Slim\Middleware\SessionCookie.php(116): Slim\Middleware\MethodOverride->call()
#16 C:\xampp\htdocs\bcms2\vendor\slim\slim\Slim\Middleware\PrettyExceptions.php(67): Slim\Middleware\SessionCookie->call()
#17 C:\xampp\htdocs\bcms2\vendor\slim\slim\Slim\Slim.php(1174): Slim\Middleware\PrettyExceptions->call()
#18 C:\xampp\htdocs\bcms2\public\index.php(23): Slim\Slim->run()
#19 {main}
ERROR - 2012-12-20T14:42:48+01:00 - exception 'ErrorException' with message 'Trying to get property of non-object' in C:\xampp\htdocs\bcms2\app\controller\MenuController.php:132
Stack trace:
#0 C:\xampp\htdocs\bcms2\app\controller\MenuController.php(132): Slim\Slim::handleErrors(8, 'Trying to get p...', 'C:\xampp\htdocs...', 132, Array)
#1 [internal function]: MenuController->menu(1)
#2 C:\xampp\htdocs\bcms2\vendor\twig\twig\lib\Twig\Template.php(436): call_user_func_array(Array, Array)
#3 C:\xampp\htdocs\bcms2\vendor\twig\twig\lib\Twig\Environment.php(321) : eval()'d code(87): Twig_Template->getAttribute(Object(MenuController), 'menu', Array, 'method')
#4 [internal function]: __TwigTemplate_04777d7e2b0cb6a5684d893531538301->block_content(Array, Array)
#5 C:\xampp\htdocs\bcms2\vendor\twig\twig\lib\Twig\Template.php(134): call_user_func(Array, Array, Array)
#6 C:\xampp\htdocs\bcms2\vendor\twig\twig\lib\Twig\Environment.php(321) : eval()'d code(54): Twig_Template->displayBlock('content', Array, Array)
#7 C:\xampp\htdocs\bcms2\vendor\twig\twig\lib\Twig\Template.php(265): __TwigTemplate_a9ecf5a1ed9a88722e373d7c71fd1dab->doDisplay(Array, Array)
#8 C:\xampp\htdocs\bcms2\vendor\twig\twig\lib\Twig\Template.php(239): Twig_Template->displayWithErrorHandling(Array, Array)
#9 C:\xampp\htdocs\bcms2\vendor\twig\twig\lib\Twig\Environment.php(321) : eval()'d code(24): Twig_Template->display(Array, Array)
#10 C:\xampp\htdocs\bcms2\vendor\twig\twig\lib\Twig\Template.php(265): __TwigTemplate_04777d7e2b0cb6a5684d893531538301->doDisplay(Array, Array)
#11 C:\xampp\htdocs\bcms2\vendor\twig\twig\lib\Twig\Template.php(239): Twig_Template->displayWithErrorHandling(Array, Array)
#12 C:\xampp\htdocs\bcms2\vendor\twig\twig\lib\Twig\Template.php(250): Twig_Template->display(Array)
#13 C:\xampp\htdocs\bcms2\vendor\slim\extras\Slim\Extras\Views\Twig.php(99): Twig_Template->render(Array)
#14 C:\xampp\htdocs\bcms2\vendor\slim\slim\Slim\View.php(195): Slim\Extras\Views\Twig->render('pages/default.t...')
#15 C:\xampp\htdocs\bcms2\vendor\slim\slim\Slim\View.php(182): Slim\View->fetch('pages/default.t...')
#16 C:\xampp\htdocs\bcms2\vendor\slim\slim\Slim\Slim.php(672): Slim\View->display('pages/default.t...')
#17 C:\xampp\htdocs\bcms2\app\routes\pages.php(40): Slim\Slim->render('pages/default.t...', Array)
#18 [internal function]: {closure}(Array)
#19 C:\xampp\htdocs\bcms2\vendor\slim\slim\Slim\Router.php(172): call_user_func_array(Object(Closure), Array)
#20 C:\xampp\htdocs\bcms2\vendor\slim\slim\Slim\Slim.php(1222): Slim\Router->dispatch(Object(Slim\Route))
#21 C:\xampp\htdocs\bcms2\vendor\slim\slim\Slim\Middleware\Flash.php(86): Slim\Slim->call()
#22 C:\xampp\htdocs\bcms2\vendor\slim\slim\Slim\Middleware\MethodOverride.php(94): Slim\Middleware\Flash->call()
#23 C:\xampp\htdocs\bcms2\vendor\slim\slim\Slim\Middleware\SessionCookie.php(116): Slim\Middleware\MethodOverride->call()
#24 C:\xampp\htdocs\bcms2\vendor\slim\slim\Slim\Middleware\PrettyExceptions.php(67): Slim\Middleware\SessionCookie->call()
#25 C:\xampp\htdocs\bcms2\vendor\slim\slim\Slim\Slim.php(1174): Slim\Middleware\PrettyExceptions->call()
#26 C:\xampp\htdocs\bcms2\public\index.php(23): Slim\Slim->run()
#27 {main}

Next exception 'Twig_Error_Runtime' with message 'An exception has been thrown during the rendering of a template ("Trying to get property of non-object") in "pages/default.twig" at line 23.' in C:\xampp\htdocs\bcms2\vendor\twig\twig\lib\Twig\Template.php:280
Stack trace:
#0 C:\xampp\htdocs\bcms2\vendor\twig\twig\lib\Twig\Template.php(239): Twig_Template->displayWithErrorHandling(Array, Array)
#1 C:\xampp\htdocs\bcms2\vendor\twig\twig\lib\Twig\Environment.php(321) : eval()'d code(24): Twig_Template->display(Array, Array)
#2 C:\xampp\htdocs\bcms2\vendor\twig\twig\lib\Twig\Template.php(265): __TwigTemplate_04777d7e2b0cb6a5684d893531538301->doDisplay(Array, Array)
#3 C:\xampp\htdocs\bcms2\vendor\twig\twig\lib\Twig\Template.php(239): Twig_Template->displayWithErrorHandling(Array, Array)
#4 C:\xampp\htdocs\bcms2\vendor\twig\twig\lib\Twig\Template.php(250): Twig_Template->display(Array)
#5 C:\xampp\htdocs\bcms2\vendor\slim\extras\Slim\Extras\Views\Twig.php(99): Twig_Template->render(Array)
#6 C:\xampp\htdocs\bcms2\vendor\slim\slim\Slim\View.php(195): Slim\Extras\Views\Twig->render('pages/default.t...')
#7 C:\xampp\htdocs\bcms2\vendor\slim\slim\Slim\View.php(182): Slim\View->fetch('pages/default.t...')
#8 C:\xampp\htdocs\bcms2\vendor\slim\slim\Slim\Slim.php(672): Slim\View->display('pages/default.t...')
#9 C:\xampp\htdocs\bcms2\app\routes\pages.php(40): Slim\Slim->render('pages/default.t...', Array)
#10 [internal function]: {closure}(Array)
#11 C:\xampp\htdocs\bcms2\vendor\slim\slim\Slim\Router.php(172): call_user_func_array(Object(Closure), Array)
#12 C:\xampp\htdocs\bcms2\vendor\slim\slim\Slim\Slim.php(1222): Slim\Router->dispatch(Object(Slim\Route))
#13 C:\xampp\htdocs\bcms2\vendor\slim\slim\Slim\Middleware\Flash.php(86): Slim\Slim->call()
#14 C:\xampp\htdocs\bcms2\vendor\slim\slim\Slim\Middleware\MethodOverride.php(94): Slim\Middleware\Flash->call()
#15 C:\xampp\htdocs\bcms2\vendor\slim\slim\Slim\Middleware\SessionCookie.php(116): Slim\Middleware\MethodOverride->call()
#16 C:\xampp\htdocs\bcms2\vendor\slim\slim\Slim\Middleware\PrettyExceptions.php(67): Slim\Middleware\SessionCookie->call()
#17 C:\xampp\htdocs\bcms2\vendor\slim\slim\Slim\Slim.php(1174): Slim\Middleware\PrettyExceptions->call()
#18 C:\xampp\htdocs\bcms2\public\index.php(23): Slim\Slim->run()
#19 {main}
ERROR - 2012-12-20T14:43:08+01:00 - exception 'ErrorException' with message 'Trying to get property of non-object' in C:\xampp\htdocs\bcms2\app\controller\MenuController.php:132
Stack trace:
#0 C:\xampp\htdocs\bcms2\app\controller\MenuController.php(132): Slim\Slim::handleErrors(8, 'Trying to get p...', 'C:\xampp\htdocs...', 132, Array)
#1 [internal function]: MenuController->menu(1)
#2 C:\xampp\htdocs\bcms2\vendor\twig\twig\lib\Twig\Template.php(436): call_user_func_array(Array, Array)
#3 C:\xampp\htdocs\bcms2\vendor\twig\twig\lib\Twig\Environment.php(321) : eval()'d code(89): Twig_Template->getAttribute(Object(MenuController), 'menu', Array, 'method')
#4 [internal function]: __TwigTemplate_04777d7e2b0cb6a5684d893531538301->block_content(Array, Array)
#5 C:\xampp\htdocs\bcms2\vendor\twig\twig\lib\Twig\Template.php(134): call_user_func(Array, Array, Array)
#6 C:\xampp\htdocs\bcms2\vendor\twig\twig\lib\Twig\Environment.php(321) : eval()'d code(54): Twig_Template->displayBlock('content', Array, Array)
#7 C:\xampp\htdocs\bcms2\vendor\twig\twig\lib\Twig\Template.php(265): __TwigTemplate_a9ecf5a1ed9a88722e373d7c71fd1dab->doDisplay(Array, Array)
#8 C:\xampp\htdocs\bcms2\vendor\twig\twig\lib\Twig\Template.php(239): Twig_Template->displayWithErrorHandling(Array, Array)
#9 C:\xampp\htdocs\bcms2\vendor\twig\twig\lib\Twig\Environment.php(321) : eval()'d code(24): Twig_Template->display(Array, Array)
#10 C:\xampp\htdocs\bcms2\vendor\twig\twig\lib\Twig\Template.php(265): __TwigTemplate_04777d7e2b0cb6a5684d893531538301->doDisplay(Array, Array)
#11 C:\xampp\htdocs\bcms2\vendor\twig\twig\lib\Twig\Template.php(239): Twig_Template->displayWithErrorHandling(Array, Array)
#12 C:\xampp\htdocs\bcms2\vendor\twig\twig\lib\Twig\Template.php(250): Twig_Template->display(Array)
#13 C:\xampp\htdocs\bcms2\vendor\slim\extras\Slim\Extras\Views\Twig.php(99): Twig_Template->render(Array)
#14 C:\xampp\htdocs\bcms2\vendor\slim\slim\Slim\View.php(195): Slim\Extras\Views\Twig->render('pages/default.t...')
#15 C:\xampp\htdocs\bcms2\vendor\slim\slim\Slim\View.php(182): Slim\View->fetch('pages/default.t...')
#16 C:\xampp\htdocs\bcms2\vendor\slim\slim\Slim\Slim.php(672): Slim\View->display('pages/default.t...')
#17 C:\xampp\htdocs\bcms2\app\routes\pages.php(40): Slim\Slim->render('pages/default.t...', Array)
#18 [internal function]: {closure}(Array)
#19 C:\xampp\htdocs\bcms2\vendor\slim\slim\Slim\Router.php(172): call_user_func_array(Object(Closure), Array)
#20 C:\xampp\htdocs\bcms2\vendor\slim\slim\Slim\Slim.php(1222): Slim\Router->dispatch(Object(Slim\Route))
#21 C:\xampp\htdocs\bcms2\vendor\slim\slim\Slim\Middleware\Flash.php(86): Slim\Slim->call()
#22 C:\xampp\htdocs\bcms2\vendor\slim\slim\Slim\Middleware\MethodOverride.php(94): Slim\Middleware\Flash->call()
#23 C:\xampp\htdocs\bcms2\vendor\slim\slim\Slim\Middleware\SessionCookie.php(116): Slim\Middleware\MethodOverride->call()
#24 C:\xampp\htdocs\bcms2\vendor\slim\slim\Slim\Middleware\PrettyExceptions.php(67): Slim\Middleware\SessionCookie->call()
#25 C:\xampp\htdocs\bcms2\vendor\slim\slim\Slim\Slim.php(1174): Slim\Middleware\PrettyExceptions->call()
#26 C:\xampp\htdocs\bcms2\public\index.php(23): Slim\Slim->run()
#27 {main}

Next exception 'Twig_Error_Runtime' with message 'An exception has been thrown during the rendering of a template ("Trying to get property of non-object") in "pages/default.twig" at line 25.' in C:\xampp\htdocs\bcms2\vendor\twig\twig\lib\Twig\Template.php:280
Stack trace:
#0 C:\xampp\htdocs\bcms2\vendor\twig\twig\lib\Twig\Template.php(239): Twig_Template->displayWithErrorHandling(Array, Array)
#1 C:\xampp\htdocs\bcms2\vendor\twig\twig\lib\Twig\Environment.php(321) : eval()'d code(24): Twig_Template->display(Array, Array)
#2 C:\xampp\htdocs\bcms2\vendor\twig\twig\lib\Twig\Template.php(265): __TwigTemplate_04777d7e2b0cb6a5684d893531538301->doDisplay(Array, Array)
#3 C:\xampp\htdocs\bcms2\vendor\twig\twig\lib\Twig\Template.php(239): Twig_Template->displayWithErrorHandling(Array, Array)
#4 C:\xampp\htdocs\bcms2\vendor\twig\twig\lib\Twig\Template.php(250): Twig_Template->display(Array)
#5 C:\xampp\htdocs\bcms2\vendor\slim\extras\Slim\Extras\Views\Twig.php(99): Twig_Template->render(Array)
#6 C:\xampp\htdocs\bcms2\vendor\slim\slim\Slim\View.php(195): Slim\Extras\Views\Twig->render('pages/default.t...')
#7 C:\xampp\htdocs\bcms2\vendor\slim\slim\Slim\View.php(182): Slim\View->fetch('pages/default.t...')
#8 C:\xampp\htdocs\bcms2\vendor\slim\slim\Slim\Slim.php(672): Slim\View->display('pages/default.t...')
#9 C:\xampp\htdocs\bcms2\app\routes\pages.php(40): Slim\Slim->render('pages/default.t...', Array)
#10 [internal function]: {closure}(Array)
#11 C:\xampp\htdocs\bcms2\vendor\slim\slim\Slim\Router.php(172): call_user_func_array(Object(Closure), Array)
#12 C:\xampp\htdocs\bcms2\vendor\slim\slim\Slim\Slim.php(1222): Slim\Router->dispatch(Object(Slim\Route))
#13 C:\xampp\htdocs\bcms2\vendor\slim\slim\Slim\Middleware\Flash.php(86): Slim\Slim->call()
#14 C:\xampp\htdocs\bcms2\vendor\slim\slim\Slim\Middleware\MethodOverride.php(94): Slim\Middleware\Flash->call()
#15 C:\xampp\htdocs\bcms2\vendor\slim\slim\Slim\Middleware\SessionCookie.php(116): Slim\Middleware\MethodOverride->call()
#16 C:\xampp\htdocs\bcms2\vendor\slim\slim\Slim\Middleware\PrettyExceptions.php(67): Slim\Middleware\SessionCookie->call()
#17 C:\xampp\htdocs\bcms2\vendor\slim\slim\Slim\Slim.php(1174): Slim\Middleware\PrettyExceptions->call()
#18 C:\xampp\htdocs\bcms2\public\index.php(23): Slim\Slim->run()
#19 {main}
ERROR - 2012-12-20T14:57:55+01:00 - exception 'ErrorException' with message 'Trying to get property of non-object' in C:\xampp\htdocs\bcms2\app\controller\MenuController.php:131
Stack trace:
#0 C:\xampp\htdocs\bcms2\app\controller\MenuController.php(131): Slim\Slim::handleErrors(8, 'Trying to get p...', 'C:\xampp\htdocs...', 131, Array)
#1 [internal function]: MenuController->menu(1)
#2 C:\xampp\htdocs\bcms2\vendor\twig\twig\lib\Twig\Template.php(436): call_user_func_array(Array, Array)
#3 C:\xampp\htdocs\bcms2\vendor\twig\twig\lib\Twig\Environment.php(321) : eval()'d code(65): Twig_Template->getAttribute(Object(MenuController), 'menu', Array, 'method')
#4 C:\xampp\htdocs\bcms2\vendor\twig\twig\lib\Twig\Template.php(265): __TwigTemplate_a9ecf5a1ed9a88722e373d7c71fd1dab->doDisplay(Array, Array)
#5 C:\xampp\htdocs\bcms2\vendor\twig\twig\lib\Twig\Template.php(239): Twig_Template->displayWithErrorHandling(Array, Array)
#6 C:\xampp\htdocs\bcms2\vendor\twig\twig\lib\Twig\Environment.php(321) : eval()'d code(24): Twig_Template->display(Array, Array)
#7 C:\xampp\htdocs\bcms2\vendor\twig\twig\lib\Twig\Template.php(265): __TwigTemplate_04777d7e2b0cb6a5684d893531538301->doDisplay(Array, Array)
#8 C:\xampp\htdocs\bcms2\vendor\twig\twig\lib\Twig\Template.php(239): Twig_Template->displayWithErrorHandling(Array, Array)
#9 C:\xampp\htdocs\bcms2\vendor\twig\twig\lib\Twig\Template.php(250): Twig_Template->display(Array)
#10 C:\xampp\htdocs\bcms2\vendor\slim\extras\Slim\Extras\Views\Twig.php(99): Twig_Template->render(Array)
#11 C:\xampp\htdocs\bcms2\vendor\slim\slim\Slim\View.php(195): Slim\Extras\Views\Twig->render('pages/default.t...')
#12 C:\xampp\htdocs\bcms2\vendor\slim\slim\Slim\View.php(182): Slim\View->fetch('pages/default.t...')
#13 C:\xampp\htdocs\bcms2\vendor\slim\slim\Slim\Slim.php(672): Slim\View->display('pages/default.t...')
#14 C:\xampp\htdocs\bcms2\app\routes\pages.php(40): Slim\Slim->render('pages/default.t...', Array)
#15 [internal function]: {closure}(Array)
#16 C:\xampp\htdocs\bcms2\vendor\slim\slim\Slim\Router.php(172): call_user_func_array(Object(Closure), Array)
#17 C:\xampp\htdocs\bcms2\vendor\slim\slim\Slim\Slim.php(1222): Slim\Router->dispatch(Object(Slim\Route))
#18 C:\xampp\htdocs\bcms2\vendor\slim\slim\Slim\Middleware\Flash.php(86): Slim\Slim->call()
#19 C:\xampp\htdocs\bcms2\vendor\slim\slim\Slim\Middleware\MethodOverride.php(94): Slim\Middleware\Flash->call()
#20 C:\xampp\htdocs\bcms2\vendor\slim\slim\Slim\Middleware\SessionCookie.php(116): Slim\Middleware\MethodOverride->call()
#21 C:\xampp\htdocs\bcms2\vendor\slim\slim\Slim\Middleware\PrettyExceptions.php(67): Slim\Middleware\SessionCookie->call()
#22 C:\xampp\htdocs\bcms2\vendor\slim\slim\Slim\Slim.php(1174): Slim\Middleware\PrettyExceptions->call()
#23 C:\xampp\htdocs\bcms2\public\index.php(23): Slim\Slim->run()
#24 {main}

Next exception 'Twig_Error_Runtime' with message 'An exception has been thrown during the rendering of a template ("Trying to get property of non-object") in "pages/default.twig" at line 11.' in C:\xampp\htdocs\bcms2\vendor\twig\twig\lib\Twig\Template.php:280
Stack trace:
#0 C:\xampp\htdocs\bcms2\vendor\twig\twig\lib\Twig\Template.php(239): Twig_Template->displayWithErrorHandling(Array, Array)
#1 C:\xampp\htdocs\bcms2\vendor\twig\twig\lib\Twig\Environment.php(321) : eval()'d code(24): Twig_Template->display(Array, Array)
#2 C:\xampp\htdocs\bcms2\vendor\twig\twig\lib\Twig\Template.php(265): __TwigTemplate_04777d7e2b0cb6a5684d893531538301->doDisplay(Array, Array)
#3 C:\xampp\htdocs\bcms2\vendor\twig\twig\lib\Twig\Template.php(239): Twig_Template->displayWithErrorHandling(Array, Array)
#4 C:\xampp\htdocs\bcms2\vendor\twig\twig\lib\Twig\Template.php(250): Twig_Template->display(Array)
#5 C:\xampp\htdocs\bcms2\vendor\slim\extras\Slim\Extras\Views\Twig.php(99): Twig_Template->render(Array)
#6 C:\xampp\htdocs\bcms2\vendor\slim\slim\Slim\View.php(195): Slim\Extras\Views\Twig->render('pages/default.t...')
#7 C:\xampp\htdocs\bcms2\vendor\slim\slim\Slim\View.php(182): Slim\View->fetch('pages/default.t...')
#8 C:\xampp\htdocs\bcms2\vendor\slim\slim\Slim\Slim.php(672): Slim\View->display('pages/default.t...')
#9 C:\xampp\htdocs\bcms2\app\routes\pages.php(40): Slim\Slim->render('pages/default.t...', Array)
#10 [internal function]: {closure}(Array)
#11 C:\xampp\htdocs\bcms2\vendor\slim\slim\Slim\Router.php(172): call_user_func_array(Object(Closure), Array)
#12 C:\xampp\htdocs\bcms2\vendor\slim\slim\Slim\Slim.php(1222): Slim\Router->dispatch(Object(Slim\Route))
#13 C:\xampp\htdocs\bcms2\vendor\slim\slim\Slim\Middleware\Flash.php(86): Slim\Slim->call()
#14 C:\xampp\htdocs\bcms2\vendor\slim\slim\Slim\Middleware\MethodOverride.php(94): Slim\Middleware\Flash->call()
#15 C:\xampp\htdocs\bcms2\vendor\slim\slim\Slim\Middleware\SessionCookie.php(116): Slim\Middleware\MethodOverride->call()
#16 C:\xampp\htdocs\bcms2\vendor\slim\slim\Slim\Middleware\PrettyExceptions.php(67): Slim\Middleware\SessionCookie->call()
#17 C:\xampp\htdocs\bcms2\vendor\slim\slim\Slim\Slim.php(1174): Slim\Middleware\PrettyExceptions->call()
#18 C:\xampp\htdocs\bcms2\public\index.php(23): Slim\Slim->run()
#19 {main}
ERROR - 2012-12-20T15:00:17+01:00 - exception 'ErrorException' with message 'Trying to get property of non-object' in C:\xampp\htdocs\bcms2\app\controller\MenuController.php:131
Stack trace:
#0 C:\xampp\htdocs\bcms2\app\controller\MenuController.php(131): Slim\Slim::handleErrors(8, 'Trying to get p...', 'C:\xampp\htdocs...', 131, Array)
#1 [internal function]: MenuController->menu(1)
#2 C:\xampp\htdocs\bcms2\vendor\twig\twig\lib\Twig\Template.php(436): call_user_func_array(Array, Array)
#3 C:\xampp\htdocs\bcms2\vendor\twig\twig\lib\Twig\Environment.php(321) : eval()'d code(65): Twig_Template->getAttribute(Object(MenuController), 'menu', Array, 'method')
#4 C:\xampp\htdocs\bcms2\vendor\twig\twig\lib\Twig\Template.php(265): __TwigTemplate_a9ecf5a1ed9a88722e373d7c71fd1dab->doDisplay(Array, Array)
#5 C:\xampp\htdocs\bcms2\vendor\twig\twig\lib\Twig\Template.php(239): Twig_Template->displayWithErrorHandling(Array, Array)
#6 C:\xampp\htdocs\bcms2\vendor\twig\twig\lib\Twig\Environment.php(321) : eval()'d code(24): Twig_Template->display(Array, Array)
#7 C:\xampp\htdocs\bcms2\vendor\twig\twig\lib\Twig\Template.php(265): __TwigTemplate_04777d7e2b0cb6a5684d893531538301->doDisplay(Array, Array)
#8 C:\xampp\htdocs\bcms2\vendor\twig\twig\lib\Twig\Template.php(239): Twig_Template->displayWithErrorHandling(Array, Array)
#9 C:\xampp\htdocs\bcms2\vendor\twig\twig\lib\Twig\Template.php(250): Twig_Template->display(Array)
#10 C:\xampp\htdocs\bcms2\vendor\slim\extras\Slim\Extras\Views\Twig.php(99): Twig_Template->render(Array)
#11 C:\xampp\htdocs\bcms2\vendor\slim\slim\Slim\View.php(195): Slim\Extras\Views\Twig->render('pages/default.t...')
#12 C:\xampp\htdocs\bcms2\vendor\slim\slim\Slim\View.php(182): Slim\View->fetch('pages/default.t...')
#13 C:\xampp\htdocs\bcms2\vendor\slim\slim\Slim\Slim.php(672): Slim\View->display('pages/default.t...')
#14 C:\xampp\htdocs\bcms2\app\routes\pages.php(40): Slim\Slim->render('pages/default.t...', Array)
#15 [internal function]: {closure}(Array)
#16 C:\xampp\htdocs\bcms2\vendor\slim\slim\Slim\Router.php(172): call_user_func_array(Object(Closure), Array)
#17 C:\xampp\htdocs\bcms2\vendor\slim\slim\Slim\Slim.php(1222): Slim\Router->dispatch(Object(Slim\Route))
#18 C:\xampp\htdocs\bcms2\vendor\slim\slim\Slim\Middleware\Flash.php(86): Slim\Slim->call()
#19 C:\xampp\htdocs\bcms2\vendor\slim\slim\Slim\Middleware\MethodOverride.php(94): Slim\Middleware\Flash->call()
#20 C:\xampp\htdocs\bcms2\vendor\slim\slim\Slim\Middleware\SessionCookie.php(116): Slim\Middleware\MethodOverride->call()
#21 C:\xampp\htdocs\bcms2\vendor\slim\slim\Slim\Middleware\PrettyExceptions.php(67): Slim\Middleware\SessionCookie->call()
#22 C:\xampp\htdocs\bcms2\vendor\slim\slim\Slim\Slim.php(1174): Slim\Middleware\PrettyExceptions->call()
#23 C:\xampp\htdocs\bcms2\public\index.php(23): Slim\Slim->run()
#24 {main}

Next exception 'Twig_Error_Runtime' with message 'An exception has been thrown during the rendering of a template ("Trying to get property of non-object") in "pages/default.twig" at line 11.' in C:\xampp\htdocs\bcms2\vendor\twig\twig\lib\Twig\Template.php:280
Stack trace:
#0 C:\xampp\htdocs\bcms2\vendor\twig\twig\lib\Twig\Template.php(239): Twig_Template->displayWithErrorHandling(Array, Array)
#1 C:\xampp\htdocs\bcms2\vendor\twig\twig\lib\Twig\Environment.php(321) : eval()'d code(24): Twig_Template->display(Array, Array)
#2 C:\xampp\htdocs\bcms2\vendor\twig\twig\lib\Twig\Template.php(265): __TwigTemplate_04777d7e2b0cb6a5684d893531538301->doDisplay(Array, Array)
#3 C:\xampp\htdocs\bcms2\vendor\twig\twig\lib\Twig\Template.php(239): Twig_Template->displayWithErrorHandling(Array, Array)
#4 C:\xampp\htdocs\bcms2\vendor\twig\twig\lib\Twig\Template.php(250): Twig_Template->display(Array)
#5 C:\xampp\htdocs\bcms2\vendor\slim\extras\Slim\Extras\Views\Twig.php(99): Twig_Template->render(Array)
#6 C:\xampp\htdocs\bcms2\vendor\slim\slim\Slim\View.php(195): Slim\Extras\Views\Twig->render('pages/default.t...')
#7 C:\xampp\htdocs\bcms2\vendor\slim\slim\Slim\View.php(182): Slim\View->fetch('pages/default.t...')
#8 C:\xampp\htdocs\bcms2\vendor\slim\slim\Slim\Slim.php(672): Slim\View->display('pages/default.t...')
#9 C:\xampp\htdocs\bcms2\app\routes\pages.php(40): Slim\Slim->render('pages/default.t...', Array)
#10 [internal function]: {closure}(Array)
#11 C:\xampp\htdocs\bcms2\vendor\slim\slim\Slim\Router.php(172): call_user_func_array(Object(Closure), Array)
#12 C:\xampp\htdocs\bcms2\vendor\slim\slim\Slim\Slim.php(1222): Slim\Router->dispatch(Object(Slim\Route))
#13 C:\xampp\htdocs\bcms2\vendor\slim\slim\Slim\Middleware\Flash.php(86): Slim\Slim->call()
#14 C:\xampp\htdocs\bcms2\vendor\slim\slim\Slim\Middleware\MethodOverride.php(94): Slim\Middleware\Flash->call()
#15 C:\xampp\htdocs\bcms2\vendor\slim\slim\Slim\Middleware\SessionCookie.php(116): Slim\Middleware\MethodOverride->call()
#16 C:\xampp\htdocs\bcms2\vendor\slim\slim\Slim\Middleware\PrettyExceptions.php(67): Slim\Middleware\SessionCookie->call()
#17 C:\xampp\htdocs\bcms2\vendor\slim\slim\Slim\Slim.php(1174): Slim\Middleware\PrettyExceptions->call()
#18 C:\xampp\htdocs\bcms2\public\index.php(23): Slim\Slim->run()
#19 {main}
ERROR - 2012-12-20T15:00:19+01:00 - exception 'ErrorException' with message 'Trying to get property of non-object' in C:\xampp\htdocs\bcms2\app\controller\MenuController.php:131
Stack trace:
#0 C:\xampp\htdocs\bcms2\app\controller\MenuController.php(131): Slim\Slim::handleErrors(8, 'Trying to get p...', 'C:\xampp\htdocs...', 131, Array)
#1 [internal function]: MenuController->menu(1)
#2 C:\xampp\htdocs\bcms2\vendor\twig\twig\lib\Twig\Template.php(436): call_user_func_array(Array, Array)
#3 C:\xampp\htdocs\bcms2\vendor\twig\twig\lib\Twig\Environment.php(321) : eval()'d code(65): Twig_Template->getAttribute(Object(MenuController), 'menu', Array, 'method')
#4 C:\xampp\htdocs\bcms2\vendor\twig\twig\lib\Twig\Template.php(265): __TwigTemplate_a9ecf5a1ed9a88722e373d7c71fd1dab->doDisplay(Array, Array)
#5 C:\xampp\htdocs\bcms2\vendor\twig\twig\lib\Twig\Template.php(239): Twig_Template->displayWithErrorHandling(Array, Array)
#6 C:\xampp\htdocs\bcms2\vendor\twig\twig\lib\Twig\Environment.php(321) : eval()'d code(24): Twig_Template->display(Array, Array)
#7 C:\xampp\htdocs\bcms2\vendor\twig\twig\lib\Twig\Template.php(265): __TwigTemplate_04777d7e2b0cb6a5684d893531538301->doDisplay(Array, Array)
#8 C:\xampp\htdocs\bcms2\vendor\twig\twig\lib\Twig\Template.php(239): Twig_Template->displayWithErrorHandling(Array, Array)
#9 C:\xampp\htdocs\bcms2\vendor\twig\twig\lib\Twig\Template.php(250): Twig_Template->display(Array)
#10 C:\xampp\htdocs\bcms2\vendor\slim\extras\Slim\Extras\Views\Twig.php(99): Twig_Template->render(Array)
#11 C:\xampp\htdocs\bcms2\vendor\slim\slim\Slim\View.php(195): Slim\Extras\Views\Twig->render('pages/default.t...')
#12 C:\xampp\htdocs\bcms2\vendor\slim\slim\Slim\View.php(182): Slim\View->fetch('pages/default.t...')
#13 C:\xampp\htdocs\bcms2\vendor\slim\slim\Slim\Slim.php(672): Slim\View->display('pages/default.t...')
#14 C:\xampp\htdocs\bcms2\app\routes\pages.php(40): Slim\Slim->render('pages/default.t...', Array)
#15 [internal function]: {closure}(Array)
#16 C:\xampp\htdocs\bcms2\vendor\slim\slim\Slim\Router.php(172): call_user_func_array(Object(Closure), Array)
#17 C:\xampp\htdocs\bcms2\vendor\slim\slim\Slim\Slim.php(1222): Slim\Router->dispatch(Object(Slim\Route))
#18 C:\xampp\htdocs\bcms2\vendor\slim\slim\Slim\Middleware\Flash.php(86): Slim\Slim->call()
#19 C:\xampp\htdocs\bcms2\vendor\slim\slim\Slim\Middleware\MethodOverride.php(94): Slim\Middleware\Flash->call()
#20 C:\xampp\htdocs\bcms2\vendor\slim\slim\Slim\Middleware\SessionCookie.php(116): Slim\Middleware\MethodOverride->call()
#21 C:\xampp\htdocs\bcms2\vendor\slim\slim\Slim\Middleware\PrettyExceptions.php(67): Slim\Middleware\SessionCookie->call()
#22 C:\xampp\htdocs\bcms2\vendor\slim\slim\Slim\Slim.php(1174): Slim\Middleware\PrettyExceptions->call()
#23 C:\xampp\htdocs\bcms2\public\index.php(23): Slim\Slim->run()
#24 {main}

Next exception 'Twig_Error_Runtime' with message 'An exception has been thrown during the rendering of a template ("Trying to get property of non-object") in "pages/default.twig" at line 11.' in C:\xampp\htdocs\bcms2\vendor\twig\twig\lib\Twig\Template.php:280
Stack trace:
#0 C:\xampp\htdocs\bcms2\vendor\twig\twig\lib\Twig\Template.php(239): Twig_Template->displayWithErrorHandling(Array, Array)
#1 C:\xampp\htdocs\bcms2\vendor\twig\twig\lib\Twig\Environment.php(321) : eval()'d code(24): Twig_Template->display(Array, Array)
#2 C:\xampp\htdocs\bcms2\vendor\twig\twig\lib\Twig\Template.php(265): __TwigTemplate_04777d7e2b0cb6a5684d893531538301->doDisplay(Array, Array)
#3 C:\xampp\htdocs\bcms2\vendor\twig\twig\lib\Twig\Template.php(239): Twig_Template->displayWithErrorHandling(Array, Array)
#4 C:\xampp\htdocs\bcms2\vendor\twig\twig\lib\Twig\Template.php(250): Twig_Template->display(Array)
#5 C:\xampp\htdocs\bcms2\vendor\slim\extras\Slim\Extras\Views\Twig.php(99): Twig_Template->render(Array)
#6 C:\xampp\htdocs\bcms2\vendor\slim\slim\Slim\View.php(195): Slim\Extras\Views\Twig->render('pages/default.t...')
#7 C:\xampp\htdocs\bcms2\vendor\slim\slim\Slim\View.php(182): Slim\View->fetch('pages/default.t...')
#8 C:\xampp\htdocs\bcms2\vendor\slim\slim\Slim\Slim.php(672): Slim\View->display('pages/default.t...')
#9 C:\xampp\htdocs\bcms2\app\routes\pages.php(40): Slim\Slim->render('pages/default.t...', Array)
#10 [internal function]: {closure}(Array)
#11 C:\xampp\htdocs\bcms2\vendor\slim\slim\Slim\Router.php(172): call_user_func_array(Object(Closure), Array)
#12 C:\xampp\htdocs\bcms2\vendor\slim\slim\Slim\Slim.php(1222): Slim\Router->dispatch(Object(Slim\Route))
#13 C:\xampp\htdocs\bcms2\vendor\slim\slim\Slim\Middleware\Flash.php(86): Slim\Slim->call()
#14 C:\xampp\htdocs\bcms2\vendor\slim\slim\Slim\Middleware\MethodOverride.php(94): Slim\Middleware\Flash->call()
#15 C:\xampp\htdocs\bcms2\vendor\slim\slim\Slim\Middleware\SessionCookie.php(116): Slim\Middleware\MethodOverride->call()
#16 C:\xampp\htdocs\bcms2\vendor\slim\slim\Slim\Middleware\PrettyExceptions.php(67): Slim\Middleware\SessionCookie->call()
#17 C:\xampp\htdocs\bcms2\vendor\slim\slim\Slim\Slim.php(1174): Slim\Middleware\PrettyExceptions->call()
#18 C:\xampp\htdocs\bcms2\public\index.php(23): Slim\Slim->run()
#19 {main}
