ERROR - 2012-12-28T21:56:51+01:00 - exception 'Twig_Error_Loader' with message 'Unable to find template "page-links.twig" (looked into: ../app/view) in "admin/page-links.twig" at line 6.' in C:\xampp\htdocs\bcms2\vendor\twig\twig\lib\Twig\Loader\Filesystem.php:198
Stack trace:
#0 C:\xampp\htdocs\bcms2\vendor\twig\twig\lib\Twig\Loader\Filesystem.php(134): Twig_Loader_Filesystem->findTemplate('page-links.twig')
#1 C:\xampp\htdocs\bcms2\vendor\twig\twig\lib\Twig\Environment.php(266): Twig_Loader_Filesystem->getCacheKey('page-links.twig')
#2 C:\xampp\htdocs\bcms2\vendor\twig\twig\lib\Twig\Environment.php(313): Twig_Environment->getTemplateClass('page-links.twig', NULL)
#3 C:\xampp\htdocs\bcms2\vendor\twig\twig\lib\Twig\Environment.php(321) : eval()'d code(54): Twig_Environment->loadTemplate('page-links.twig')
#4 C:\xampp\htdocs\bcms2\vendor\twig\twig\lib\Twig\Template.php(265): __TwigTemplate_156dbbb12b052d4d13d91c5b951d1e9a->doDisplay(Array, Array)
#5 C:\xampp\htdocs\bcms2\vendor\twig\twig\lib\Twig\Template.php(239): Twig_Template->displayWithErrorHandling(Array, Array)
#6 C:\xampp\htdocs\bcms2\vendor\twig\twig\lib\Twig\Environment.php(321) : eval()'d code(178): Twig_Template->display(Array)
#7 [internal function]: __TwigTemplate_0d8dcbede1e125d0cec38235f8fbac18->block_menu(Array, Array)
#8 C:\xampp\htdocs\bcms2\vendor\twig\twig\lib\Twig\Template.php(136): call_user_func(Array, Array, Array)
#9 C:\xampp\htdocs\bcms2\vendor\twig\twig\lib\Twig\Environment.php(321) : eval()'d code(109): Twig_Template->displayBlock('menu', Array, Array)
#10 C:\xampp\htdocs\bcms2\vendor\twig\twig\lib\Twig\Template.php(265): __TwigTemplate_0d8dcbede1e125d0cec38235f8fbac18->doDisplay(Array, Array)
#11 C:\xampp\htdocs\bcms2\vendor\twig\twig\lib\Twig\Template.php(239): Twig_Template->displayWithErrorHandling(Array, Array)
#12 C:\xampp\htdocs\bcms2\vendor\twig\twig\lib\Twig\Template.php(250): Twig_Template->display(Array)
#13 C:\xampp\htdocs\bcms2\vendor\slim\extras\Slim\Extras\Views\Twig.php(99): Twig_Template->render(Array)
#14 C:\xampp\htdocs\bcms2\vendor\slim\slim\Slim\View.php(195): Slim\Extras\Views\Twig->render('admin/layout.ht...')
#15 C:\xampp\htdocs\bcms2\vendor\slim\slim\Slim\View.php(182): Slim\View->fetch('admin/layout.ht...')
#16 C:\xampp\htdocs\bcms2\vendor\slim\slim\Slim\Slim.php(672): Slim\View->display('admin/layout.ht...')
#17 C:\xampp\htdocs\bcms2\app\routes\admin.php(5): Slim\Slim->render('admin/layout.ht...')
#18 [internal function]: {closure}()
#19 C:\xampp\htdocs\bcms2\vendor\slim\slim\Slim\Router.php(172): call_user_func_array(Object(Closure), Array)
#20 C:\xampp\htdocs\bcms2\vendor\slim\slim\Slim\Slim.php(1222): Slim\Router->dispatch(Object(Slim\Route))
#21 C:\xampp\htdocs\bcms2\vendor\slim\slim\Slim\Middleware\Flash.php(86): Slim\Slim->call()
#22 C:\xampp\htdocs\bcms2\vendor\slim\slim\Slim\Middleware\MethodOverride.php(94): Slim\Middleware\Flash->call()
#23 C:\xampp\htdocs\bcms2\vendor\slim\slim\Slim\Middleware\SessionCookie.php(116): Slim\Middleware\MethodOverride->call()
#24 C:\xampp\htdocs\bcms2\vendor\slim\slim\Slim\Middleware\PrettyExceptions.php(67): Slim\Middleware\SessionCookie->call()
#25 C:\xampp\htdocs\bcms2\vendor\slim\slim\Slim\Slim.php(1174): Slim\Middleware\PrettyExceptions->call()
#26 C:\xampp\htdocs\bcms2\public\index.php(23): Slim\Slim->run()
#27 {main}
