ERROR - 2012-12-30T09:19:11+01:00 - exception 'RuntimeException' with message 'Named route already exists with name: admin' in C:\xampp\htdocs\bcms2\vendor\slim\slim\Slim\Router.php:186
Stack trace:
#0 C:\xampp\htdocs\bcms2\vendor\slim\slim\Slim\Router.php(228): Slim\Router->addNamedRoute('admin', Object(Slim\Route))
#1 C:\xampp\htdocs\bcms2\vendor\slim\slim\Slim\Router.php(198): Slim\Router->getNamedRoutes()
#2 C:\xampp\htdocs\bcms2\vendor\slim\slim\Slim\Router.php(139): Slim\Router->hasNamedRoute('home')
#3 C:\xampp\htdocs\bcms2\vendor\slim\slim\Slim\Slim.php(992): Slim\Router->urlFor('home', Array)
#4 [internal function]: Slim\Slim->urlFor('home')
#5 C:\xampp\htdocs\bcms2\vendor\twig\twig\lib\Twig\Template.php(436): call_user_func_array(Array, Array)
#6 C:\xampp\htdocs\bcms2\vendor\twig\twig\lib\Twig\Environment.php(321) : eval()'d code(75): Twig_Template->getAttribute(Object(Slim\Slim), 'urlFor', Array, 'method')
#7 C:\xampp\htdocs\bcms2\vendor\twig\twig\lib\Twig\Template.php(265): __TwigTemplate_0d8dcbede1e125d0cec38235f8fbac18->doDisplay(Array, Array)
#8 C:\xampp\htdocs\bcms2\vendor\twig\twig\lib\Twig\Template.php(239): Twig_Template->displayWithErrorHandling(Array, Array)
#9 C:\xampp\htdocs\bcms2\vendor\twig\twig\lib\Twig\Environment.php(321) : eval()'d code(25): Twig_Template->display(Array, Array)
#10 C:\xampp\htdocs\bcms2\vendor\twig\twig\lib\Twig\Template.php(265): __TwigTemplate_c7b7a54724a3ac257a650d29007c8516->doDisplay(Array, Array)
#11 C:\xampp\htdocs\bcms2\vendor\twig\twig\lib\Twig\Template.php(239): Twig_Template->displayWithErrorHandling(Array, Array)
#12 C:\xampp\htdocs\bcms2\vendor\twig\twig\lib\Twig\Template.php(250): Twig_Template->display(Array)
#13 C:\xampp\htdocs\bcms2\vendor\slim\extras\Slim\Extras\Views\Twig.php(99): Twig_Template->render(Array)
#14 C:\xampp\htdocs\bcms2\vendor\slim\slim\Slim\View.php(195): Slim\Extras\Views\Twig->render('admin/pages.twi...')
#15 C:\xampp\htdocs\bcms2\vendor\slim\slim\Slim\View.php(182): Slim\View->fetch('admin/pages.twi...')
#16 C:\xampp\htdocs\bcms2\vendor\slim\slim\Slim\Slim.php(672): Slim\View->display('admin/pages.twi...')
#17 C:\xampp\htdocs\bcms2\app\routes\admin.php(7): Slim\Slim->render('admin/pages.twi...')
#18 [internal function]: {closure}()
#19 C:\xampp\htdocs\bcms2\vendor\slim\slim\Slim\Router.php(172): call_user_func_array(Object(Closure), Array)
#20 C:\xampp\htdocs\bcms2\vendor\slim\slim\Slim\Slim.php(1222): Slim\Router->dispatch(Object(Slim\Route))
#21 C:\xampp\htdocs\bcms2\vendor\slim\slim\Slim\Middleware\Flash.php(86): Slim\Slim->call()
#22 C:\xampp\htdocs\bcms2\vendor\slim\slim\Slim\Middleware\MethodOverride.php(94): Slim\Middleware\Flash->call()
#23 C:\xampp\htdocs\bcms2\vendor\slim\slim\Slim\Middleware\SessionCookie.php(116): Slim\Middleware\MethodOverride->call()
#24 C:\xampp\htdocs\bcms2\vendor\slim\slim\Slim\Middleware\PrettyExceptions.php(67): Slim\Middleware\SessionCookie->call()
#25 C:\xampp\htdocs\bcms2\vendor\slim\slim\Slim\Slim.php(1174): Slim\Middleware\PrettyExceptions->call()
#26 C:\xampp\htdocs\bcms2\public\index.php(23): Slim\Slim->run()
#27 {main}

Next exception 'Twig_Error_Runtime' with message 'An exception has been thrown during the rendering of a template ("Named route already exists with name: admin") in "admin/pages.twig" at line 20.' in C:\xampp\htdocs\bcms2\vendor\twig\twig\lib\Twig\Template.php:280
Stack trace:
#0 C:\xampp\htdocs\bcms2\vendor\twig\twig\lib\Twig\Template.php(239): Twig_Template->displayWithErrorHandling(Array, Array)
#1 C:\xampp\htdocs\bcms2\vendor\twig\twig\lib\Twig\Environment.php(321) : eval()'d code(25): Twig_Template->display(Array, Array)
#2 C:\xampp\htdocs\bcms2\vendor\twig\twig\lib\Twig\Template.php(265): __TwigTemplate_c7b7a54724a3ac257a650d29007c8516->doDisplay(Array, Array)
#3 C:\xampp\htdocs\bcms2\vendor\twig\twig\lib\Twig\Template.php(239): Twig_Template->displayWithErrorHandling(Array, Array)
#4 C:\xampp\htdocs\bcms2\vendor\twig\twig\lib\Twig\Template.php(250): Twig_Template->display(Array)
#5 C:\xampp\htdocs\bcms2\vendor\slim\extras\Slim\Extras\Views\Twig.php(99): Twig_Template->render(Array)
#6 C:\xampp\htdocs\bcms2\vendor\slim\slim\Slim\View.php(195): Slim\Extras\Views\Twig->render('admin/pages.twi...')
#7 C:\xampp\htdocs\bcms2\vendor\slim\slim\Slim\View.php(182): Slim\View->fetch('admin/pages.twi...')
#8 C:\xampp\htdocs\bcms2\vendor\slim\slim\Slim\Slim.php(672): Slim\View->display('admin/pages.twi...')
#9 C:\xampp\htdocs\bcms2\app\routes\admin.php(7): Slim\Slim->render('admin/pages.twi...')
#10 [internal function]: {closure}()
#11 C:\xampp\htdocs\bcms2\vendor\slim\slim\Slim\Router.php(172): call_user_func_array(Object(Closure), Array)
#12 C:\xampp\htdocs\bcms2\vendor\slim\slim\Slim\Slim.php(1222): Slim\Router->dispatch(Object(Slim\Route))
#13 C:\xampp\htdocs\bcms2\vendor\slim\slim\Slim\Middleware\Flash.php(86): Slim\Slim->call()
#14 C:\xampp\htdocs\bcms2\vendor\slim\slim\Slim\Middleware\MethodOverride.php(94): Slim\Middleware\Flash->call()
#15 C:\xampp\htdocs\bcms2\vendor\slim\slim\Slim\Middleware\SessionCookie.php(116): Slim\Middleware\MethodOverride->call()
#16 C:\xampp\htdocs\bcms2\vendor\slim\slim\Slim\Middleware\PrettyExceptions.php(67): Slim\Middleware\SessionCookie->call()
#17 C:\xampp\htdocs\bcms2\vendor\slim\slim\Slim\Slim.php(1174): Slim\Middleware\PrettyExceptions->call()
#18 C:\xampp\htdocs\bcms2\public\index.php(23): Slim\Slim->run()
#19 {main}
ERROR - 2012-12-30T09:23:27+01:00 - exception 'ErrorException' with message 'Undefined variable: parts' in C:\xampp\htdocs\bcms2\app\routes\admin.php:13
Stack trace:
#0 C:\xampp\htdocs\bcms2\app\routes\admin.php(13): Slim\Slim::handleErrors(8, 'Undefined varia...', 'C:\xampp\htdocs...', 13, Array)
#1 [internal function]: {closure}('408')
#2 C:\xampp\htdocs\bcms2\vendor\slim\slim\Slim\Router.php(172): call_user_func_array(Object(Closure), Array)
#3 C:\xampp\htdocs\bcms2\vendor\slim\slim\Slim\Slim.php(1222): Slim\Router->dispatch(Object(Slim\Route))
#4 C:\xampp\htdocs\bcms2\vendor\slim\slim\Slim\Middleware\Flash.php(86): Slim\Slim->call()
#5 C:\xampp\htdocs\bcms2\vendor\slim\slim\Slim\Middleware\MethodOverride.php(94): Slim\Middleware\Flash->call()
#6 C:\xampp\htdocs\bcms2\vendor\slim\slim\Slim\Middleware\SessionCookie.php(116): Slim\Middleware\MethodOverride->call()
#7 C:\xampp\htdocs\bcms2\vendor\slim\slim\Slim\Middleware\PrettyExceptions.php(67): Slim\Middleware\SessionCookie->call()
#8 C:\xampp\htdocs\bcms2\vendor\slim\slim\Slim\Slim.php(1174): Slim\Middleware\PrettyExceptions->call()
#9 C:\xampp\htdocs\bcms2\public\index.php(23): Slim\Slim->run()
#10 {main}
ERROR - 2012-12-30T09:23:56+01:00 - exception 'ErrorException' with message 'implode(): Invalid arguments passed' in C:\xampp\htdocs\bcms2\app\controller\PageController.php:31
Stack trace:
#0 [internal function]: Slim\Slim::handleErrors(2, 'implode(): Inva...', 'C:\xampp\htdocs...', 31, Array)
#1 C:\xampp\htdocs\bcms2\app\controller\PageController.php(31): implode('/', '408')
#2 C:\xampp\htdocs\bcms2\app\routes\admin.php(13): PageController->findByUrl('408')
#3 [internal function]: {closure}('408')
#4 C:\xampp\htdocs\bcms2\vendor\slim\slim\Slim\Router.php(172): call_user_func_array(Object(Closure), Array)
#5 C:\xampp\htdocs\bcms2\vendor\slim\slim\Slim\Slim.php(1222): Slim\Router->dispatch(Object(Slim\Route))
#6 C:\xampp\htdocs\bcms2\vendor\slim\slim\Slim\Middleware\Flash.php(86): Slim\Slim->call()
#7 C:\xampp\htdocs\bcms2\vendor\slim\slim\Slim\Middleware\MethodOverride.php(94): Slim\Middleware\Flash->call()
#8 C:\xampp\htdocs\bcms2\vendor\slim\slim\Slim\Middleware\SessionCookie.php(116): Slim\Middleware\MethodOverride->call()
#9 C:\xampp\htdocs\bcms2\vendor\slim\slim\Slim\Middleware\PrettyExceptions.php(67): Slim\Middleware\SessionCookie->call()
#10 C:\xampp\htdocs\bcms2\vendor\slim\slim\Slim\Slim.php(1174): Slim\Middleware\PrettyExceptions->call()
#11 C:\xampp\htdocs\bcms2\public\index.php(23): Slim\Slim->run()
#12 {main}
ERROR - 2012-12-30T13:11:37+01:00 - exception 'Twig_Error_Syntax' with message 'Expected name or number in "admin/pages-edit.twig" at line 112' in C:\xampp\htdocs\bcms2\vendor\twig\twig\lib\Twig\ExpressionParser.php:366
Stack trace:
#0 C:\xampp\htdocs\bcms2\vendor\twig\twig\lib\Twig\ExpressionParser.php(284): Twig_ExpressionParser->parseSubscriptExpression(Object(Twig_Node_Expression_GetAttr))
#1 C:\xampp\htdocs\bcms2\vendor\twig\twig\lib\Twig\ExpressionParser.php(175): Twig_ExpressionParser->parsePostfixExpression(Object(Twig_Node_Expression_Name))
#2 C:\xampp\htdocs\bcms2\vendor\twig\twig\lib\Twig\ExpressionParser.php(85): Twig_ExpressionParser->parsePrimaryExpression()
#3 C:\xampp\htdocs\bcms2\vendor\twig\twig\lib\Twig\ExpressionParser.php(42): Twig_ExpressionParser->getPrimary()
#4 C:\xampp\htdocs\bcms2\vendor\twig\twig\lib\Twig\Parser.php(146): Twig_ExpressionParser->parseExpression()
#5 C:\xampp\htdocs\bcms2\vendor\twig\twig\lib\Twig\TokenParser\Block.php(47): Twig_Parser->subparse(Array, true)
#6 C:\xampp\htdocs\bcms2\vendor\twig\twig\lib\Twig\Parser.php(192): Twig_TokenParser_Block->parse(Object(Twig_Token))
#7 C:\xampp\htdocs\bcms2\vendor\twig\twig\lib\Twig\Parser.php(100): Twig_Parser->subparse(NULL, false)
#8 C:\xampp\htdocs\bcms2\vendor\twig\twig\lib\Twig\Environment.php(480): Twig_Parser->parse(Object(Twig_TokenStream))
#9 C:\xampp\htdocs\bcms2\vendor\twig\twig\lib\Twig\Environment.php(530): Twig_Environment->parse(Object(Twig_TokenStream))
#10 C:\xampp\htdocs\bcms2\vendor\twig\twig\lib\Twig\Environment.php(321): Twig_Environment->compileSource('{% extends "adm...', 'admin/pages-edi...')
#11 C:\xampp\htdocs\bcms2\vendor\slim\extras\Slim\Extras\Views\Twig.php(97): Twig_Environment->loadTemplate('admin/pages-edi...')
#12 C:\xampp\htdocs\bcms2\vendor\slim\slim\Slim\View.php(195): Slim\Extras\Views\Twig->render('admin/pages-edi...')
#13 C:\xampp\htdocs\bcms2\vendor\slim\slim\Slim\View.php(182): Slim\View->fetch('admin/pages-edi...')
#14 C:\xampp\htdocs\bcms2\vendor\slim\slim\Slim\Slim.php(672): Slim\View->display('admin/pages-edi...')
#15 C:\xampp\htdocs\bcms2\app\routes\pages.php(26): Slim\Slim->render('admin/pages-edi...')
#16 [internal function]: {closure}('500')
#17 C:\xampp\htdocs\bcms2\vendor\slim\slim\Slim\Router.php(172): call_user_func_array(Object(Closure), Array)
#18 C:\xampp\htdocs\bcms2\vendor\slim\slim\Slim\Slim.php(1222): Slim\Router->dispatch(Object(Slim\Route))
#19 C:\xampp\htdocs\bcms2\vendor\slim\slim\Slim\Middleware\Flash.php(86): Slim\Slim->call()
#20 C:\xampp\htdocs\bcms2\vendor\slim\slim\Slim\Middleware\MethodOverride.php(94): Slim\Middleware\Flash->call()
#21 C:\xampp\htdocs\bcms2\vendor\slim\slim\Slim\Middleware\SessionCookie.php(116): Slim\Middleware\MethodOverride->call()
#22 C:\xampp\htdocs\bcms2\vendor\slim\slim\Slim\Middleware\PrettyExceptions.php(67): Slim\Middleware\SessionCookie->call()
#23 C:\xampp\htdocs\bcms2\vendor\slim\slim\Slim\Slim.php(1174): Slim\Middleware\PrettyExceptions->call()
#24 C:\xampp\htdocs\bcms2\public\index.php(23): Slim\Slim->run()
#25 {main}
