ERROR - 2012-12-19T00:48:08+01:00 - exception 'PDOException' with message 'SQLSTATE[42S22]: Column not found: 1054 Unknown column 'order' in 'order clause'' in C:\xampp\htdocs\bcms2\vendor\j4mie\idiorm\idiorm.php:1160
Stack trace:
#0 C:\xampp\htdocs\bcms2\vendor\j4mie\idiorm\idiorm.php(1160): PDOStatement->execute(Array)
#1 C:\xampp\htdocs\bcms2\vendor\j4mie\idiorm\idiorm.php(399): ORM->_run()
#2 C:\xampp\htdocs\bcms2\app\controller\MenuController.php(13): ORM->find_many()
#3 [internal function]: MenuController->menu1()
#4 C:\xampp\htdocs\bcms2\vendor\twig\twig\lib\Twig\Template.php(436): call_user_func_array(Array, Array)
#5 C:\xampp\htdocs\bcms2\vendor\twig\twig\lib\Twig\Environment.php(321) : eval()'d code(87): Twig_Template->getAttribute(Object(MenuController), 'menu1')
#6 [internal function]: __TwigTemplate_a9ecf5a1ed9a88722e373d7c71fd1dab->block_menu(Array, Array)
#7 C:\xampp\htdocs\bcms2\vendor\twig\twig\lib\Twig\Template.php(136): call_user_func(Array, Array, Array)
#8 C:\xampp\htdocs\bcms2\vendor\twig\twig\lib\Twig\Environment.php(321) : eval()'d code(46): Twig_Template->displayBlock('menu', Array, Array)
#9 C:\xampp\htdocs\bcms2\vendor\twig\twig\lib\Twig\Template.php(265): __TwigTemplate_a9ecf5a1ed9a88722e373d7c71fd1dab->doDisplay(Array, Array)
#10 C:\xampp\htdocs\bcms2\vendor\twig\twig\lib\Twig\Template.php(239): Twig_Template->displayWithErrorHandling(Array, Array)
#11 C:\xampp\htdocs\bcms2\vendor\twig\twig\lib\Twig\Environment.php(321) : eval()'d code(24): Twig_Template->display(Array, Array)
#12 C:\xampp\htdocs\bcms2\vendor\twig\twig\lib\Twig\Template.php(265): __TwigTemplate_04777d7e2b0cb6a5684d893531538301->doDisplay(Array, Array)
#13 C:\xampp\htdocs\bcms2\vendor\twig\twig\lib\Twig\Template.php(239): Twig_Template->displayWithErrorHandling(Array, Array)
#14 C:\xampp\htdocs\bcms2\vendor\twig\twig\lib\Twig\Template.php(250): Twig_Template->display(Array)
#15 C:\xampp\htdocs\bcms2\vendor\slim\extras\Slim\Extras\Views\Twig.php(99): Twig_Template->render(Array)
#16 C:\xampp\htdocs\bcms2\vendor\slim\slim\Slim\View.php(195): Slim\Extras\Views\Twig->render('pages/default.t...')
#17 C:\xampp\htdocs\bcms2\vendor\slim\slim\Slim\View.php(182): Slim\View->fetch('pages/default.t...')
#18 C:\xampp\htdocs\bcms2\vendor\slim\slim\Slim\Slim.php(672): Slim\View->display('pages/default.t...')
#19 C:\xampp\htdocs\bcms2\app\routes\pages.php(31): Slim\Slim->render('pages/default.t...', Array)
#20 [internal function]: {closure}(Array)
#21 C:\xampp\htdocs\bcms2\vendor\slim\slim\Slim\Router.php(172): call_user_func_array(Object(Closure), Array)
#22 C:\xampp\htdocs\bcms2\vendor\slim\slim\Slim\Slim.php(1222): Slim\Router->dispatch(Object(Slim\Route))
#23 C:\xampp\htdocs\bcms2\vendor\slim\slim\Slim\Middleware\Flash.php(86): Slim\Slim->call()
#24 C:\xampp\htdocs\bcms2\vendor\slim\slim\Slim\Middleware\MethodOverride.php(94): Slim\Middleware\Flash->call()
#25 C:\xampp\htdocs\bcms2\vendor\slim\slim\Slim\Middleware\SessionCookie.php(116): Slim\Middleware\MethodOverride->call()
#26 C:\xampp\htdocs\bcms2\vendor\slim\slim\Slim\Middleware\PrettyExceptions.php(67): Slim\Middleware\SessionCookie->call()
#27 C:\xampp\htdocs\bcms2\vendor\slim\slim\Slim\Slim.php(1174): Slim\Middleware\PrettyExceptions->call()
#28 C:\xampp\htdocs\bcms2\public\index.php(23): Slim\Slim->run()
#29 {main}

Next exception 'Twig_Error_Runtime' with message 'An exception has been thrown during the rendering of a template ("SQLSTATE[42S22]: Column not found: 1054 Unknown column 'order' in 'order clause'") in "pages/default.twig" at line 14.' in C:\xampp\htdocs\bcms2\vendor\twig\twig\lib\Twig\Template.php:280
Stack trace:
#0 C:\xampp\htdocs\bcms2\vendor\twig\twig\lib\Twig\Template.php(239): Twig_Template->displayWithErrorHandling(Array, Array)
#1 C:\xampp\htdocs\bcms2\vendor\twig\twig\lib\Twig\Environment.php(321) : eval()'d code(24): Twig_Template->display(Array, Array)
#2 C:\xampp\htdocs\bcms2\vendor\twig\twig\lib\Twig\Template.php(265): __TwigTemplate_04777d7e2b0cb6a5684d893531538301->doDisplay(Array, Array)
#3 C:\xampp\htdocs\bcms2\vendor\twig\twig\lib\Twig\Template.php(239): Twig_Template->displayWithErrorHandling(Array, Array)
#4 C:\xampp\htdocs\bcms2\vendor\twig\twig\lib\Twig\Template.php(250): Twig_Template->display(Array)
#5 C:\xampp\htdocs\bcms2\vendor\slim\extras\Slim\Extras\Views\Twig.php(99): Twig_Template->render(Array)
#6 C:\xampp\htdocs\bcms2\vendor\slim\slim\Slim\View.php(195): Slim\Extras\Views\Twig->render('pages/default.t...')
#7 C:\xampp\htdocs\bcms2\vendor\slim\slim\Slim\View.php(182): Slim\View->fetch('pages/default.t...')
#8 C:\xampp\htdocs\bcms2\vendor\slim\slim\Slim\Slim.php(672): Slim\View->display('pages/default.t...')
#9 C:\xampp\htdocs\bcms2\app\routes\pages.php(31): Slim\Slim->render('pages/default.t...', Array)
#10 [internal function]: {closure}(Array)
#11 C:\xampp\htdocs\bcms2\vendor\slim\slim\Slim\Router.php(172): call_user_func_array(Object(Closure), Array)
#12 C:\xampp\htdocs\bcms2\vendor\slim\slim\Slim\Slim.php(1222): Slim\Router->dispatch(Object(Slim\Route))
#13 C:\xampp\htdocs\bcms2\vendor\slim\slim\Slim\Middleware\Flash.php(86): Slim\Slim->call()
#14 C:\xampp\htdocs\bcms2\vendor\slim\slim\Slim\Middleware\MethodOverride.php(94): Slim\Middleware\Flash->call()
#15 C:\xampp\htdocs\bcms2\vendor\slim\slim\Slim\Middleware\SessionCookie.php(116): Slim\Middleware\MethodOverride->call()
#16 C:\xampp\htdocs\bcms2\vendor\slim\slim\Slim\Middleware\PrettyExceptions.php(67): Slim\Middleware\SessionCookie->call()
#17 C:\xampp\htdocs\bcms2\vendor\slim\slim\Slim\Slim.php(1174): Slim\Middleware\PrettyExceptions->call()
#18 C:\xampp\htdocs\bcms2\public\index.php(23): Slim\Slim->run()
#19 {main}
ERROR - 2012-12-19T10:59:37+01:00 - exception 'ErrorException' with message 'Object of class MenuController could not be converted to string' in C:\xampp\htdocs\bcms2\app\controller\MenuController.php:43
Stack trace:
#0 C:\xampp\htdocs\bcms2\app\controller\MenuController.php(43): Slim\Slim::handleErrors(4096, 'Object of class...', 'C:\xampp\htdocs...', 43, Array)
#1 [internal function]: MenuController->menuTree()
#2 C:\xampp\htdocs\bcms2\vendor\twig\twig\lib\Twig\Template.php(436): call_user_func_array(Array, Array)
#3 C:\xampp\htdocs\bcms2\vendor\twig\twig\lib\Twig\Environment.php(321) : eval()'d code(64): Twig_Template->getAttribute(Object(MenuController), 'menuTree')
#4 [internal function]: __TwigTemplate_04777d7e2b0cb6a5684d893531538301->block_content(Array, Array)
#5 C:\xampp\htdocs\bcms2\vendor\twig\twig\lib\Twig\Template.php(134): call_user_func(Array, Array, Array)
#6 C:\xampp\htdocs\bcms2\vendor\twig\twig\lib\Twig\Environment.php(321) : eval()'d code(54): Twig_Template->displayBlock('content', Array, Array)
#7 C:\xampp\htdocs\bcms2\vendor\twig\twig\lib\Twig\Template.php(265): __TwigTemplate_a9ecf5a1ed9a88722e373d7c71fd1dab->doDisplay(Array, Array)
#8 C:\xampp\htdocs\bcms2\vendor\twig\twig\lib\Twig\Template.php(239): Twig_Template->displayWithErrorHandling(Array, Array)
#9 C:\xampp\htdocs\bcms2\vendor\twig\twig\lib\Twig\Environment.php(321) : eval()'d code(24): Twig_Template->display(Array, Array)
#10 C:\xampp\htdocs\bcms2\vendor\twig\twig\lib\Twig\Template.php(265): __TwigTemplate_04777d7e2b0cb6a5684d893531538301->doDisplay(Array, Array)
#11 C:\xampp\htdocs\bcms2\vendor\twig\twig\lib\Twig\Template.php(239): Twig_Template->displayWithErrorHandling(Array, Array)
#12 C:\xampp\htdocs\bcms2\vendor\twig\twig\lib\Twig\Template.php(250): Twig_Template->display(Array)
#13 C:\xampp\htdocs\bcms2\vendor\slim\extras\Slim\Extras\Views\Twig.php(99): Twig_Template->render(Array)
#14 C:\xampp\htdocs\bcms2\vendor\slim\slim\Slim\View.php(195): Slim\Extras\Views\Twig->render('pages/default.t...')
#15 C:\xampp\htdocs\bcms2\vendor\slim\slim\Slim\View.php(182): Slim\View->fetch('pages/default.t...')
#16 C:\xampp\htdocs\bcms2\vendor\slim\slim\Slim\Slim.php(672): Slim\View->display('pages/default.t...')
#17 C:\xampp\htdocs\bcms2\app\routes\pages.php(25): Slim\Slim->render('pages/default.t...', Array)
#18 [internal function]: {closure}(Array)
#19 C:\xampp\htdocs\bcms2\vendor\slim\slim\Slim\Router.php(172): call_user_func_array(Object(Closure), Array)
#20 C:\xampp\htdocs\bcms2\vendor\slim\slim\Slim\Slim.php(1222): Slim\Router->dispatch(Object(Slim\Route))
#21 C:\xampp\htdocs\bcms2\vendor\slim\slim\Slim\Middleware\Flash.php(86): Slim\Slim->call()
#22 C:\xampp\htdocs\bcms2\vendor\slim\slim\Slim\Middleware\MethodOverride.php(94): Slim\Middleware\Flash->call()
#23 C:\xampp\htdocs\bcms2\vendor\slim\slim\Slim\Middleware\SessionCookie.php(116): Slim\Middleware\MethodOverride->call()
#24 C:\xampp\htdocs\bcms2\vendor\slim\slim\Slim\Middleware\PrettyExceptions.php(67): Slim\Middleware\SessionCookie->call()
#25 C:\xampp\htdocs\bcms2\vendor\slim\slim\Slim\Slim.php(1174): Slim\Middleware\PrettyExceptions->call()
#26 C:\xampp\htdocs\bcms2\public\index.php(23): Slim\Slim->run()
#27 {main}

Next exception 'Twig_Error_Runtime' with message 'An exception has been thrown during the rendering of a template ("Object of class MenuController could not be converted to string") in "pages/default.twig" at line 16.' in C:\xampp\htdocs\bcms2\vendor\twig\twig\lib\Twig\Template.php:280
Stack trace:
#0 C:\xampp\htdocs\bcms2\vendor\twig\twig\lib\Twig\Template.php(239): Twig_Template->displayWithErrorHandling(Array, Array)
#1 C:\xampp\htdocs\bcms2\vendor\twig\twig\lib\Twig\Environment.php(321) : eval()'d code(24): Twig_Template->display(Array, Array)
#2 C:\xampp\htdocs\bcms2\vendor\twig\twig\lib\Twig\Template.php(265): __TwigTemplate_04777d7e2b0cb6a5684d893531538301->doDisplay(Array, Array)
#3 C:\xampp\htdocs\bcms2\vendor\twig\twig\lib\Twig\Template.php(239): Twig_Template->displayWithErrorHandling(Array, Array)
#4 C:\xampp\htdocs\bcms2\vendor\twig\twig\lib\Twig\Template.php(250): Twig_Template->display(Array)
#5 C:\xampp\htdocs\bcms2\vendor\slim\extras\Slim\Extras\Views\Twig.php(99): Twig_Template->render(Array)
#6 C:\xampp\htdocs\bcms2\vendor\slim\slim\Slim\View.php(195): Slim\Extras\Views\Twig->render('pages/default.t...')
#7 C:\xampp\htdocs\bcms2\vendor\slim\slim\Slim\View.php(182): Slim\View->fetch('pages/default.t...')
#8 C:\xampp\htdocs\bcms2\vendor\slim\slim\Slim\Slim.php(672): Slim\View->display('pages/default.t...')
#9 C:\xampp\htdocs\bcms2\app\routes\pages.php(25): Slim\Slim->render('pages/default.t...', Array)
#10 [internal function]: {closure}(Array)
#11 C:\xampp\htdocs\bcms2\vendor\slim\slim\Slim\Router.php(172): call_user_func_array(Object(Closure), Array)
#12 C:\xampp\htdocs\bcms2\vendor\slim\slim\Slim\Slim.php(1222): Slim\Router->dispatch(Object(Slim\Route))
#13 C:\xampp\htdocs\bcms2\vendor\slim\slim\Slim\Middleware\Flash.php(86): Slim\Slim->call()
#14 C:\xampp\htdocs\bcms2\vendor\slim\slim\Slim\Middleware\MethodOverride.php(94): Slim\Middleware\Flash->call()
#15 C:\xampp\htdocs\bcms2\vendor\slim\slim\Slim\Middleware\SessionCookie.php(116): Slim\Middleware\MethodOverride->call()
#16 C:\xampp\htdocs\bcms2\vendor\slim\slim\Slim\Middleware\PrettyExceptions.php(67): Slim\Middleware\SessionCookie->call()
#17 C:\xampp\htdocs\bcms2\vendor\slim\slim\Slim\Slim.php(1174): Slim\Middleware\PrettyExceptions->call()
#18 C:\xampp\htdocs\bcms2\public\index.php(23): Slim\Slim->run()
#19 {main}
ERROR - 2012-12-19T11:01:09+01:00 - exception 'ErrorException' with message 'Object of class MenuController could not be converted to string' in C:\xampp\htdocs\bcms2\app\controller\MenuController.php:43
Stack trace:
#0 C:\xampp\htdocs\bcms2\app\controller\MenuController.php(43): Slim\Slim::handleErrors(4096, 'Object of class...', 'C:\xampp\htdocs...', 43, Array)
#1 [internal function]: MenuController->menuTree()
#2 C:\xampp\htdocs\bcms2\vendor\twig\twig\lib\Twig\Template.php(436): call_user_func_array(Array, Array)
#3 C:\xampp\htdocs\bcms2\vendor\twig\twig\lib\Twig\Environment.php(321) : eval()'d code(64): Twig_Template->getAttribute(Object(MenuController), 'menuTree', Array, 'method')
#4 [internal function]: __TwigTemplate_04777d7e2b0cb6a5684d893531538301->block_content(Array, Array)
#5 C:\xampp\htdocs\bcms2\vendor\twig\twig\lib\Twig\Template.php(134): call_user_func(Array, Array, Array)
#6 C:\xampp\htdocs\bcms2\vendor\twig\twig\lib\Twig\Environment.php(321) : eval()'d code(54): Twig_Template->displayBlock('content', Array, Array)
#7 C:\xampp\htdocs\bcms2\vendor\twig\twig\lib\Twig\Template.php(265): __TwigTemplate_a9ecf5a1ed9a88722e373d7c71fd1dab->doDisplay(Array, Array)
#8 C:\xampp\htdocs\bcms2\vendor\twig\twig\lib\Twig\Template.php(239): Twig_Template->displayWithErrorHandling(Array, Array)
#9 C:\xampp\htdocs\bcms2\vendor\twig\twig\lib\Twig\Environment.php(321) : eval()'d code(24): Twig_Template->display(Array, Array)
#10 C:\xampp\htdocs\bcms2\vendor\twig\twig\lib\Twig\Template.php(265): __TwigTemplate_04777d7e2b0cb6a5684d893531538301->doDisplay(Array, Array)
#11 C:\xampp\htdocs\bcms2\vendor\twig\twig\lib\Twig\Template.php(239): Twig_Template->displayWithErrorHandling(Array, Array)
#12 C:\xampp\htdocs\bcms2\vendor\twig\twig\lib\Twig\Template.php(250): Twig_Template->display(Array)
#13 C:\xampp\htdocs\bcms2\vendor\slim\extras\Slim\Extras\Views\Twig.php(99): Twig_Template->render(Array)
#14 C:\xampp\htdocs\bcms2\vendor\slim\slim\Slim\View.php(195): Slim\Extras\Views\Twig->render('pages/default.t...')
#15 C:\xampp\htdocs\bcms2\vendor\slim\slim\Slim\View.php(182): Slim\View->fetch('pages/default.t...')
#16 C:\xampp\htdocs\bcms2\vendor\slim\slim\Slim\Slim.php(672): Slim\View->display('pages/default.t...')
#17 C:\xampp\htdocs\bcms2\app\routes\pages.php(25): Slim\Slim->render('pages/default.t...', Array)
#18 [internal function]: {closure}(Array)
#19 C:\xampp\htdocs\bcms2\vendor\slim\slim\Slim\Router.php(172): call_user_func_array(Object(Closure), Array)
#20 C:\xampp\htdocs\bcms2\vendor\slim\slim\Slim\Slim.php(1222): Slim\Router->dispatch(Object(Slim\Route))
#21 C:\xampp\htdocs\bcms2\vendor\slim\slim\Slim\Middleware\Flash.php(86): Slim\Slim->call()
#22 C:\xampp\htdocs\bcms2\vendor\slim\slim\Slim\Middleware\MethodOverride.php(94): Slim\Middleware\Flash->call()
#23 C:\xampp\htdocs\bcms2\vendor\slim\slim\Slim\Middleware\SessionCookie.php(116): Slim\Middleware\MethodOverride->call()
#24 C:\xampp\htdocs\bcms2\vendor\slim\slim\Slim\Middleware\PrettyExceptions.php(67): Slim\Middleware\SessionCookie->call()
#25 C:\xampp\htdocs\bcms2\vendor\slim\slim\Slim\Slim.php(1174): Slim\Middleware\PrettyExceptions->call()
#26 C:\xampp\htdocs\bcms2\public\index.php(23): Slim\Slim->run()
#27 {main}

Next exception 'Twig_Error_Runtime' with message 'An exception has been thrown during the rendering of a template ("Object of class MenuController could not be converted to string") in "pages/default.twig" at line 16.' in C:\xampp\htdocs\bcms2\vendor\twig\twig\lib\Twig\Template.php:280
Stack trace:
#0 C:\xampp\htdocs\bcms2\vendor\twig\twig\lib\Twig\Template.php(239): Twig_Template->displayWithErrorHandling(Array, Array)
#1 C:\xampp\htdocs\bcms2\vendor\twig\twig\lib\Twig\Environment.php(321) : eval()'d code(24): Twig_Template->display(Array, Array)
#2 C:\xampp\htdocs\bcms2\vendor\twig\twig\lib\Twig\Template.php(265): __TwigTemplate_04777d7e2b0cb6a5684d893531538301->doDisplay(Array, Array)
#3 C:\xampp\htdocs\bcms2\vendor\twig\twig\lib\Twig\Template.php(239): Twig_Template->displayWithErrorHandling(Array, Array)
#4 C:\xampp\htdocs\bcms2\vendor\twig\twig\lib\Twig\Template.php(250): Twig_Template->display(Array)
#5 C:\xampp\htdocs\bcms2\vendor\slim\extras\Slim\Extras\Views\Twig.php(99): Twig_Template->render(Array)
#6 C:\xampp\htdocs\bcms2\vendor\slim\slim\Slim\View.php(195): Slim\Extras\Views\Twig->render('pages/default.t...')
#7 C:\xampp\htdocs\bcms2\vendor\slim\slim\Slim\View.php(182): Slim\View->fetch('pages/default.t...')
#8 C:\xampp\htdocs\bcms2\vendor\slim\slim\Slim\Slim.php(672): Slim\View->display('pages/default.t...')
#9 C:\xampp\htdocs\bcms2\app\routes\pages.php(25): Slim\Slim->render('pages/default.t...', Array)
#10 [internal function]: {closure}(Array)
#11 C:\xampp\htdocs\bcms2\vendor\slim\slim\Slim\Router.php(172): call_user_func_array(Object(Closure), Array)
#12 C:\xampp\htdocs\bcms2\vendor\slim\slim\Slim\Slim.php(1222): Slim\Router->dispatch(Object(Slim\Route))
#13 C:\xampp\htdocs\bcms2\vendor\slim\slim\Slim\Middleware\Flash.php(86): Slim\Slim->call()
#14 C:\xampp\htdocs\bcms2\vendor\slim\slim\Slim\Middleware\MethodOverride.php(94): Slim\Middleware\Flash->call()
#15 C:\xampp\htdocs\bcms2\vendor\slim\slim\Slim\Middleware\SessionCookie.php(116): Slim\Middleware\MethodOverride->call()
#16 C:\xampp\htdocs\bcms2\vendor\slim\slim\Slim\Middleware\PrettyExceptions.php(67): Slim\Middleware\SessionCookie->call()
#17 C:\xampp\htdocs\bcms2\vendor\slim\slim\Slim\Slim.php(1174): Slim\Middleware\PrettyExceptions->call()
#18 C:\xampp\htdocs\bcms2\public\index.php(23): Slim\Slim->run()
#19 {main}
ERROR - 2012-12-19T11:04:01+01:00 - exception 'ErrorException' with message 'Object of class MenuController could not be converted to string' in C:\xampp\htdocs\bcms2\app\controller\MenuController.php:43
Stack trace:
#0 C:\xampp\htdocs\bcms2\app\controller\MenuController.php(43): Slim\Slim::handleErrors(4096, 'Object of class...', 'C:\xampp\htdocs...', 43, Array)
#1 C:\xampp\htdocs\bcms2\app\routes\pages.php(18): MenuController->menuTree()
#2 [internal function]: {closure}(Array)
#3 C:\xampp\htdocs\bcms2\vendor\slim\slim\Slim\Router.php(172): call_user_func_array(Object(Closure), Array)
#4 C:\xampp\htdocs\bcms2\vendor\slim\slim\Slim\Slim.php(1222): Slim\Router->dispatch(Object(Slim\Route))
#5 C:\xampp\htdocs\bcms2\vendor\slim\slim\Slim\Middleware\Flash.php(86): Slim\Slim->call()
#6 C:\xampp\htdocs\bcms2\vendor\slim\slim\Slim\Middleware\MethodOverride.php(94): Slim\Middleware\Flash->call()
#7 C:\xampp\htdocs\bcms2\vendor\slim\slim\Slim\Middleware\SessionCookie.php(116): Slim\Middleware\MethodOverride->call()
#8 C:\xampp\htdocs\bcms2\vendor\slim\slim\Slim\Middleware\PrettyExceptions.php(67): Slim\Middleware\SessionCookie->call()
#9 C:\xampp\htdocs\bcms2\vendor\slim\slim\Slim\Slim.php(1174): Slim\Middleware\PrettyExceptions->call()
#10 C:\xampp\htdocs\bcms2\public\index.php(23): Slim\Slim->run()
#11 {main}
ERROR - 2012-12-19T11:04:08+01:00 - exception 'ErrorException' with message 'Object of class MenuController could not be converted to string' in C:\xampp\htdocs\bcms2\app\controller\MenuController.php:43
Stack trace:
#0 C:\xampp\htdocs\bcms2\app\controller\MenuController.php(43): Slim\Slim::handleErrors(4096, 'Object of class...', 'C:\xampp\htdocs...', 43, Array)
#1 C:\xampp\htdocs\bcms2\app\routes\pages.php(18): MenuController->menuTree()
#2 [internal function]: {closure}(Array)
#3 C:\xampp\htdocs\bcms2\vendor\slim\slim\Slim\Router.php(172): call_user_func_array(Object(Closure), Array)
#4 C:\xampp\htdocs\bcms2\vendor\slim\slim\Slim\Slim.php(1222): Slim\Router->dispatch(Object(Slim\Route))
#5 C:\xampp\htdocs\bcms2\vendor\slim\slim\Slim\Middleware\Flash.php(86): Slim\Slim->call()
#6 C:\xampp\htdocs\bcms2\vendor\slim\slim\Slim\Middleware\MethodOverride.php(94): Slim\Middleware\Flash->call()
#7 C:\xampp\htdocs\bcms2\vendor\slim\slim\Slim\Middleware\SessionCookie.php(116): Slim\Middleware\MethodOverride->call()
#8 C:\xampp\htdocs\bcms2\vendor\slim\slim\Slim\Middleware\PrettyExceptions.php(67): Slim\Middleware\SessionCookie->call()
#9 C:\xampp\htdocs\bcms2\vendor\slim\slim\Slim\Slim.php(1174): Slim\Middleware\PrettyExceptions->call()
#10 C:\xampp\htdocs\bcms2\public\index.php(23): Slim\Slim->run()
#11 {main}
ERROR - 2012-12-19T11:04:12+01:00 - exception 'ErrorException' with message 'Object of class MenuController could not be converted to string' in C:\xampp\htdocs\bcms2\app\controller\MenuController.php:43
Stack trace:
#0 C:\xampp\htdocs\bcms2\app\controller\MenuController.php(43): Slim\Slim::handleErrors(4096, 'Object of class...', 'C:\xampp\htdocs...', 43, Array)
#1 C:\xampp\htdocs\bcms2\app\routes\pages.php(18): MenuController->menuTree()
#2 [internal function]: {closure}(Array)
#3 C:\xampp\htdocs\bcms2\vendor\slim\slim\Slim\Router.php(172): call_user_func_array(Object(Closure), Array)
#4 C:\xampp\htdocs\bcms2\vendor\slim\slim\Slim\Slim.php(1222): Slim\Router->dispatch(Object(Slim\Route))
#5 C:\xampp\htdocs\bcms2\vendor\slim\slim\Slim\Middleware\Flash.php(86): Slim\Slim->call()
#6 C:\xampp\htdocs\bcms2\vendor\slim\slim\Slim\Middleware\MethodOverride.php(94): Slim\Middleware\Flash->call()
#7 C:\xampp\htdocs\bcms2\vendor\slim\slim\Slim\Middleware\SessionCookie.php(116): Slim\Middleware\MethodOverride->call()
#8 C:\xampp\htdocs\bcms2\vendor\slim\slim\Slim\Middleware\PrettyExceptions.php(67): Slim\Middleware\SessionCookie->call()
#9 C:\xampp\htdocs\bcms2\vendor\slim\slim\Slim\Slim.php(1174): Slim\Middleware\PrettyExceptions->call()
#10 C:\xampp\htdocs\bcms2\public\index.php(23): Slim\Slim->run()
#11 {main}
ERROR - 2012-12-19T11:08:32+01:00 - exception 'ErrorException' with message 'Object of class MenuController could not be converted to string' in C:\xampp\htdocs\bcms2\app\controller\MenuController.php:43
Stack trace:
#0 C:\xampp\htdocs\bcms2\app\controller\MenuController.php(43): Slim\Slim::handleErrors(4096, 'Object of class...', 'C:\xampp\htdocs...', 43, Array)
#1 C:\xampp\htdocs\bcms2\app\routes\pages.php(18): MenuController->menuTree()
#2 [internal function]: {closure}(Array)
#3 C:\xampp\htdocs\bcms2\vendor\slim\slim\Slim\Router.php(172): call_user_func_array(Object(Closure), Array)
#4 C:\xampp\htdocs\bcms2\vendor\slim\slim\Slim\Slim.php(1222): Slim\Router->dispatch(Object(Slim\Route))
#5 C:\xampp\htdocs\bcms2\vendor\slim\slim\Slim\Middleware\Flash.php(86): Slim\Slim->call()
#6 C:\xampp\htdocs\bcms2\vendor\slim\slim\Slim\Middleware\MethodOverride.php(94): Slim\Middleware\Flash->call()
#7 C:\xampp\htdocs\bcms2\vendor\slim\slim\Slim\Middleware\SessionCookie.php(116): Slim\Middleware\MethodOverride->call()
#8 C:\xampp\htdocs\bcms2\vendor\slim\slim\Slim\Middleware\PrettyExceptions.php(67): Slim\Middleware\SessionCookie->call()
#9 C:\xampp\htdocs\bcms2\vendor\slim\slim\Slim\Slim.php(1174): Slim\Middleware\PrettyExceptions->call()
#10 C:\xampp\htdocs\bcms2\public\index.php(23): Slim\Slim->run()
#11 {main}
ERROR - 2012-12-19T11:08:33+01:00 - exception 'ErrorException' with message 'Object of class MenuController could not be converted to string' in C:\xampp\htdocs\bcms2\app\controller\MenuController.php:43
Stack trace:
#0 C:\xampp\htdocs\bcms2\app\controller\MenuController.php(43): Slim\Slim::handleErrors(4096, 'Object of class...', 'C:\xampp\htdocs...', 43, Array)
#1 C:\xampp\htdocs\bcms2\app\routes\pages.php(18): MenuController->menuTree()
#2 [internal function]: {closure}(Array)
#3 C:\xampp\htdocs\bcms2\vendor\slim\slim\Slim\Router.php(172): call_user_func_array(Object(Closure), Array)
#4 C:\xampp\htdocs\bcms2\vendor\slim\slim\Slim\Slim.php(1222): Slim\Router->dispatch(Object(Slim\Route))
#5 C:\xampp\htdocs\bcms2\vendor\slim\slim\Slim\Middleware\Flash.php(86): Slim\Slim->call()
#6 C:\xampp\htdocs\bcms2\vendor\slim\slim\Slim\Middleware\MethodOverride.php(94): Slim\Middleware\Flash->call()
#7 C:\xampp\htdocs\bcms2\vendor\slim\slim\Slim\Middleware\SessionCookie.php(116): Slim\Middleware\MethodOverride->call()
#8 C:\xampp\htdocs\bcms2\vendor\slim\slim\Slim\Middleware\PrettyExceptions.php(67): Slim\Middleware\SessionCookie->call()
#9 C:\xampp\htdocs\bcms2\vendor\slim\slim\Slim\Slim.php(1174): Slim\Middleware\PrettyExceptions->call()
#10 C:\xampp\htdocs\bcms2\public\index.php(23): Slim\Slim->run()
#11 {main}
ERROR - 2012-12-19T11:22:20+01:00 - exception 'ErrorException' with message 'Argument 3 passed to MenuTree::add() must be an instance of menu, instance of MenuTree given, called in C:\xampp\htdocs\bcms2\app\controller\MenuController.php on line 51 and defined' in C:\xampp\htdocs\bcms2\app\controller\MenuTree.php:59
Stack trace:
#0 C:\xampp\htdocs\bcms2\app\controller\MenuTree.php(59): Slim\Slim::handleErrors(4096, 'Argument 3 pass...', 'C:\xampp\htdocs...', 59, Array)
#1 C:\xampp\htdocs\bcms2\app\controller\MenuController.php(51): MenuTree->add('???????????????...', NULL, Object(MenuTree))
#2 C:\xampp\htdocs\bcms2\app\routes\pages.php(18): MenuController->menuTree()
#3 [internal function]: {closure}(Array)
#4 C:\xampp\htdocs\bcms2\vendor\slim\slim\Slim\Router.php(172): call_user_func_array(Object(Closure), Array)
#5 C:\xampp\htdocs\bcms2\vendor\slim\slim\Slim\Slim.php(1222): Slim\Router->dispatch(Object(Slim\Route))
#6 C:\xampp\htdocs\bcms2\vendor\slim\slim\Slim\Middleware\Flash.php(86): Slim\Slim->call()
#7 C:\xampp\htdocs\bcms2\vendor\slim\slim\Slim\Middleware\MethodOverride.php(94): Slim\Middleware\Flash->call()
#8 C:\xampp\htdocs\bcms2\vendor\slim\slim\Slim\Middleware\SessionCookie.php(116): Slim\Middleware\MethodOverride->call()
#9 C:\xampp\htdocs\bcms2\vendor\slim\slim\Slim\Middleware\PrettyExceptions.php(67): Slim\Middleware\SessionCookie->call()
#10 C:\xampp\htdocs\bcms2\vendor\slim\slim\Slim\Slim.php(1174): Slim\Middleware\PrettyExceptions->call()
#11 C:\xampp\htdocs\bcms2\public\index.php(23): Slim\Slim->run()
#12 {main}
ERROR - 2012-12-19T11:57:07+01:00 - exception 'ErrorException' with message 'Array to string conversion' in C:\xampp\htdocs\bcms2\app\routes\pages.php:20
Stack trace:
#0 C:\xampp\htdocs\bcms2\app\routes\pages.php(20): Slim\Slim::handleErrors(8, 'Array to string...', 'C:\xampp\htdocs...', 20, Array)
#1 [internal function]: {closure}(Array)
#2 C:\xampp\htdocs\bcms2\vendor\slim\slim\Slim\Router.php(172): call_user_func_array(Object(Closure), Array)
#3 C:\xampp\htdocs\bcms2\vendor\slim\slim\Slim\Slim.php(1222): Slim\Router->dispatch(Object(Slim\Route))
#4 C:\xampp\htdocs\bcms2\vendor\slim\slim\Slim\Middleware\Flash.php(86): Slim\Slim->call()
#5 C:\xampp\htdocs\bcms2\vendor\slim\slim\Slim\Middleware\MethodOverride.php(94): Slim\Middleware\Flash->call()
#6 C:\xampp\htdocs\bcms2\vendor\slim\slim\Slim\Middleware\SessionCookie.php(116): Slim\Middleware\MethodOverride->call()
#7 C:\xampp\htdocs\bcms2\vendor\slim\slim\Slim\Middleware\PrettyExceptions.php(67): Slim\Middleware\SessionCookie->call()
#8 C:\xampp\htdocs\bcms2\vendor\slim\slim\Slim\Slim.php(1174): Slim\Middleware\PrettyExceptions->call()
#9 C:\xampp\htdocs\bcms2\public\index.php(23): Slim\Slim->run()
#10 {main}
ERROR - 2012-12-19T12:08:05+01:00 - exception 'ErrorException' with message 'Missing argument 1 for MenuController::build_page_tree(), called in C:\xampp\htdocs\bcms2\app\routes\pages.php on line 20 and defined' in C:\xampp\htdocs\bcms2\app\controller\MenuController.php:37
Stack trace:
#0 C:\xampp\htdocs\bcms2\app\controller\MenuController.php(37): Slim\Slim::handleErrors(2, 'Missing argumen...', 'C:\xampp\htdocs...', 37, Array)
#1 C:\xampp\htdocs\bcms2\app\routes\pages.php(20): MenuController->build_page_tree()
#2 [internal function]: {closure}(Array)
#3 C:\xampp\htdocs\bcms2\vendor\slim\slim\Slim\Router.php(172): call_user_func_array(Object(Closure), Array)
#4 C:\xampp\htdocs\bcms2\vendor\slim\slim\Slim\Slim.php(1222): Slim\Router->dispatch(Object(Slim\Route))
#5 C:\xampp\htdocs\bcms2\vendor\slim\slim\Slim\Middleware\Flash.php(86): Slim\Slim->call()
#6 C:\xampp\htdocs\bcms2\vendor\slim\slim\Slim\Middleware\MethodOverride.php(94): Slim\Middleware\Flash->call()
#7 C:\xampp\htdocs\bcms2\vendor\slim\slim\Slim\Middleware\SessionCookie.php(116): Slim\Middleware\MethodOverride->call()
#8 C:\xampp\htdocs\bcms2\vendor\slim\slim\Slim\Middleware\PrettyExceptions.php(67): Slim\Middleware\SessionCookie->call()
#9 C:\xampp\htdocs\bcms2\vendor\slim\slim\Slim\Slim.php(1174): Slim\Middleware\PrettyExceptions->call()
#10 C:\xampp\htdocs\bcms2\public\index.php(23): Slim\Slim->run()
#11 {main}
ERROR - 2012-12-19T13:02:33+01:00 - exception 'InvalidArgumentException' with message 'Slim::lastModified only accepts an integer UNIX timestamp value.' in C:\xampp\htdocs\bcms2\vendor\slim\slim\Slim\Slim.php:700
Stack trace:
#0 C:\xampp\htdocs\bcms2\app\routes\pages.php(19): Slim\Slim->lastModified('2012-12-19 16:0...')
#1 [internal function]: {closure}(Array)
#2 C:\xampp\htdocs\bcms2\vendor\slim\slim\Slim\Router.php(172): call_user_func_array(Object(Closure), Array)
#3 C:\xampp\htdocs\bcms2\vendor\slim\slim\Slim\Slim.php(1222): Slim\Router->dispatch(Object(Slim\Route))
#4 C:\xampp\htdocs\bcms2\vendor\slim\slim\Slim\Middleware\Flash.php(86): Slim\Slim->call()
#5 C:\xampp\htdocs\bcms2\vendor\slim\slim\Slim\Middleware\MethodOverride.php(94): Slim\Middleware\Flash->call()
#6 C:\xampp\htdocs\bcms2\vendor\slim\slim\Slim\Middleware\SessionCookie.php(116): Slim\Middleware\MethodOverride->call()
#7 C:\xampp\htdocs\bcms2\vendor\slim\slim\Slim\Middleware\PrettyExceptions.php(67): Slim\Middleware\SessionCookie->call()
#8 C:\xampp\htdocs\bcms2\vendor\slim\slim\Slim\Slim.php(1174): Slim\Middleware\PrettyExceptions->call()
#9 C:\xampp\htdocs\bcms2\public\index.php(23): Slim\Slim->run()
#10 {main}
