ERROR - 2012-12-18T10:09:23+01:00 - exception 'Twig_Error_Loader' with message 'Unable to find template "index.twig" (looked into: ../app/view).' in C:\xampp\htdocs\bcms\vendor\twig\twig\lib\Twig\Loader\Filesystem.php:198
Stack trace:
#0 C:\xampp\htdocs\bcms\vendor\twig\twig\lib\Twig\Loader\Filesystem.php(134): Twig_Loader_Filesystem->findTemplate('index.twig')
#1 C:\xampp\htdocs\bcms\vendor\twig\twig\lib\Twig\Environment.php(266): Twig_Loader_Filesystem->getCacheKey('index.twig')
#2 C:\xampp\htdocs\bcms\vendor\twig\twig\lib\Twig\Environment.php(313): Twig_Environment->getTemplateClass('index.twig', NULL)
#3 C:\xampp\htdocs\bcms\vendor\slim\extras\Slim\Extras\Views\Twig.php(97): Twig_Environment->loadTemplate('index.twig')
#4 C:\xampp\htdocs\bcms\vendor\slim\slim\Slim\View.php(195): Slim\Extras\Views\Twig->render('index.twig')
#5 C:\xampp\htdocs\bcms\vendor\slim\slim\Slim\View.php(182): Slim\View->fetch('index.twig')
#6 C:\xampp\htdocs\bcms\vendor\slim\slim\Slim\Slim.php(672): Slim\View->display('index.twig')
#7 C:\xampp\htdocs\bcms\app\routes\pages.php(23): Slim\Slim->render('index.twig', Array)
#8 [internal function]: {closure}(Array)
#9 C:\xampp\htdocs\bcms\vendor\slim\slim\Slim\Router.php(172): call_user_func_array(Object(Closure), Array)
#10 C:\xampp\htdocs\bcms\vendor\slim\slim\Slim\Slim.php(1222): Slim\Router->dispatch(Object(Slim\Route))
#11 C:\xampp\htdocs\bcms\vendor\slim\slim\Slim\Middleware\Flash.php(86): Slim\Slim->call()
#12 C:\xampp\htdocs\bcms\vendor\slim\slim\Slim\Middleware\MethodOverride.php(94): Slim\Middleware\Flash->call()
#13 C:\xampp\htdocs\bcms\vendor\slim\slim\Slim\Middleware\SessionCookie.php(116): Slim\Middleware\MethodOverride->call()
#14 C:\xampp\htdocs\bcms\vendor\slim\slim\Slim\Middleware\PrettyExceptions.php(67): Slim\Middleware\SessionCookie->call()
#15 C:\xampp\htdocs\bcms\vendor\slim\slim\Slim\Slim.php(1174): Slim\Middleware\PrettyExceptions->call()
#16 C:\xampp\htdocs\bcms\public\index.php(14): Slim\Slim->run()
#17 {main}
ERROR - 2012-12-18T10:10:19+01:00 - exception 'Twig_Error_Loader' with message 'Unable to find template "pages/mainpage.html" (looked into: ../app/view).' in C:\xampp\htdocs\bcms\vendor\twig\twig\lib\Twig\Loader\Filesystem.php:198
Stack trace:
#0 C:\xampp\htdocs\bcms\vendor\twig\twig\lib\Twig\Loader\Filesystem.php(134): Twig_Loader_Filesystem->findTemplate('pages/mainpage....')
#1 C:\xampp\htdocs\bcms\vendor\twig\twig\lib\Twig\Environment.php(266): Twig_Loader_Filesystem->getCacheKey('pages/mainpage....')
#2 C:\xampp\htdocs\bcms\vendor\twig\twig\lib\Twig\Environment.php(313): Twig_Environment->getTemplateClass('pages/mainpage....', NULL)
#3 C:\xampp\htdocs\bcms\vendor\slim\extras\Slim\Extras\Views\Twig.php(97): Twig_Environment->loadTemplate('pages/mainpage....')
#4 C:\xampp\htdocs\bcms\vendor\slim\slim\Slim\View.php(195): Slim\Extras\Views\Twig->render('pages/mainpage....')
#5 C:\xampp\htdocs\bcms\vendor\slim\slim\Slim\View.php(182): Slim\View->fetch('pages/mainpage....')
#6 C:\xampp\htdocs\bcms\vendor\slim\slim\Slim\Slim.php(672): Slim\View->display('pages/mainpage....')
#7 C:\xampp\htdocs\bcms\app\routes\pages.php(23): Slim\Slim->render('pages/mainpage....', Array)
#8 [internal function]: {closure}(Array)
#9 C:\xampp\htdocs\bcms\vendor\slim\slim\Slim\Router.php(172): call_user_func_array(Object(Closure), Array)
#10 C:\xampp\htdocs\bcms\vendor\slim\slim\Slim\Slim.php(1222): Slim\Router->dispatch(Object(Slim\Route))
#11 C:\xampp\htdocs\bcms\vendor\slim\slim\Slim\Middleware\Flash.php(86): Slim\Slim->call()
#12 C:\xampp\htdocs\bcms\vendor\slim\slim\Slim\Middleware\MethodOverride.php(94): Slim\Middleware\Flash->call()
#13 C:\xampp\htdocs\bcms\vendor\slim\slim\Slim\Middleware\SessionCookie.php(116): Slim\Middleware\MethodOverride->call()
#14 C:\xampp\htdocs\bcms\vendor\slim\slim\Slim\Middleware\PrettyExceptions.php(67): Slim\Middleware\SessionCookie->call()
#15 C:\xampp\htdocs\bcms\vendor\slim\slim\Slim\Slim.php(1174): Slim\Middleware\PrettyExceptions->call()
#16 C:\xampp\htdocs\bcms\public\index.php(14): Slim\Slim->run()
#17 {main}
ERROR - 2012-12-18T10:16:00+01:00 - exception 'ErrorException' with message 'Invalid argument supplied for foreach()' in C:\xampp\htdocs\bcms\app\controller\PageController.php:32
Stack trace:
#0 C:\xampp\htdocs\bcms\app\controller\PageController.php(32): Slim\Slim::handleErrors(2, 'Invalid argumen...', 'C:\xampp\htdocs...', 32, Array)
#1 C:\xampp\htdocs\bcms\app\routes\pages.php(13): PageController->find(Array)
#2 [internal function]: {closure}(Array)
#3 C:\xampp\htdocs\bcms\vendor\slim\slim\Slim\Router.php(172): call_user_func_array(Object(Closure), Array)
#4 C:\xampp\htdocs\bcms\vendor\slim\slim\Slim\Slim.php(1222): Slim\Router->dispatch(Object(Slim\Route))
#5 C:\xampp\htdocs\bcms\vendor\slim\slim\Slim\Middleware\Flash.php(86): Slim\Slim->call()
#6 C:\xampp\htdocs\bcms\vendor\slim\slim\Slim\Middleware\MethodOverride.php(94): Slim\Middleware\Flash->call()
#7 C:\xampp\htdocs\bcms\vendor\slim\slim\Slim\Middleware\SessionCookie.php(116): Slim\Middleware\MethodOverride->call()
#8 C:\xampp\htdocs\bcms\vendor\slim\slim\Slim\Middleware\PrettyExceptions.php(67): Slim\Middleware\SessionCookie->call()
#9 C:\xampp\htdocs\bcms\vendor\slim\slim\Slim\Slim.php(1174): Slim\Middleware\PrettyExceptions->call()
#10 C:\xampp\htdocs\bcms\public\index.php(14): Slim\Slim->run()
#11 {main}
ERROR - 2012-12-18T10:40:50+01:00 - exception 'ErrorException' with message 'Undefined variable: item' in C:\xampp\htdocs\bcms\app\controller\PageController.php:37
Stack trace:
#0 C:\xampp\htdocs\bcms\app\controller\PageController.php(37): Slim\Slim::handleErrors(8, 'Undefined varia...', 'C:\xampp\htdocs...', 37, Array)
#1 C:\xampp\htdocs\bcms\app\routes\pages.php(13): PageController->find(Array)
#2 [internal function]: {closure}(Array)
#3 C:\xampp\htdocs\bcms\vendor\slim\slim\Slim\Router.php(172): call_user_func_array(Object(Closure), Array)
#4 C:\xampp\htdocs\bcms\vendor\slim\slim\Slim\Slim.php(1222): Slim\Router->dispatch(Object(Slim\Route))
#5 C:\xampp\htdocs\bcms\vendor\slim\slim\Slim\Middleware\Flash.php(86): Slim\Slim->call()
#6 C:\xampp\htdocs\bcms\vendor\slim\slim\Slim\Middleware\MethodOverride.php(94): Slim\Middleware\Flash->call()
#7 C:\xampp\htdocs\bcms\vendor\slim\slim\Slim\Middleware\SessionCookie.php(116): Slim\Middleware\MethodOverride->call()
#8 C:\xampp\htdocs\bcms\vendor\slim\slim\Slim\Middleware\PrettyExceptions.php(67): Slim\Middleware\SessionCookie->call()
#9 C:\xampp\htdocs\bcms\vendor\slim\slim\Slim\Slim.php(1174): Slim\Middleware\PrettyExceptions->call()
#10 C:\xampp\htdocs\bcms\public\index.php(14): Slim\Slim->run()
#11 {main}
ERROR - 2012-12-18T11:08:40+01:00 - exception 'Twig_Error_Loader' with message 'Unable to find template "pages/simple.html" (looked into: ../app/view).' in C:\xampp\htdocs\bcms\vendor\twig\twig\lib\Twig\Loader\Filesystem.php:198
Stack trace:
#0 C:\xampp\htdocs\bcms\vendor\twig\twig\lib\Twig\Loader\Filesystem.php(134): Twig_Loader_Filesystem->findTemplate('pages/simple.ht...')
#1 C:\xampp\htdocs\bcms\vendor\twig\twig\lib\Twig\Environment.php(266): Twig_Loader_Filesystem->getCacheKey('pages/simple.ht...')
#2 C:\xampp\htdocs\bcms\vendor\twig\twig\lib\Twig\Environment.php(313): Twig_Environment->getTemplateClass('pages/simple.ht...', NULL)
#3 C:\xampp\htdocs\bcms\vendor\slim\extras\Slim\Extras\Views\Twig.php(97): Twig_Environment->loadTemplate('pages/simple.ht...')
#4 C:\xampp\htdocs\bcms\vendor\slim\slim\Slim\View.php(195): Slim\Extras\Views\Twig->render('pages/simple.ht...')
#5 C:\xampp\htdocs\bcms\vendor\slim\slim\Slim\View.php(182): Slim\View->fetch('pages/simple.ht...')
#6 C:\xampp\htdocs\bcms\vendor\slim\slim\Slim\Slim.php(672): Slim\View->display('pages/simple.ht...')
#7 C:\xampp\htdocs\bcms\app\routes\pages.php(21): Slim\Slim->render('pages/simple.ht...', Array)
#8 [internal function]: {closure}(Array)
#9 C:\xampp\htdocs\bcms\vendor\slim\slim\Slim\Router.php(172): call_user_func_array(Object(Closure), Array)
#10 C:\xampp\htdocs\bcms\vendor\slim\slim\Slim\Slim.php(1222): Slim\Router->dispatch(Object(Slim\Route))
#11 C:\xampp\htdocs\bcms\vendor\slim\slim\Slim\Middleware\Flash.php(86): Slim\Slim->call()
#12 C:\xampp\htdocs\bcms\vendor\slim\slim\Slim\Middleware\MethodOverride.php(94): Slim\Middleware\Flash->call()
#13 C:\xampp\htdocs\bcms\vendor\slim\slim\Slim\Middleware\SessionCookie.php(116): Slim\Middleware\MethodOverride->call()
#14 C:\xampp\htdocs\bcms\vendor\slim\slim\Slim\Middleware\PrettyExceptions.php(67): Slim\Middleware\SessionCookie->call()
#15 C:\xampp\htdocs\bcms\vendor\slim\slim\Slim\Slim.php(1174): Slim\Middleware\PrettyExceptions->call()
#16 C:\xampp\htdocs\bcms\public\index.php(23): Slim\Slim->run()
#17 {main}
