ERROR - 2012-12-31T21:32:45+01:00 - exception 'Twig_Error_Syntax' with message 'Unexpected tag name "endfor" (expecting closing tag for the "if" tag defined near line 2) in "admin/page-options.twig" at line 6' in C:\xampp\htdocs\bcms2\vendor\twig\twig\lib\Twig\Parser.php:179
Stack trace:
#0 C:\xampp\htdocs\bcms2\vendor\twig\twig\lib\Twig\TokenParser\If.php(41): Twig_Parser->subparse(Array)
#1 C:\xampp\htdocs\bcms2\vendor\twig\twig\lib\Twig\Parser.php(192): Twig_TokenParser_If->parse(Object(Twig_Token))
#2 C:\xampp\htdocs\bcms2\vendor\twig\twig\lib\Twig\TokenParser\For.php(48): Twig_Parser->subparse(Array)
#3 C:\xampp\htdocs\bcms2\vendor\twig\twig\lib\Twig\Parser.php(192): Twig_TokenParser_For->parse(Object(Twig_Token))
#4 C:\xampp\htdocs\bcms2\vendor\twig\twig\lib\Twig\Parser.php(100): Twig_Parser->subparse(NULL, false)
#5 C:\xampp\htdocs\bcms2\vendor\twig\twig\lib\Twig\Environment.php(480): Twig_Parser->parse(Object(Twig_TokenStream))
#6 C:\xampp\htdocs\bcms2\vendor\twig\twig\lib\Twig\Environment.php(530): Twig_Environment->parse(Object(Twig_TokenStream))
#7 C:\xampp\htdocs\bcms2\vendor\twig\twig\lib\Twig\Environment.php(321): Twig_Environment->compileSource('{% for link in ...', 'admin/page-opti...')
#8 C:\xampp\htdocs\bcms2\vendor\twig\twig\lib\Twig\Environment.php(321) : eval()'d code(67): Twig_Environment->loadTemplate('admin/page-opti...')
#9 [internal function]: __TwigTemplate_f3c5ec4ca5d27937f7ad560829281332->block_content(Array, Array)
#10 C:\xampp\htdocs\bcms2\vendor\twig\twig\lib\Twig\Template.php(134): call_user_func(Array, Array, Array)
#11 C:\xampp\htdocs\bcms2\vendor\twig\twig\lib\Twig\Environment.php(321) : eval()'d code(129): Twig_Template->displayBlock('content', Array, Array)
#12 C:\xampp\htdocs\bcms2\vendor\twig\twig\lib\Twig\Template.php(265): __TwigTemplate_0d8dcbede1e125d0cec38235f8fbac18->doDisplay(Array, Array)
#13 C:\xampp\htdocs\bcms2\vendor\twig\twig\lib\Twig\Template.php(239): Twig_Template->displayWithErrorHandling(Array, Array)
#14 C:\xampp\htdocs\bcms2\vendor\twig\twig\lib\Twig\Environment.php(321) : eval()'d code(25): Twig_Template->display(Array, Array)
#15 C:\xampp\htdocs\bcms2\vendor\twig\twig\lib\Twig\Template.php(265): __TwigTemplate_f3c5ec4ca5d27937f7ad560829281332->doDisplay(Array, Array)
#16 C:\xampp\htdocs\bcms2\vendor\twig\twig\lib\Twig\Template.php(239): Twig_Template->displayWithErrorHandling(Array, Array)
#17 C:\xampp\htdocs\bcms2\vendor\twig\twig\lib\Twig\Template.php(250): Twig_Template->display(Array)
#18 C:\xampp\htdocs\bcms2\vendor\slim\extras\Slim\Extras\Views\Twig.php(99): Twig_Template->render(Array)
#19 C:\xampp\htdocs\bcms2\vendor\slim\slim\Slim\View.php(195): Slim\Extras\Views\Twig->render('admin/pages-edi...')
#20 C:\xampp\htdocs\bcms2\vendor\slim\slim\Slim\View.php(182): Slim\View->fetch('admin/pages-edi...')
#21 C:\xampp\htdocs\bcms2\vendor\slim\slim\Slim\Slim.php(672): Slim\View->display('admin/pages-edi...')
#22 C:\xampp\htdocs\bcms2\app\routes\pages.php(26): Slim\Slim->render('admin/pages-edi...')
#23 [internal function]: {closure}('436')
#24 C:\xampp\htdocs\bcms2\vendor\slim\slim\Slim\Router.php(172): call_user_func_array(Object(Closure), Array)
#25 C:\xampp\htdocs\bcms2\vendor\slim\slim\Slim\Slim.php(1222): Slim\Router->dispatch(Object(Slim\Route))
#26 C:\xampp\htdocs\bcms2\vendor\slim\slim\Slim\Middleware\Flash.php(86): Slim\Slim->call()
#27 C:\xampp\htdocs\bcms2\vendor\slim\slim\Slim\Middleware\MethodOverride.php(94): Slim\Middleware\Flash->call()
#28 C:\xampp\htdocs\bcms2\vendor\slim\slim\Slim\Middleware\SessionCookie.php(116): Slim\Middleware\MethodOverride->call()
#29 C:\xampp\htdocs\bcms2\vendor\slim\slim\Slim\Middleware\PrettyExceptions.php(67): Slim\Middleware\SessionCookie->call()
#30 C:\xampp\htdocs\bcms2\vendor\slim\slim\Slim\Slim.php(1174): Slim\Middleware\PrettyExceptions->call()
#31 C:\xampp\htdocs\bcms2\public\index.php(23): Slim\Slim->run()
#32 {main}
ERROR - 2012-12-31T21:37:22+01:00 - exception 'Twig_Error_Syntax' with message 'Expected name or number in "admin/page-options.twig" at line 4' in C:\xampp\htdocs\bcms2\vendor\twig\twig\lib\Twig\ExpressionParser.php:366
Stack trace:
#0 C:\xampp\htdocs\bcms2\vendor\twig\twig\lib\Twig\ExpressionParser.php(284): Twig_ExpressionParser->parseSubscriptExpression(Object(Twig_Node_Expression_Name))
#1 C:\xampp\htdocs\bcms2\vendor\twig\twig\lib\Twig\ExpressionParser.php(175): Twig_ExpressionParser->parsePostfixExpression(Object(Twig_Node_Expression_Name))
#2 C:\xampp\htdocs\bcms2\vendor\twig\twig\lib\Twig\ExpressionParser.php(85): Twig_ExpressionParser->parsePrimaryExpression()
#3 C:\xampp\htdocs\bcms2\vendor\twig\twig\lib\Twig\ExpressionParser.php(42): Twig_ExpressionParser->getPrimary()
#4 C:\xampp\htdocs\bcms2\vendor\twig\twig\lib\Twig\ExpressionParser.php(527): Twig_ExpressionParser->parseExpression()
#5 C:\xampp\htdocs\bcms2\vendor\twig\twig\lib\Twig\TokenParser\Set.php(47): Twig_ExpressionParser->parseMultitargetExpression()
#6 C:\xampp\htdocs\bcms2\vendor\twig\twig\lib\Twig\Parser.php(192): Twig_TokenParser_Set->parse(Object(Twig_Token))
#7 C:\xampp\htdocs\bcms2\vendor\twig\twig\lib\Twig\TokenParser\If.php(41): Twig_Parser->subparse(Array)
#8 C:\xampp\htdocs\bcms2\vendor\twig\twig\lib\Twig\Parser.php(192): Twig_TokenParser_If->parse(Object(Twig_Token))
#9 C:\xampp\htdocs\bcms2\vendor\twig\twig\lib\Twig\TokenParser\For.php(48): Twig_Parser->subparse(Array)
#10 C:\xampp\htdocs\bcms2\vendor\twig\twig\lib\Twig\Parser.php(192): Twig_TokenParser_For->parse(Object(Twig_Token))
#11 C:\xampp\htdocs\bcms2\vendor\twig\twig\lib\Twig\Parser.php(100): Twig_Parser->subparse(NULL, false)
#12 C:\xampp\htdocs\bcms2\vendor\twig\twig\lib\Twig\Environment.php(480): Twig_Parser->parse(Object(Twig_TokenStream))
#13 C:\xampp\htdocs\bcms2\vendor\twig\twig\lib\Twig\Environment.php(530): Twig_Environment->parse(Object(Twig_TokenStream))
#14 C:\xampp\htdocs\bcms2\vendor\twig\twig\lib\Twig\Environment.php(321): Twig_Environment->compileSource('{% for link in ...', 'admin/page-opti...')
#15 C:\xampp\htdocs\bcms2\vendor\twig\twig\lib\Twig\Environment.php(321) : eval()'d code(67): Twig_Environment->loadTemplate('admin/page-opti...')
#16 [internal function]: __TwigTemplate_f3c5ec4ca5d27937f7ad560829281332->block_content(Array, Array)
#17 C:\xampp\htdocs\bcms2\vendor\twig\twig\lib\Twig\Template.php(134): call_user_func(Array, Array, Array)
#18 C:\xampp\htdocs\bcms2\vendor\twig\twig\lib\Twig\Environment.php(321) : eval()'d code(129): Twig_Template->displayBlock('content', Array, Array)
#19 C:\xampp\htdocs\bcms2\vendor\twig\twig\lib\Twig\Template.php(265): __TwigTemplate_0d8dcbede1e125d0cec38235f8fbac18->doDisplay(Array, Array)
#20 C:\xampp\htdocs\bcms2\vendor\twig\twig\lib\Twig\Template.php(239): Twig_Template->displayWithErrorHandling(Array, Array)
#21 C:\xampp\htdocs\bcms2\vendor\twig\twig\lib\Twig\Environment.php(321) : eval()'d code(25): Twig_Template->display(Array, Array)
#22 C:\xampp\htdocs\bcms2\vendor\twig\twig\lib\Twig\Template.php(265): __TwigTemplate_f3c5ec4ca5d27937f7ad560829281332->doDisplay(Array, Array)
#23 C:\xampp\htdocs\bcms2\vendor\twig\twig\lib\Twig\Template.php(239): Twig_Template->displayWithErrorHandling(Array, Array)
#24 C:\xampp\htdocs\bcms2\vendor\twig\twig\lib\Twig\Template.php(250): Twig_Template->display(Array)
#25 C:\xampp\htdocs\bcms2\vendor\slim\extras\Slim\Extras\Views\Twig.php(99): Twig_Template->render(Array)
#26 C:\xampp\htdocs\bcms2\vendor\slim\slim\Slim\View.php(195): Slim\Extras\Views\Twig->render('admin/pages-edi...')
#27 C:\xampp\htdocs\bcms2\vendor\slim\slim\Slim\View.php(182): Slim\View->fetch('admin/pages-edi...')
#28 C:\xampp\htdocs\bcms2\vendor\slim\slim\Slim\Slim.php(672): Slim\View->display('admin/pages-edi...')
#29 C:\xampp\htdocs\bcms2\app\routes\pages.php(26): Slim\Slim->render('admin/pages-edi...')
#30 [internal function]: {closure}('445')
#31 C:\xampp\htdocs\bcms2\vendor\slim\slim\Slim\Router.php(172): call_user_func_array(Object(Closure), Array)
#32 C:\xampp\htdocs\bcms2\vendor\slim\slim\Slim\Slim.php(1222): Slim\Router->dispatch(Object(Slim\Route))
#33 C:\xampp\htdocs\bcms2\vendor\slim\slim\Slim\Middleware\Flash.php(86): Slim\Slim->call()
#34 C:\xampp\htdocs\bcms2\vendor\slim\slim\Slim\Middleware\MethodOverride.php(94): Slim\Middleware\Flash->call()
#35 C:\xampp\htdocs\bcms2\vendor\slim\slim\Slim\Middleware\SessionCookie.php(116): Slim\Middleware\MethodOverride->call()
#36 C:\xampp\htdocs\bcms2\vendor\slim\slim\Slim\Middleware\PrettyExceptions.php(67): Slim\Middleware\SessionCookie->call()
#37 C:\xampp\htdocs\bcms2\vendor\slim\slim\Slim\Slim.php(1174): Slim\Middleware\PrettyExceptions->call()
#38 C:\xampp\htdocs\bcms2\public\index.php(23): Slim\Slim->run()
#39 {main}
ERROR - 2012-12-31T21:41:33+01:00 - exception 'Twig_Error_Syntax' with message 'A block must start with a tag name in "admin/page-options.twig" at line 5' in C:\xampp\htdocs\bcms2\vendor\twig\twig\lib\Twig\Parser.php:156
Stack trace:
#0 C:\xampp\htdocs\bcms2\vendor\twig\twig\lib\Twig\TokenParser\If.php(41): Twig_Parser->subparse(Array)
#1 C:\xampp\htdocs\bcms2\vendor\twig\twig\lib\Twig\Parser.php(192): Twig_TokenParser_If->parse(Object(Twig_Token))
#2 C:\xampp\htdocs\bcms2\vendor\twig\twig\lib\Twig\TokenParser\For.php(48): Twig_Parser->subparse(Array)
#3 C:\xampp\htdocs\bcms2\vendor\twig\twig\lib\Twig\Parser.php(192): Twig_TokenParser_For->parse(Object(Twig_Token))
#4 C:\xampp\htdocs\bcms2\vendor\twig\twig\lib\Twig\Parser.php(100): Twig_Parser->subparse(NULL, false)
#5 C:\xampp\htdocs\bcms2\vendor\twig\twig\lib\Twig\Environment.php(480): Twig_Parser->parse(Object(Twig_TokenStream))
#6 C:\xampp\htdocs\bcms2\vendor\twig\twig\lib\Twig\Environment.php(530): Twig_Environment->parse(Object(Twig_TokenStream))
#7 C:\xampp\htdocs\bcms2\vendor\twig\twig\lib\Twig\Environment.php(321): Twig_Environment->compileSource('{% for link in ...', 'admin/page-opti...')
#8 C:\xampp\htdocs\bcms2\vendor\twig\twig\lib\Twig\Environment.php(321) : eval()'d code(67): Twig_Environment->loadTemplate('admin/page-opti...')
#9 [internal function]: __TwigTemplate_f3c5ec4ca5d27937f7ad560829281332->block_content(Array, Array)
#10 C:\xampp\htdocs\bcms2\vendor\twig\twig\lib\Twig\Template.php(134): call_user_func(Array, Array, Array)
#11 C:\xampp\htdocs\bcms2\vendor\twig\twig\lib\Twig\Environment.php(321) : eval()'d code(129): Twig_Template->displayBlock('content', Array, Array)
#12 C:\xampp\htdocs\bcms2\vendor\twig\twig\lib\Twig\Template.php(265): __TwigTemplate_0d8dcbede1e125d0cec38235f8fbac18->doDisplay(Array, Array)
#13 C:\xampp\htdocs\bcms2\vendor\twig\twig\lib\Twig\Template.php(239): Twig_Template->displayWithErrorHandling(Array, Array)
#14 C:\xampp\htdocs\bcms2\vendor\twig\twig\lib\Twig\Environment.php(321) : eval()'d code(25): Twig_Template->display(Array, Array)
#15 C:\xampp\htdocs\bcms2\vendor\twig\twig\lib\Twig\Template.php(265): __TwigTemplate_f3c5ec4ca5d27937f7ad560829281332->doDisplay(Array, Array)
#16 C:\xampp\htdocs\bcms2\vendor\twig\twig\lib\Twig\Template.php(239): Twig_Template->displayWithErrorHandling(Array, Array)
#17 C:\xampp\htdocs\bcms2\vendor\twig\twig\lib\Twig\Template.php(250): Twig_Template->display(Array)
#18 C:\xampp\htdocs\bcms2\vendor\slim\extras\Slim\Extras\Views\Twig.php(99): Twig_Template->render(Array)
#19 C:\xampp\htdocs\bcms2\vendor\slim\slim\Slim\View.php(195): Slim\Extras\Views\Twig->render('admin/pages-edi...')
#20 C:\xampp\htdocs\bcms2\vendor\slim\slim\Slim\View.php(182): Slim\View->fetch('admin/pages-edi...')
#21 C:\xampp\htdocs\bcms2\vendor\slim\slim\Slim\Slim.php(672): Slim\View->display('admin/pages-edi...')
#22 C:\xampp\htdocs\bcms2\app\routes\pages.php(26): Slim\Slim->render('admin/pages-edi...')
#23 [internal function]: {closure}('445')
#24 C:\xampp\htdocs\bcms2\vendor\slim\slim\Slim\Router.php(172): call_user_func_array(Object(Closure), Array)
#25 C:\xampp\htdocs\bcms2\vendor\slim\slim\Slim\Slim.php(1222): Slim\Router->dispatch(Object(Slim\Route))
#26 C:\xampp\htdocs\bcms2\vendor\slim\slim\Slim\Middleware\Flash.php(86): Slim\Slim->call()
#27 C:\xampp\htdocs\bcms2\vendor\slim\slim\Slim\Middleware\MethodOverride.php(94): Slim\Middleware\Flash->call()
#28 C:\xampp\htdocs\bcms2\vendor\slim\slim\Slim\Middleware\SessionCookie.php(116): Slim\Middleware\MethodOverride->call()
#29 C:\xampp\htdocs\bcms2\vendor\slim\slim\Slim\Middleware\PrettyExceptions.php(67): Slim\Middleware\SessionCookie->call()
#30 C:\xampp\htdocs\bcms2\vendor\slim\slim\Slim\Slim.php(1174): Slim\Middleware\PrettyExceptions->call()
#31 C:\xampp\htdocs\bcms2\public\index.php(23): Slim\Slim->run()
#32 {main}
ERROR - 2012-12-31T21:47:20+01:00 - exception 'Twig_Error_Syntax' with message 'Unexpected token "operator" of value "+" ("end of statement block" expected) in "admin/page-options.twig" at line 5' in C:\xampp\htdocs\bcms2\vendor\twig\twig\lib\Twig\TokenStream.php:77
Stack trace:
#0 C:\xampp\htdocs\bcms2\vendor\twig\twig\lib\Twig\TokenParser\Set.php(61): Twig_TokenStream->expect(3)
#1 C:\xampp\htdocs\bcms2\vendor\twig\twig\lib\Twig\Parser.php(192): Twig_TokenParser_Set->parse(Object(Twig_Token))
#2 C:\xampp\htdocs\bcms2\vendor\twig\twig\lib\Twig\TokenParser\If.php(41): Twig_Parser->subparse(Array)
#3 C:\xampp\htdocs\bcms2\vendor\twig\twig\lib\Twig\Parser.php(192): Twig_TokenParser_If->parse(Object(Twig_Token))
#4 C:\xampp\htdocs\bcms2\vendor\twig\twig\lib\Twig\TokenParser\For.php(48): Twig_Parser->subparse(Array)
#5 C:\xampp\htdocs\bcms2\vendor\twig\twig\lib\Twig\Parser.php(192): Twig_TokenParser_For->parse(Object(Twig_Token))
#6 C:\xampp\htdocs\bcms2\vendor\twig\twig\lib\Twig\Parser.php(100): Twig_Parser->subparse(NULL, false)
#7 C:\xampp\htdocs\bcms2\vendor\twig\twig\lib\Twig\Environment.php(480): Twig_Parser->parse(Object(Twig_TokenStream))
#8 C:\xampp\htdocs\bcms2\vendor\twig\twig\lib\Twig\Environment.php(530): Twig_Environment->parse(Object(Twig_TokenStream))
#9 C:\xampp\htdocs\bcms2\vendor\twig\twig\lib\Twig\Environment.php(321): Twig_Environment->compileSource('{% for link in ...', 'admin/page-opti...')
#10 C:\xampp\htdocs\bcms2\vendor\twig\twig\lib\Twig\Environment.php(321) : eval()'d code(67): Twig_Environment->loadTemplate('admin/page-opti...')
#11 [internal function]: __TwigTemplate_f3c5ec4ca5d27937f7ad560829281332->block_content(Array, Array)
#12 C:\xampp\htdocs\bcms2\vendor\twig\twig\lib\Twig\Template.php(134): call_user_func(Array, Array, Array)
#13 C:\xampp\htdocs\bcms2\vendor\twig\twig\lib\Twig\Environment.php(321) : eval()'d code(129): Twig_Template->displayBlock('content', Array, Array)
#14 C:\xampp\htdocs\bcms2\vendor\twig\twig\lib\Twig\Template.php(265): __TwigTemplate_0d8dcbede1e125d0cec38235f8fbac18->doDisplay(Array, Array)
#15 C:\xampp\htdocs\bcms2\vendor\twig\twig\lib\Twig\Template.php(239): Twig_Template->displayWithErrorHandling(Array, Array)
#16 C:\xampp\htdocs\bcms2\vendor\twig\twig\lib\Twig\Environment.php(321) : eval()'d code(25): Twig_Template->display(Array, Array)
#17 C:\xampp\htdocs\bcms2\vendor\twig\twig\lib\Twig\Template.php(265): __TwigTemplate_f3c5ec4ca5d27937f7ad560829281332->doDisplay(Array, Array)
#18 C:\xampp\htdocs\bcms2\vendor\twig\twig\lib\Twig\Template.php(239): Twig_Template->displayWithErrorHandling(Array, Array)
#19 C:\xampp\htdocs\bcms2\vendor\twig\twig\lib\Twig\Template.php(250): Twig_Template->display(Array)
#20 C:\xampp\htdocs\bcms2\vendor\slim\extras\Slim\Extras\Views\Twig.php(99): Twig_Template->render(Array)
#21 C:\xampp\htdocs\bcms2\vendor\slim\slim\Slim\View.php(195): Slim\Extras\Views\Twig->render('admin/pages-edi...')
#22 C:\xampp\htdocs\bcms2\vendor\slim\slim\Slim\View.php(182): Slim\View->fetch('admin/pages-edi...')
#23 C:\xampp\htdocs\bcms2\vendor\slim\slim\Slim\Slim.php(672): Slim\View->display('admin/pages-edi...')
#24 C:\xampp\htdocs\bcms2\app\routes\pages.php(26): Slim\Slim->render('admin/pages-edi...')
#25 [internal function]: {closure}('445')
#26 C:\xampp\htdocs\bcms2\vendor\slim\slim\Slim\Router.php(172): call_user_func_array(Object(Closure), Array)
#27 C:\xampp\htdocs\bcms2\vendor\slim\slim\Slim\Slim.php(1222): Slim\Router->dispatch(Object(Slim\Route))
#28 C:\xampp\htdocs\bcms2\vendor\slim\slim\Slim\Middleware\Flash.php(86): Slim\Slim->call()
#29 C:\xampp\htdocs\bcms2\vendor\slim\slim\Slim\Middleware\MethodOverride.php(94): Slim\Middleware\Flash->call()
#30 C:\xampp\htdocs\bcms2\vendor\slim\slim\Slim\Middleware\SessionCookie.php(116): Slim\Middleware\MethodOverride->call()
#31 C:\xampp\htdocs\bcms2\vendor\slim\slim\Slim\Middleware\PrettyExceptions.php(67): Slim\Middleware\SessionCookie->call()
#32 C:\xampp\htdocs\bcms2\vendor\slim\slim\Slim\Slim.php(1174): Slim\Middleware\PrettyExceptions->call()
#33 C:\xampp\htdocs\bcms2\public\index.php(23): Slim\Slim->run()
#34 {main}
ERROR - 2012-12-31T21:48:47+01:00 - exception 'Twig_Error_Syntax' with message 'Unexpected tag name "foo" (expecting closing tag for the "if" tag defined near line 5) in "admin/page-options.twig" at line 5' in C:\xampp\htdocs\bcms2\vendor\twig\twig\lib\Twig\Parser.php:179
Stack trace:
#0 C:\xampp\htdocs\bcms2\vendor\twig\twig\lib\Twig\TokenParser\If.php(41): Twig_Parser->subparse(Array)
#1 C:\xampp\htdocs\bcms2\vendor\twig\twig\lib\Twig\Parser.php(192): Twig_TokenParser_If->parse(Object(Twig_Token))
#2 C:\xampp\htdocs\bcms2\vendor\twig\twig\lib\Twig\TokenParser\For.php(48): Twig_Parser->subparse(Array)
#3 C:\xampp\htdocs\bcms2\vendor\twig\twig\lib\Twig\Parser.php(192): Twig_TokenParser_For->parse(Object(Twig_Token))
#4 C:\xampp\htdocs\bcms2\vendor\twig\twig\lib\Twig\Parser.php(100): Twig_Parser->subparse(NULL, false)
#5 C:\xampp\htdocs\bcms2\vendor\twig\twig\lib\Twig\Environment.php(480): Twig_Parser->parse(Object(Twig_TokenStream))
#6 C:\xampp\htdocs\bcms2\vendor\twig\twig\lib\Twig\Environment.php(530): Twig_Environment->parse(Object(Twig_TokenStream))
#7 C:\xampp\htdocs\bcms2\vendor\twig\twig\lib\Twig\Environment.php(321): Twig_Environment->compileSource('{% for link in ...', 'admin/page-opti...')
#8 C:\xampp\htdocs\bcms2\vendor\twig\twig\lib\Twig\Environment.php(321) : eval()'d code(67): Twig_Environment->loadTemplate('admin/page-opti...')
#9 [internal function]: __TwigTemplate_f3c5ec4ca5d27937f7ad560829281332->block_content(Array, Array)
#10 C:\xampp\htdocs\bcms2\vendor\twig\twig\lib\Twig\Template.php(134): call_user_func(Array, Array, Array)
#11 C:\xampp\htdocs\bcms2\vendor\twig\twig\lib\Twig\Environment.php(321) : eval()'d code(129): Twig_Template->displayBlock('content', Array, Array)
#12 C:\xampp\htdocs\bcms2\vendor\twig\twig\lib\Twig\Template.php(265): __TwigTemplate_0d8dcbede1e125d0cec38235f8fbac18->doDisplay(Array, Array)
#13 C:\xampp\htdocs\bcms2\vendor\twig\twig\lib\Twig\Template.php(239): Twig_Template->displayWithErrorHandling(Array, Array)
#14 C:\xampp\htdocs\bcms2\vendor\twig\twig\lib\Twig\Environment.php(321) : eval()'d code(25): Twig_Template->display(Array, Array)
#15 C:\xampp\htdocs\bcms2\vendor\twig\twig\lib\Twig\Template.php(265): __TwigTemplate_f3c5ec4ca5d27937f7ad560829281332->doDisplay(Array, Array)
#16 C:\xampp\htdocs\bcms2\vendor\twig\twig\lib\Twig\Template.php(239): Twig_Template->displayWithErrorHandling(Array, Array)
#17 C:\xampp\htdocs\bcms2\vendor\twig\twig\lib\Twig\Template.php(250): Twig_Template->display(Array)
#18 C:\xampp\htdocs\bcms2\vendor\slim\extras\Slim\Extras\Views\Twig.php(99): Twig_Template->render(Array)
#19 C:\xampp\htdocs\bcms2\vendor\slim\slim\Slim\View.php(195): Slim\Extras\Views\Twig->render('admin/pages-edi...')
#20 C:\xampp\htdocs\bcms2\vendor\slim\slim\Slim\View.php(182): Slim\View->fetch('admin/pages-edi...')
#21 C:\xampp\htdocs\bcms2\vendor\slim\slim\Slim\Slim.php(672): Slim\View->display('admin/pages-edi...')
#22 C:\xampp\htdocs\bcms2\app\routes\pages.php(26): Slim\Slim->render('admin/pages-edi...')
#23 [internal function]: {closure}('445')
#24 C:\xampp\htdocs\bcms2\vendor\slim\slim\Slim\Router.php(172): call_user_func_array(Object(Closure), Array)
#25 C:\xampp\htdocs\bcms2\vendor\slim\slim\Slim\Slim.php(1222): Slim\Router->dispatch(Object(Slim\Route))
#26 C:\xampp\htdocs\bcms2\vendor\slim\slim\Slim\Middleware\Flash.php(86): Slim\Slim->call()
#27 C:\xampp\htdocs\bcms2\vendor\slim\slim\Slim\Middleware\MethodOverride.php(94): Slim\Middleware\Flash->call()
#28 C:\xampp\htdocs\bcms2\vendor\slim\slim\Slim\Middleware\SessionCookie.php(116): Slim\Middleware\MethodOverride->call()
#29 C:\xampp\htdocs\bcms2\vendor\slim\slim\Slim\Middleware\PrettyExceptions.php(67): Slim\Middleware\SessionCookie->call()
#30 C:\xampp\htdocs\bcms2\vendor\slim\slim\Slim\Slim.php(1174): Slim\Middleware\PrettyExceptions->call()
#31 C:\xampp\htdocs\bcms2\public\index.php(23): Slim\Slim->run()
#32 {main}
ERROR - 2012-12-31T21:48:56+01:00 - exception 'Twig_Error_Syntax' with message 'Unexpected token "end of print statement" of value "" in "admin/page-options.twig" at line 5' in C:\xampp\htdocs\bcms2\vendor\twig\twig\lib\Twig\ExpressionParser.php:171
Stack trace:
#0 C:\xampp\htdocs\bcms2\vendor\twig\twig\lib\Twig\ExpressionParser.php(85): Twig_ExpressionParser->parsePrimaryExpression()
#1 C:\xampp\htdocs\bcms2\vendor\twig\twig\lib\Twig\ExpressionParser.php(42): Twig_ExpressionParser->getPrimary()
#2 C:\xampp\htdocs\bcms2\vendor\twig\twig\lib\Twig\ExpressionParser.php(73): Twig_ExpressionParser->parseExpression(500)
#3 C:\xampp\htdocs\bcms2\vendor\twig\twig\lib\Twig\ExpressionParser.php(42): Twig_ExpressionParser->getPrimary()
#4 C:\xampp\htdocs\bcms2\vendor\twig\twig\lib\Twig\ExpressionParser.php(51): Twig_ExpressionParser->parseExpression(31)
#5 C:\xampp\htdocs\bcms2\vendor\twig\twig\lib\Twig\Parser.php(146): Twig_ExpressionParser->parseExpression()
#6 C:\xampp\htdocs\bcms2\vendor\twig\twig\lib\Twig\TokenParser\If.php(41): Twig_Parser->subparse(Array)
#7 C:\xampp\htdocs\bcms2\vendor\twig\twig\lib\Twig\Parser.php(192): Twig_TokenParser_If->parse(Object(Twig_Token))
#8 C:\xampp\htdocs\bcms2\vendor\twig\twig\lib\Twig\TokenParser\For.php(48): Twig_Parser->subparse(Array)
#9 C:\xampp\htdocs\bcms2\vendor\twig\twig\lib\Twig\Parser.php(192): Twig_TokenParser_For->parse(Object(Twig_Token))
#10 C:\xampp\htdocs\bcms2\vendor\twig\twig\lib\Twig\Parser.php(100): Twig_Parser->subparse(NULL, false)
#11 C:\xampp\htdocs\bcms2\vendor\twig\twig\lib\Twig\Environment.php(480): Twig_Parser->parse(Object(Twig_TokenStream))
#12 C:\xampp\htdocs\bcms2\vendor\twig\twig\lib\Twig\Environment.php(530): Twig_Environment->parse(Object(Twig_TokenStream))
#13 C:\xampp\htdocs\bcms2\vendor\twig\twig\lib\Twig\Environment.php(321): Twig_Environment->compileSource('{% for link in ...', 'admin/page-opti...')
#14 C:\xampp\htdocs\bcms2\vendor\twig\twig\lib\Twig\Environment.php(321) : eval()'d code(67): Twig_Environment->loadTemplate('admin/page-opti...')
#15 [internal function]: __TwigTemplate_f3c5ec4ca5d27937f7ad560829281332->block_content(Array, Array)
#16 C:\xampp\htdocs\bcms2\vendor\twig\twig\lib\Twig\Template.php(134): call_user_func(Array, Array, Array)
#17 C:\xampp\htdocs\bcms2\vendor\twig\twig\lib\Twig\Environment.php(321) : eval()'d code(129): Twig_Template->displayBlock('content', Array, Array)
#18 C:\xampp\htdocs\bcms2\vendor\twig\twig\lib\Twig\Template.php(265): __TwigTemplate_0d8dcbede1e125d0cec38235f8fbac18->doDisplay(Array, Array)
#19 C:\xampp\htdocs\bcms2\vendor\twig\twig\lib\Twig\Template.php(239): Twig_Template->displayWithErrorHandling(Array, Array)
#20 C:\xampp\htdocs\bcms2\vendor\twig\twig\lib\Twig\Environment.php(321) : eval()'d code(25): Twig_Template->display(Array, Array)
#21 C:\xampp\htdocs\bcms2\vendor\twig\twig\lib\Twig\Template.php(265): __TwigTemplate_f3c5ec4ca5d27937f7ad560829281332->doDisplay(Array, Array)
#22 C:\xampp\htdocs\bcms2\vendor\twig\twig\lib\Twig\Template.php(239): Twig_Template->displayWithErrorHandling(Array, Array)
#23 C:\xampp\htdocs\bcms2\vendor\twig\twig\lib\Twig\Template.php(250): Twig_Template->display(Array)
#24 C:\xampp\htdocs\bcms2\vendor\slim\extras\Slim\Extras\Views\Twig.php(99): Twig_Template->render(Array)
#25 C:\xampp\htdocs\bcms2\vendor\slim\slim\Slim\View.php(195): Slim\Extras\Views\Twig->render('admin/pages-edi...')
#26 C:\xampp\htdocs\bcms2\vendor\slim\slim\Slim\View.php(182): Slim\View->fetch('admin/pages-edi...')
#27 C:\xampp\htdocs\bcms2\vendor\slim\slim\Slim\Slim.php(672): Slim\View->display('admin/pages-edi...')
#28 C:\xampp\htdocs\bcms2\app\routes\pages.php(26): Slim\Slim->render('admin/pages-edi...')
#29 [internal function]: {closure}('445')
#30 C:\xampp\htdocs\bcms2\vendor\slim\slim\Slim\Router.php(172): call_user_func_array(Object(Closure), Array)
#31 C:\xampp\htdocs\bcms2\vendor\slim\slim\Slim\Slim.php(1222): Slim\Router->dispatch(Object(Slim\Route))
#32 C:\xampp\htdocs\bcms2\vendor\slim\slim\Slim\Middleware\Flash.php(86): Slim\Slim->call()
#33 C:\xampp\htdocs\bcms2\vendor\slim\slim\Slim\Middleware\MethodOverride.php(94): Slim\Middleware\Flash->call()
#34 C:\xampp\htdocs\bcms2\vendor\slim\slim\Slim\Middleware\SessionCookie.php(116): Slim\Middleware\MethodOverride->call()
#35 C:\xampp\htdocs\bcms2\vendor\slim\slim\Slim\Middleware\PrettyExceptions.php(67): Slim\Middleware\SessionCookie->call()
#36 C:\xampp\htdocs\bcms2\vendor\slim\slim\Slim\Slim.php(1174): Slim\Middleware\PrettyExceptions->call()
#37 C:\xampp\htdocs\bcms2\public\index.php(23): Slim\Slim->run()
#38 {main}
ERROR - 2012-12-31T21:48:59+01:00 - exception 'Twig_Error_Syntax' with message 'Unexpected token "end of print statement" of value "" in "admin/page-options.twig" at line 5' in C:\xampp\htdocs\bcms2\vendor\twig\twig\lib\Twig\ExpressionParser.php:171
Stack trace:
#0 C:\xampp\htdocs\bcms2\vendor\twig\twig\lib\Twig\ExpressionParser.php(85): Twig_ExpressionParser->parsePrimaryExpression()
#1 C:\xampp\htdocs\bcms2\vendor\twig\twig\lib\Twig\ExpressionParser.php(42): Twig_ExpressionParser->getPrimary()
#2 C:\xampp\htdocs\bcms2\vendor\twig\twig\lib\Twig\ExpressionParser.php(73): Twig_ExpressionParser->parseExpression(500)
#3 C:\xampp\htdocs\bcms2\vendor\twig\twig\lib\Twig\ExpressionParser.php(42): Twig_ExpressionParser->getPrimary()
#4 C:\xampp\htdocs\bcms2\vendor\twig\twig\lib\Twig\ExpressionParser.php(51): Twig_ExpressionParser->parseExpression(31)
#5 C:\xampp\htdocs\bcms2\vendor\twig\twig\lib\Twig\Parser.php(146): Twig_ExpressionParser->parseExpression()
#6 C:\xampp\htdocs\bcms2\vendor\twig\twig\lib\Twig\TokenParser\If.php(41): Twig_Parser->subparse(Array)
#7 C:\xampp\htdocs\bcms2\vendor\twig\twig\lib\Twig\Parser.php(192): Twig_TokenParser_If->parse(Object(Twig_Token))
#8 C:\xampp\htdocs\bcms2\vendor\twig\twig\lib\Twig\TokenParser\For.php(48): Twig_Parser->subparse(Array)
#9 C:\xampp\htdocs\bcms2\vendor\twig\twig\lib\Twig\Parser.php(192): Twig_TokenParser_For->parse(Object(Twig_Token))
#10 C:\xampp\htdocs\bcms2\vendor\twig\twig\lib\Twig\Parser.php(100): Twig_Parser->subparse(NULL, false)
#11 C:\xampp\htdocs\bcms2\vendor\twig\twig\lib\Twig\Environment.php(480): Twig_Parser->parse(Object(Twig_TokenStream))
#12 C:\xampp\htdocs\bcms2\vendor\twig\twig\lib\Twig\Environment.php(530): Twig_Environment->parse(Object(Twig_TokenStream))
#13 C:\xampp\htdocs\bcms2\vendor\twig\twig\lib\Twig\Environment.php(321): Twig_Environment->compileSource('{% for link in ...', 'admin/page-opti...')
#14 C:\xampp\htdocs\bcms2\vendor\twig\twig\lib\Twig\Environment.php(321) : eval()'d code(67): Twig_Environment->loadTemplate('admin/page-opti...')
#15 [internal function]: __TwigTemplate_f3c5ec4ca5d27937f7ad560829281332->block_content(Array, Array)
#16 C:\xampp\htdocs\bcms2\vendor\twig\twig\lib\Twig\Template.php(134): call_user_func(Array, Array, Array)
#17 C:\xampp\htdocs\bcms2\vendor\twig\twig\lib\Twig\Environment.php(321) : eval()'d code(129): Twig_Template->displayBlock('content', Array, Array)
#18 C:\xampp\htdocs\bcms2\vendor\twig\twig\lib\Twig\Template.php(265): __TwigTemplate_0d8dcbede1e125d0cec38235f8fbac18->doDisplay(Array, Array)
#19 C:\xampp\htdocs\bcms2\vendor\twig\twig\lib\Twig\Template.php(239): Twig_Template->displayWithErrorHandling(Array, Array)
#20 C:\xampp\htdocs\bcms2\vendor\twig\twig\lib\Twig\Environment.php(321) : eval()'d code(25): Twig_Template->display(Array, Array)
#21 C:\xampp\htdocs\bcms2\vendor\twig\twig\lib\Twig\Template.php(265): __TwigTemplate_f3c5ec4ca5d27937f7ad560829281332->doDisplay(Array, Array)
#22 C:\xampp\htdocs\bcms2\vendor\twig\twig\lib\Twig\Template.php(239): Twig_Template->displayWithErrorHandling(Array, Array)
#23 C:\xampp\htdocs\bcms2\vendor\twig\twig\lib\Twig\Template.php(250): Twig_Template->display(Array)
#24 C:\xampp\htdocs\bcms2\vendor\slim\extras\Slim\Extras\Views\Twig.php(99): Twig_Template->render(Array)
#25 C:\xampp\htdocs\bcms2\vendor\slim\slim\Slim\View.php(195): Slim\Extras\Views\Twig->render('admin/pages-edi...')
#26 C:\xampp\htdocs\bcms2\vendor\slim\slim\Slim\View.php(182): Slim\View->fetch('admin/pages-edi...')
#27 C:\xampp\htdocs\bcms2\vendor\slim\slim\Slim\Slim.php(672): Slim\View->display('admin/pages-edi...')
#28 C:\xampp\htdocs\bcms2\app\routes\pages.php(26): Slim\Slim->render('admin/pages-edi...')
#29 [internal function]: {closure}('445')
#30 C:\xampp\htdocs\bcms2\vendor\slim\slim\Slim\Router.php(172): call_user_func_array(Object(Closure), Array)
#31 C:\xampp\htdocs\bcms2\vendor\slim\slim\Slim\Slim.php(1222): Slim\Router->dispatch(Object(Slim\Route))
#32 C:\xampp\htdocs\bcms2\vendor\slim\slim\Slim\Middleware\Flash.php(86): Slim\Slim->call()
#33 C:\xampp\htdocs\bcms2\vendor\slim\slim\Slim\Middleware\MethodOverride.php(94): Slim\Middleware\Flash->call()
#34 C:\xampp\htdocs\bcms2\vendor\slim\slim\Slim\Middleware\SessionCookie.php(116): Slim\Middleware\MethodOverride->call()
#35 C:\xampp\htdocs\bcms2\vendor\slim\slim\Slim\Middleware\PrettyExceptions.php(67): Slim\Middleware\SessionCookie->call()
#36 C:\xampp\htdocs\bcms2\vendor\slim\slim\Slim\Slim.php(1174): Slim\Middleware\PrettyExceptions->call()
#37 C:\xampp\htdocs\bcms2\public\index.php(23): Slim\Slim->run()
#38 {main}
ERROR - 2012-12-31T22:00:53+01:00 - exception 'Twig_Error_Syntax' with message 'Expected name or number in "admin/page-options.twig" at line 4' in C:\xampp\htdocs\bcms2\vendor\twig\twig\lib\Twig\ExpressionParser.php:366
Stack trace:
#0 C:\xampp\htdocs\bcms2\vendor\twig\twig\lib\Twig\ExpressionParser.php(284): Twig_ExpressionParser->parseSubscriptExpression(Object(Twig_Node_Expression_Name))
#1 C:\xampp\htdocs\bcms2\vendor\twig\twig\lib\Twig\ExpressionParser.php(175): Twig_ExpressionParser->parsePostfixExpression(Object(Twig_Node_Expression_Name))
#2 C:\xampp\htdocs\bcms2\vendor\twig\twig\lib\Twig\ExpressionParser.php(85): Twig_ExpressionParser->parsePrimaryExpression()
#3 C:\xampp\htdocs\bcms2\vendor\twig\twig\lib\Twig\ExpressionParser.php(42): Twig_ExpressionParser->getPrimary()
#4 C:\xampp\htdocs\bcms2\vendor\twig\twig\lib\Twig\ExpressionParser.php(527): Twig_ExpressionParser->parseExpression()
#5 C:\xampp\htdocs\bcms2\vendor\twig\twig\lib\Twig\TokenParser\Set.php(47): Twig_ExpressionParser->parseMultitargetExpression()
#6 C:\xampp\htdocs\bcms2\vendor\twig\twig\lib\Twig\Parser.php(192): Twig_TokenParser_Set->parse(Object(Twig_Token))
#7 C:\xampp\htdocs\bcms2\vendor\twig\twig\lib\Twig\TokenParser\If.php(41): Twig_Parser->subparse(Array)
#8 C:\xampp\htdocs\bcms2\vendor\twig\twig\lib\Twig\Parser.php(192): Twig_TokenParser_If->parse(Object(Twig_Token))
#9 C:\xampp\htdocs\bcms2\vendor\twig\twig\lib\Twig\TokenParser\For.php(48): Twig_Parser->subparse(Array)
#10 C:\xampp\htdocs\bcms2\vendor\twig\twig\lib\Twig\Parser.php(192): Twig_TokenParser_For->parse(Object(Twig_Token))
#11 C:\xampp\htdocs\bcms2\vendor\twig\twig\lib\Twig\Parser.php(100): Twig_Parser->subparse(NULL, false)
#12 C:\xampp\htdocs\bcms2\vendor\twig\twig\lib\Twig\Environment.php(480): Twig_Parser->parse(Object(Twig_TokenStream))
#13 C:\xampp\htdocs\bcms2\vendor\twig\twig\lib\Twig\Environment.php(530): Twig_Environment->parse(Object(Twig_TokenStream))
#14 C:\xampp\htdocs\bcms2\vendor\twig\twig\lib\Twig\Environment.php(321): Twig_Environment->compileSource('{% for link in ...', 'admin/page-opti...')
#15 C:\xampp\htdocs\bcms2\vendor\twig\twig\lib\Twig\Environment.php(321) : eval()'d code(70): Twig_Environment->loadTemplate('admin/page-opti...')
#16 [internal function]: __TwigTemplate_f3c5ec4ca5d27937f7ad560829281332->block_content(Array, Array)
#17 C:\xampp\htdocs\bcms2\vendor\twig\twig\lib\Twig\Template.php(134): call_user_func(Array, Array, Array)
#18 C:\xampp\htdocs\bcms2\vendor\twig\twig\lib\Twig\Environment.php(321) : eval()'d code(129): Twig_Template->displayBlock('content', Array, Array)
#19 C:\xampp\htdocs\bcms2\vendor\twig\twig\lib\Twig\Template.php(265): __TwigTemplate_0d8dcbede1e125d0cec38235f8fbac18->doDisplay(Array, Array)
#20 C:\xampp\htdocs\bcms2\vendor\twig\twig\lib\Twig\Template.php(239): Twig_Template->displayWithErrorHandling(Array, Array)
#21 C:\xampp\htdocs\bcms2\vendor\twig\twig\lib\Twig\Environment.php(321) : eval()'d code(25): Twig_Template->display(Array, Array)
#22 C:\xampp\htdocs\bcms2\vendor\twig\twig\lib\Twig\Template.php(265): __TwigTemplate_f3c5ec4ca5d27937f7ad560829281332->doDisplay(Array, Array)
#23 C:\xampp\htdocs\bcms2\vendor\twig\twig\lib\Twig\Template.php(239): Twig_Template->displayWithErrorHandling(Array, Array)
#24 C:\xampp\htdocs\bcms2\vendor\twig\twig\lib\Twig\Template.php(250): Twig_Template->display(Array)
#25 C:\xampp\htdocs\bcms2\vendor\slim\extras\Slim\Extras\Views\Twig.php(99): Twig_Template->render(Array)
#26 C:\xampp\htdocs\bcms2\vendor\slim\slim\Slim\View.php(195): Slim\Extras\Views\Twig->render('admin/pages-edi...')
#27 C:\xampp\htdocs\bcms2\vendor\slim\slim\Slim\View.php(182): Slim\View->fetch('admin/pages-edi...')
#28 C:\xampp\htdocs\bcms2\vendor\slim\slim\Slim\Slim.php(672): Slim\View->display('admin/pages-edi...')
#29 C:\xampp\htdocs\bcms2\app\routes\pages.php(26): Slim\Slim->render('admin/pages-edi...')
#30 [internal function]: {closure}('445')
#31 C:\xampp\htdocs\bcms2\vendor\slim\slim\Slim\Router.php(172): call_user_func_array(Object(Closure), Array)
#32 C:\xampp\htdocs\bcms2\vendor\slim\slim\Slim\Slim.php(1222): Slim\Router->dispatch(Object(Slim\Route))
#33 C:\xampp\htdocs\bcms2\vendor\slim\slim\Slim\Middleware\Flash.php(86): Slim\Slim->call()
#34 C:\xampp\htdocs\bcms2\vendor\slim\slim\Slim\Middleware\MethodOverride.php(94): Slim\Middleware\Flash->call()
#35 C:\xampp\htdocs\bcms2\vendor\slim\slim\Slim\Middleware\SessionCookie.php(116): Slim\Middleware\MethodOverride->call()
#36 C:\xampp\htdocs\bcms2\vendor\slim\slim\Slim\Middleware\PrettyExceptions.php(67): Slim\Middleware\SessionCookie->call()
#37 C:\xampp\htdocs\bcms2\vendor\slim\slim\Slim\Slim.php(1174): Slim\Middleware\PrettyExceptions->call()
#38 C:\xampp\htdocs\bcms2\public\index.php(23): Slim\Slim->run()
#39 {main}
ERROR - 2012-12-31T22:03:53+01:00 - exception 'Twig_Error_Syntax' with message 'The function "template_from_string" does not exist in "pages/default.twig" at line 8' in C:\xampp\htdocs\bcms2\vendor\twig\twig\lib\Twig\ExpressionParser.php:547
Stack trace:
#0 C:\xampp\htdocs\bcms2\vendor\twig\twig\lib\Twig\ExpressionParser.php(335): Twig_ExpressionParser->getFunctionNodeClass('template_from_s...', 8)
#1 C:\xampp\htdocs\bcms2\vendor\twig\twig\lib\Twig\ExpressionParser.php(148): Twig_ExpressionParser->getFunctionNode('template_from_s...', 8)
#2 C:\xampp\htdocs\bcms2\vendor\twig\twig\lib\Twig\ExpressionParser.php(85): Twig_ExpressionParser->parsePrimaryExpression()
#3 C:\xampp\htdocs\bcms2\vendor\twig\twig\lib\Twig\ExpressionParser.php(42): Twig_ExpressionParser->getPrimary()
#4 C:\xampp\htdocs\bcms2\vendor\twig\twig\lib\Twig\TokenParser\Include.php(33): Twig_ExpressionParser->parseExpression()
#5 C:\xampp\htdocs\bcms2\vendor\twig\twig\lib\Twig\Parser.php(192): Twig_TokenParser_Include->parse(Object(Twig_Token))
#6 C:\xampp\htdocs\bcms2\vendor\twig\twig\lib\Twig\TokenParser\Block.php(47): Twig_Parser->subparse(Array, true)
#7 C:\xampp\htdocs\bcms2\vendor\twig\twig\lib\Twig\Parser.php(192): Twig_TokenParser_Block->parse(Object(Twig_Token))
#8 C:\xampp\htdocs\bcms2\vendor\twig\twig\lib\Twig\Parser.php(100): Twig_Parser->subparse(NULL, false)
#9 C:\xampp\htdocs\bcms2\vendor\twig\twig\lib\Twig\Environment.php(480): Twig_Parser->parse(Object(Twig_TokenStream))
#10 C:\xampp\htdocs\bcms2\vendor\twig\twig\lib\Twig\Environment.php(530): Twig_Environment->parse(Object(Twig_TokenStream))
#11 C:\xampp\htdocs\bcms2\vendor\twig\twig\lib\Twig\Environment.php(321): Twig_Environment->compileSource('{% extends "lay...', 'pages/default.t...')
#12 C:\xampp\htdocs\bcms2\vendor\slim\extras\Slim\Extras\Views\Twig.php(97): Twig_Environment->loadTemplate('pages/default.t...')
#13 C:\xampp\htdocs\bcms2\vendor\slim\slim\Slim\View.php(195): Slim\Extras\Views\Twig->render('pages/default.t...')
#14 C:\xampp\htdocs\bcms2\vendor\slim\slim\Slim\View.php(182): Slim\View->fetch('pages/default.t...')
#15 C:\xampp\htdocs\bcms2\vendor\slim\slim\Slim\Slim.php(672): Slim\View->display('pages/default.t...')
#16 C:\xampp\htdocs\bcms2\app\routes\pages.php(48): Slim\Slim->render('pages/default.t...', Array)
#17 [internal function]: {closure}(Array)
#18 C:\xampp\htdocs\bcms2\vendor\slim\slim\Slim\Router.php(172): call_user_func_array(Object(Closure), Array)
#19 C:\xampp\htdocs\bcms2\vendor\slim\slim\Slim\Slim.php(1222): Slim\Router->dispatch(Object(Slim\Route))
#20 C:\xampp\htdocs\bcms2\vendor\slim\slim\Slim\Middleware\Flash.php(86): Slim\Slim->call()
#21 C:\xampp\htdocs\bcms2\vendor\slim\slim\Slim\Middleware\MethodOverride.php(94): Slim\Middleware\Flash->call()
#22 C:\xampp\htdocs\bcms2\vendor\slim\slim\Slim\Middleware\SessionCookie.php(116): Slim\Middleware\MethodOverride->call()
#23 C:\xampp\htdocs\bcms2\vendor\slim\slim\Slim\Middleware\PrettyExceptions.php(67): Slim\Middleware\SessionCookie->call()
#24 C:\xampp\htdocs\bcms2\vendor\slim\slim\Slim\Slim.php(1174): Slim\Middleware\PrettyExceptions->call()
#25 C:\xampp\htdocs\bcms2\public\index.php(23): Slim\Slim->run()
#26 {main}
ERROR - 2012-12-31T22:42:12+01:00 - exception 'Twig_Error_Syntax' with message 'Unexpected tag name "endfor" (expecting closing tag for the "if" tag defined near line 3) in "admin/page-options.twig" at line 7' in C:\xampp\htdocs\bcms2\vendor\twig\twig\lib\Twig\Parser.php:179
Stack trace:
#0 C:\xampp\htdocs\bcms2\vendor\twig\twig\lib\Twig\TokenParser\If.php(50): Twig_Parser->subparse(Array)
#1 C:\xampp\htdocs\bcms2\vendor\twig\twig\lib\Twig\Parser.php(192): Twig_TokenParser_If->parse(Object(Twig_Token))
#2 C:\xampp\htdocs\bcms2\vendor\twig\twig\lib\Twig\TokenParser\For.php(48): Twig_Parser->subparse(Array)
#3 C:\xampp\htdocs\bcms2\vendor\twig\twig\lib\Twig\Parser.php(192): Twig_TokenParser_For->parse(Object(Twig_Token))
#4 C:\xampp\htdocs\bcms2\vendor\twig\twig\lib\Twig\Parser.php(100): Twig_Parser->subparse(NULL, false)
#5 C:\xampp\htdocs\bcms2\vendor\twig\twig\lib\Twig\Environment.php(480): Twig_Parser->parse(Object(Twig_TokenStream))
#6 C:\xampp\htdocs\bcms2\vendor\twig\twig\lib\Twig\Environment.php(530): Twig_Environment->parse(Object(Twig_TokenStream))
#7 C:\xampp\htdocs\bcms2\vendor\twig\twig\lib\Twig\Environment.php(321): Twig_Environment->compileSource('{% for link in ...', 'admin/page-opti...')
#8 C:\xampp\htdocs\bcms2\vendor\twig\twig\lib\Twig\Environment.php(321) : eval()'d code(62): Twig_Environment->loadTemplate('admin/page-opti...')
#9 [internal function]: __TwigTemplate_f3c5ec4ca5d27937f7ad560829281332->block_content(Array, Array)
#10 C:\xampp\htdocs\bcms2\vendor\twig\twig\lib\Twig\Template.php(134): call_user_func(Array, Array, Array)
#11 C:\xampp\htdocs\bcms2\vendor\twig\twig\lib\Twig\Environment.php(321) : eval()'d code(129): Twig_Template->displayBlock('content', Array, Array)
#12 C:\xampp\htdocs\bcms2\vendor\twig\twig\lib\Twig\Template.php(265): __TwigTemplate_0d8dcbede1e125d0cec38235f8fbac18->doDisplay(Array, Array)
#13 C:\xampp\htdocs\bcms2\vendor\twig\twig\lib\Twig\Template.php(239): Twig_Template->displayWithErrorHandling(Array, Array)
#14 C:\xampp\htdocs\bcms2\vendor\twig\twig\lib\Twig\Environment.php(321) : eval()'d code(25): Twig_Template->display(Array, Array)
#15 C:\xampp\htdocs\bcms2\vendor\twig\twig\lib\Twig\Template.php(265): __TwigTemplate_f3c5ec4ca5d27937f7ad560829281332->doDisplay(Array, Array)
#16 C:\xampp\htdocs\bcms2\vendor\twig\twig\lib\Twig\Template.php(239): Twig_Template->displayWithErrorHandling(Array, Array)
#17 C:\xampp\htdocs\bcms2\vendor\twig\twig\lib\Twig\Template.php(250): Twig_Template->display(Array)
#18 C:\xampp\htdocs\bcms2\vendor\slim\extras\Slim\Extras\Views\Twig.php(99): Twig_Template->render(Array)
#19 C:\xampp\htdocs\bcms2\vendor\slim\slim\Slim\View.php(195): Slim\Extras\Views\Twig->render('admin/pages-edi...')
#20 C:\xampp\htdocs\bcms2\vendor\slim\slim\Slim\View.php(182): Slim\View->fetch('admin/pages-edi...')
#21 C:\xampp\htdocs\bcms2\vendor\slim\slim\Slim\Slim.php(672): Slim\View->display('admin/pages-edi...')
#22 C:\xampp\htdocs\bcms2\app\routes\pages.php(26): Slim\Slim->render('admin/pages-edi...')
#23 [internal function]: {closure}('416')
#24 C:\xampp\htdocs\bcms2\vendor\slim\slim\Slim\Router.php(172): call_user_func_array(Object(Closure), Array)
#25 C:\xampp\htdocs\bcms2\vendor\slim\slim\Slim\Slim.php(1222): Slim\Router->dispatch(Object(Slim\Route))
#26 C:\xampp\htdocs\bcms2\vendor\slim\slim\Slim\Middleware\Flash.php(86): Slim\Slim->call()
#27 C:\xampp\htdocs\bcms2\vendor\slim\slim\Slim\Middleware\MethodOverride.php(94): Slim\Middleware\Flash->call()
#28 C:\xampp\htdocs\bcms2\vendor\slim\slim\Slim\Middleware\SessionCookie.php(116): Slim\Middleware\MethodOverride->call()
#29 C:\xampp\htdocs\bcms2\vendor\slim\slim\Slim\Middleware\PrettyExceptions.php(67): Slim\Middleware\SessionCookie->call()
#30 C:\xampp\htdocs\bcms2\vendor\slim\slim\Slim\Slim.php(1174): Slim\Middleware\PrettyExceptions->call()
#31 C:\xampp\htdocs\bcms2\public\index.php(23): Slim\Slim->run()
#32 {main}
ERROR - 2012-12-31T22:42:29+01:00 - exception 'Twig_Error_Syntax' with message 'Unexpected tag name "endfor" (expecting closing tag for the "if" tag defined near line 3) in "admin/page-options.twig" at line 3' in C:\xampp\htdocs\bcms2\vendor\twig\twig\lib\Twig\Parser.php:179
Stack trace:
#0 C:\xampp\htdocs\bcms2\vendor\twig\twig\lib\Twig\TokenParser\If.php(50): Twig_Parser->subparse(Array)
#1 C:\xampp\htdocs\bcms2\vendor\twig\twig\lib\Twig\Parser.php(192): Twig_TokenParser_If->parse(Object(Twig_Token))
#2 C:\xampp\htdocs\bcms2\vendor\twig\twig\lib\Twig\TokenParser\For.php(48): Twig_Parser->subparse(Array)
#3 C:\xampp\htdocs\bcms2\vendor\twig\twig\lib\Twig\Parser.php(192): Twig_TokenParser_For->parse(Object(Twig_Token))
#4 C:\xampp\htdocs\bcms2\vendor\twig\twig\lib\Twig\Parser.php(100): Twig_Parser->subparse(NULL, false)
#5 C:\xampp\htdocs\bcms2\vendor\twig\twig\lib\Twig\Environment.php(480): Twig_Parser->parse(Object(Twig_TokenStream))
#6 C:\xampp\htdocs\bcms2\vendor\twig\twig\lib\Twig\Environment.php(530): Twig_Environment->parse(Object(Twig_TokenStream))
#7 C:\xampp\htdocs\bcms2\vendor\twig\twig\lib\Twig\Environment.php(321): Twig_Environment->compileSource('{% for link in ...', 'admin/page-opti...')
#8 C:\xampp\htdocs\bcms2\vendor\twig\twig\lib\Twig\Environment.php(321) : eval()'d code(62): Twig_Environment->loadTemplate('admin/page-opti...')
#9 [internal function]: __TwigTemplate_f3c5ec4ca5d27937f7ad560829281332->block_content(Array, Array)
#10 C:\xampp\htdocs\bcms2\vendor\twig\twig\lib\Twig\Template.php(134): call_user_func(Array, Array, Array)
#11 C:\xampp\htdocs\bcms2\vendor\twig\twig\lib\Twig\Environment.php(321) : eval()'d code(129): Twig_Template->displayBlock('content', Array, Array)
#12 C:\xampp\htdocs\bcms2\vendor\twig\twig\lib\Twig\Template.php(265): __TwigTemplate_0d8dcbede1e125d0cec38235f8fbac18->doDisplay(Array, Array)
#13 C:\xampp\htdocs\bcms2\vendor\twig\twig\lib\Twig\Template.php(239): Twig_Template->displayWithErrorHandling(Array, Array)
#14 C:\xampp\htdocs\bcms2\vendor\twig\twig\lib\Twig\Environment.php(321) : eval()'d code(25): Twig_Template->display(Array, Array)
#15 C:\xampp\htdocs\bcms2\vendor\twig\twig\lib\Twig\Template.php(265): __TwigTemplate_f3c5ec4ca5d27937f7ad560829281332->doDisplay(Array, Array)
#16 C:\xampp\htdocs\bcms2\vendor\twig\twig\lib\Twig\Template.php(239): Twig_Template->displayWithErrorHandling(Array, Array)
#17 C:\xampp\htdocs\bcms2\vendor\twig\twig\lib\Twig\Template.php(250): Twig_Template->display(Array)
#18 C:\xampp\htdocs\bcms2\vendor\slim\extras\Slim\Extras\Views\Twig.php(99): Twig_Template->render(Array)
#19 C:\xampp\htdocs\bcms2\vendor\slim\slim\Slim\View.php(195): Slim\Extras\Views\Twig->render('admin/pages-edi...')
#20 C:\xampp\htdocs\bcms2\vendor\slim\slim\Slim\View.php(182): Slim\View->fetch('admin/pages-edi...')
#21 C:\xampp\htdocs\bcms2\vendor\slim\slim\Slim\Slim.php(672): Slim\View->display('admin/pages-edi...')
#22 C:\xampp\htdocs\bcms2\app\routes\pages.php(26): Slim\Slim->render('admin/pages-edi...')
#23 [internal function]: {closure}('416')
#24 C:\xampp\htdocs\bcms2\vendor\slim\slim\Slim\Router.php(172): call_user_func_array(Object(Closure), Array)
#25 C:\xampp\htdocs\bcms2\vendor\slim\slim\Slim\Slim.php(1222): Slim\Router->dispatch(Object(Slim\Route))
#26 C:\xampp\htdocs\bcms2\vendor\slim\slim\Slim\Middleware\Flash.php(86): Slim\Slim->call()
#27 C:\xampp\htdocs\bcms2\vendor\slim\slim\Slim\Middleware\MethodOverride.php(94): Slim\Middleware\Flash->call()
#28 C:\xampp\htdocs\bcms2\vendor\slim\slim\Slim\Middleware\SessionCookie.php(116): Slim\Middleware\MethodOverride->call()
#29 C:\xampp\htdocs\bcms2\vendor\slim\slim\Slim\Middleware\PrettyExceptions.php(67): Slim\Middleware\SessionCookie->call()
#30 C:\xampp\htdocs\bcms2\vendor\slim\slim\Slim\Slim.php(1174): Slim\Middleware\PrettyExceptions->call()
#31 C:\xampp\htdocs\bcms2\public\index.php(23): Slim\Slim->run()
#32 {main}
ERROR - 2012-12-31T22:46:24+01:00 - exception 'Twig_Error_Syntax' with message 'Unexpected tag name "bcms" (expecting closing tag for the "block" tag defined near line 8) in "admin/pages-edit.twig" at line 43' in C:\xampp\htdocs\bcms2\vendor\twig\twig\lib\Twig\Parser.php:179
Stack trace:
#0 C:\xampp\htdocs\bcms2\vendor\twig\twig\lib\Twig\TokenParser\Block.php(47): Twig_Parser->subparse(Array, true)
#1 C:\xampp\htdocs\bcms2\vendor\twig\twig\lib\Twig\Parser.php(192): Twig_TokenParser_Block->parse(Object(Twig_Token))
#2 C:\xampp\htdocs\bcms2\vendor\twig\twig\lib\Twig\Parser.php(100): Twig_Parser->subparse(NULL, false)
#3 C:\xampp\htdocs\bcms2\vendor\twig\twig\lib\Twig\Environment.php(480): Twig_Parser->parse(Object(Twig_TokenStream))
#4 C:\xampp\htdocs\bcms2\vendor\twig\twig\lib\Twig\Environment.php(530): Twig_Environment->parse(Object(Twig_TokenStream))
#5 C:\xampp\htdocs\bcms2\vendor\twig\twig\lib\Twig\Environment.php(321): Twig_Environment->compileSource('{% extends "adm...', 'admin/pages-edi...')
#6 C:\xampp\htdocs\bcms2\vendor\slim\extras\Slim\Extras\Views\Twig.php(97): Twig_Environment->loadTemplate('admin/pages-edi...')
#7 C:\xampp\htdocs\bcms2\vendor\slim\slim\Slim\View.php(195): Slim\Extras\Views\Twig->render('admin/pages-edi...')
#8 C:\xampp\htdocs\bcms2\vendor\slim\slim\Slim\View.php(182): Slim\View->fetch('admin/pages-edi...')
#9 C:\xampp\htdocs\bcms2\vendor\slim\slim\Slim\Slim.php(672): Slim\View->display('admin/pages-edi...')
#10 C:\xampp\htdocs\bcms2\app\routes\pages.php(26): Slim\Slim->render('admin/pages-edi...')
#11 [internal function]: {closure}('416')
#12 C:\xampp\htdocs\bcms2\vendor\slim\slim\Slim\Router.php(172): call_user_func_array(Object(Closure), Array)
#13 C:\xampp\htdocs\bcms2\vendor\slim\slim\Slim\Slim.php(1222): Slim\Router->dispatch(Object(Slim\Route))
#14 C:\xampp\htdocs\bcms2\vendor\slim\slim\Slim\Middleware\Flash.php(86): Slim\Slim->call()
#15 C:\xampp\htdocs\bcms2\vendor\slim\slim\Slim\Middleware\MethodOverride.php(94): Slim\Middleware\Flash->call()
#16 C:\xampp\htdocs\bcms2\vendor\slim\slim\Slim\Middleware\SessionCookie.php(116): Slim\Middleware\MethodOverride->call()
#17 C:\xampp\htdocs\bcms2\vendor\slim\slim\Slim\Middleware\PrettyExceptions.php(67): Slim\Middleware\SessionCookie->call()
#18 C:\xampp\htdocs\bcms2\vendor\slim\slim\Slim\Slim.php(1174): Slim\Middleware\PrettyExceptions->call()
#19 C:\xampp\htdocs\bcms2\public\index.php(23): Slim\Slim->run()
#20 {main}
