ERROR - 2013-01-02T15:16:53+01:00 - exception 'Twig_Error_Syntax' with message 'Unexpected token "operator" of value "=" in "admin/page-links-table.twig" at line 9' in C:\xampp\htdocs\bcms2\vendor\twig\twig\lib\Twig\ExpressionParser.php:171
Stack trace:
#0 C:\xampp\htdocs\bcms2\vendor\twig\twig\lib\Twig\ExpressionParser.php(85): Twig_ExpressionParser->parsePrimaryExpression()
#1 C:\xampp\htdocs\bcms2\vendor\twig\twig\lib\Twig\ExpressionParser.php(42): Twig_ExpressionParser->getPrimary()
#2 C:\xampp\htdocs\bcms2\vendor\twig\twig\lib\Twig\ExpressionParser.php(51): Twig_ExpressionParser->parseExpression(21)
#3 C:\xampp\htdocs\bcms2\vendor\twig\twig\lib\Twig\TokenParser\If.php(38): Twig_ExpressionParser->parseExpression()
#4 C:\xampp\htdocs\bcms2\vendor\twig\twig\lib\Twig\Parser.php(192): Twig_TokenParser_If->parse(Object(Twig_Token))
#5 C:\xampp\htdocs\bcms2\vendor\twig\twig\lib\Twig\TokenParser\For.php(48): Twig_Parser->subparse(Array)
#6 C:\xampp\htdocs\bcms2\vendor\twig\twig\lib\Twig\Parser.php(192): Twig_TokenParser_For->parse(Object(Twig_Token))
#7 C:\xampp\htdocs\bcms2\vendor\twig\twig\lib\Twig\Parser.php(100): Twig_Parser->subparse(NULL, false)
#8 C:\xampp\htdocs\bcms2\vendor\twig\twig\lib\Twig\Environment.php(480): Twig_Parser->parse(Object(Twig_TokenStream))
#9 C:\xampp\htdocs\bcms2\vendor\twig\twig\lib\Twig\Environment.php(530): Twig_Environment->parse(Object(Twig_TokenStream))
#10 C:\xampp\htdocs\bcms2\vendor\twig\twig\lib\Twig\Environment.php(321): Twig_Environment->compileSource('{% for link in ...', 'admin/page-link...')
#11 C:\xampp\htdocs\bcms2\vendor\twig\twig\lib\Twig\Environment.php(321) : eval()'d code(58): Twig_Environment->loadTemplate('admin/page-link...')
#12 [internal function]: __TwigTemplate_9d983945da86f346117ab03b4a3f6e62->block_content(Array, Array)
#13 C:\xampp\htdocs\bcms2\vendor\twig\twig\lib\Twig\Template.php(134): call_user_func(Array, Array, Array)
#14 C:\xampp\htdocs\bcms2\vendor\twig\twig\lib\Twig\Environment.php(321) : eval()'d code(122): Twig_Template->displayBlock('content', Array, Array)
#15 C:\xampp\htdocs\bcms2\vendor\twig\twig\lib\Twig\Template.php(265): __TwigTemplate_0d8dcbede1e125d0cec38235f8fbac18->doDisplay(Array, Array)
#16 C:\xampp\htdocs\bcms2\vendor\twig\twig\lib\Twig\Template.php(239): Twig_Template->displayWithErrorHandling(Array, Array)
#17 C:\xampp\htdocs\bcms2\vendor\twig\twig\lib\Twig\Environment.php(321) : eval()'d code(25): Twig_Template->display(Array, Array)
#18 C:\xampp\htdocs\bcms2\vendor\twig\twig\lib\Twig\Template.php(265): __TwigTemplate_9d983945da86f346117ab03b4a3f6e62->doDisplay(Array, Array)
#19 C:\xampp\htdocs\bcms2\vendor\twig\twig\lib\Twig\Template.php(239): Twig_Template->displayWithErrorHandling(Array, Array)
#20 C:\xampp\htdocs\bcms2\vendor\twig\twig\lib\Twig\Template.php(250): Twig_Template->display(Array)
#21 C:\xampp\htdocs\bcms2\vendor\slim\extras\Slim\Extras\Views\Twig.php(99): Twig_Template->render(Array)
#22 C:\xampp\htdocs\bcms2\vendor\slim\slim\Slim\View.php(195): Slim\Extras\Views\Twig->render('admin/pages-lis...')
#23 C:\xampp\htdocs\bcms2\vendor\slim\slim\Slim\View.php(182): Slim\View->fetch('admin/pages-lis...')
#24 C:\xampp\htdocs\bcms2\vendor\slim\slim\Slim\Slim.php(672): Slim\View->display('admin/pages-lis...')
#25 C:\xampp\htdocs\bcms2\app\routes\pages.php(20): Slim\Slim->render('admin/pages-lis...')
#26 [internal function]: {closure}()
#27 C:\xampp\htdocs\bcms2\vendor\slim\slim\Slim\Router.php(172): call_user_func_array(Object(Closure), Array)
#28 C:\xampp\htdocs\bcms2\vendor\slim\slim\Slim\Slim.php(1222): Slim\Router->dispatch(Object(Slim\Route))
#29 C:\xampp\htdocs\bcms2\vendor\slim\slim\Slim\Middleware\Flash.php(86): Slim\Slim->call()
#30 C:\xampp\htdocs\bcms2\vendor\slim\slim\Slim\Middleware\MethodOverride.php(94): Slim\Middleware\Flash->call()
#31 C:\xampp\htdocs\bcms2\vendor\slim\slim\Slim\Middleware\SessionCookie.php(116): Slim\Middleware\MethodOverride->call()
#32 C:\xampp\htdocs\bcms2\vendor\slim\slim\Slim\Middleware\PrettyExceptions.php(67): Slim\Middleware\SessionCookie->call()
#33 C:\xampp\htdocs\bcms2\vendor\slim\slim\Slim\Slim.php(1174): Slim\Middleware\PrettyExceptions->call()
#34 C:\xampp\htdocs\bcms2\public\index.php(23): Slim\Slim->run()
#35 {main}
ERROR - 2013-01-02T20:50:29+01:00 - exception 'Twig_Error_Loader' with message 'Unable to find template "admin/page-links-table.twig" (looked into: ../app/view) in "admin/layout.html.twig" at line 84.' in C:\xampp\htdocs\bcms2\vendor\twig\twig\lib\Twig\Loader\Filesystem.php:198
Stack trace:
#0 C:\xampp\htdocs\bcms2\vendor\twig\twig\lib\Twig\Loader\Filesystem.php(134): Twig_Loader_Filesystem->findTemplate('admin/page-link...')
#1 C:\xampp\htdocs\bcms2\vendor\twig\twig\lib\Twig\Environment.php(266): Twig_Loader_Filesystem->getCacheKey('admin/page-link...')
#2 C:\xampp\htdocs\bcms2\vendor\twig\twig\lib\Twig\Environment.php(313): Twig_Environment->getTemplateClass('admin/page-link...', NULL)
#3 C:\xampp\htdocs\bcms2\app\view\cache\9d\98\3945da86f346117ab03b4a3f6e62.php(58): Twig_Environment->loadTemplate('admin/page-link...')
#4 [internal function]: __TwigTemplate_9d983945da86f346117ab03b4a3f6e62->block_content(Array, Array)
#5 C:\xampp\htdocs\bcms2\vendor\twig\twig\lib\Twig\Template.php(134): call_user_func(Array, Array, Array)
#6 C:\xampp\htdocs\bcms2\app\view\cache\0d\8d\cbede1e125d0cec38235f8fbac18.php(126): Twig_Template->displayBlock('content', Array, Array)
#7 C:\xampp\htdocs\bcms2\vendor\twig\twig\lib\Twig\Template.php(265): __TwigTemplate_0d8dcbede1e125d0cec38235f8fbac18->doDisplay(Array, Array)
#8 C:\xampp\htdocs\bcms2\vendor\twig\twig\lib\Twig\Template.php(239): Twig_Template->displayWithErrorHandling(Array, Array)
#9 C:\xampp\htdocs\bcms2\app\view\cache\9d\98\3945da86f346117ab03b4a3f6e62.php(25): Twig_Template->display(Array, Array)
#10 C:\xampp\htdocs\bcms2\vendor\twig\twig\lib\Twig\Template.php(265): __TwigTemplate_9d983945da86f346117ab03b4a3f6e62->doDisplay(Array, Array)
#11 C:\xampp\htdocs\bcms2\vendor\twig\twig\lib\Twig\Template.php(239): Twig_Template->displayWithErrorHandling(Array, Array)
#12 C:\xampp\htdocs\bcms2\vendor\twig\twig\lib\Twig\Template.php(250): Twig_Template->display(Array)
#13 C:\xampp\htdocs\bcms2\vendor\slim\extras\Slim\Extras\Views\Twig.php(99): Twig_Template->render(Array)
#14 C:\xampp\htdocs\bcms2\vendor\slim\slim\Slim\View.php(195): Slim\Extras\Views\Twig->render('admin/pages-lis...')
#15 C:\xampp\htdocs\bcms2\vendor\slim\slim\Slim\View.php(182): Slim\View->fetch('admin/pages-lis...')
#16 C:\xampp\htdocs\bcms2\vendor\slim\slim\Slim\Slim.php(672): Slim\View->display('admin/pages-lis...')
#17 C:\xampp\htdocs\bcms2\app\routes\pages.php(20): Slim\Slim->render('admin/pages-lis...')
#18 [internal function]: {closure}()
#19 C:\xampp\htdocs\bcms2\vendor\slim\slim\Slim\Router.php(172): call_user_func_array(Object(Closure), Array)
#20 C:\xampp\htdocs\bcms2\vendor\slim\slim\Slim\Slim.php(1222): Slim\Router->dispatch(Object(Slim\Route))
#21 C:\xampp\htdocs\bcms2\vendor\slim\slim\Slim\Middleware\Flash.php(86): Slim\Slim->call()
#22 C:\xampp\htdocs\bcms2\vendor\slim\slim\Slim\Middleware\MethodOverride.php(94): Slim\Middleware\Flash->call()
#23 C:\xampp\htdocs\bcms2\vendor\slim\slim\Slim\Middleware\SessionCookie.php(116): Slim\Middleware\MethodOverride->call()
#24 C:\xampp\htdocs\bcms2\vendor\slim\slim\Slim\Middleware\PrettyExceptions.php(67): Slim\Middleware\SessionCookie->call()
#25 C:\xampp\htdocs\bcms2\vendor\slim\slim\Slim\Slim.php(1174): Slim\Middleware\PrettyExceptions->call()
#26 C:\xampp\htdocs\bcms2\public\index.php(23): Slim\Slim->run()
#27 {main}
