ERROR - 2013-01-01T06:57:08+01:00 - exception 'InvalidArgumentException' with message 'Identifier "templates" is not defined.' in C:\xampp\htdocs\bcms2\vendor\pimple\pimple\lib\Pimple.php:78
Stack trace:
#0 C:\xampp\htdocs\bcms2\app\routes\pages.php(31): Pimple->offsetGet('templates')
#1 [internal function]: {closure}('445')
#2 C:\xampp\htdocs\bcms2\vendor\slim\slim\Slim\Router.php(172): call_user_func_array(Object(Closure), Array)
#3 C:\xampp\htdocs\bcms2\vendor\slim\slim\Slim\Slim.php(1222): Slim\Router->dispatch(Object(Slim\Route))
#4 C:\xampp\htdocs\bcms2\vendor\slim\slim\Slim\Middleware\Flash.php(86): Slim\Slim->call()
#5 C:\xampp\htdocs\bcms2\vendor\slim\slim\Slim\Middleware\MethodOverride.php(94): Slim\Middleware\Flash->call()
#6 C:\xampp\htdocs\bcms2\vendor\slim\slim\Slim\Middleware\SessionCookie.php(116): Slim\Middleware\MethodOverride->call()
#7 C:\xampp\htdocs\bcms2\vendor\slim\slim\Slim\Middleware\PrettyExceptions.php(67): Slim\Middleware\SessionCookie->call()
#8 C:\xampp\htdocs\bcms2\vendor\slim\slim\Slim\Slim.php(1174): Slim\Middleware\PrettyExceptions->call()
#9 C:\xampp\htdocs\bcms2\public\index.php(23): Slim\Slim->run()
#10 {main}
ERROR - 2013-01-01T06:57:39+01:00 - exception 'InvalidArgumentException' with message 'Identifier "templates" is not defined.' in C:\xampp\htdocs\bcms2\vendor\pimple\pimple\lib\Pimple.php:78
Stack trace:
#0 C:\xampp\htdocs\bcms2\app\routes\pages.php(31): Pimple->offsetGet('templates')
#1 [internal function]: {closure}('445')
#2 C:\xampp\htdocs\bcms2\vendor\slim\slim\Slim\Router.php(172): call_user_func_array(Object(Closure), Array)
#3 C:\xampp\htdocs\bcms2\vendor\slim\slim\Slim\Slim.php(1222): Slim\Router->dispatch(Object(Slim\Route))
#4 C:\xampp\htdocs\bcms2\vendor\slim\slim\Slim\Middleware\Flash.php(86): Slim\Slim->call()
#5 C:\xampp\htdocs\bcms2\vendor\slim\slim\Slim\Middleware\MethodOverride.php(94): Slim\Middleware\Flash->call()
#6 C:\xampp\htdocs\bcms2\vendor\slim\slim\Slim\Middleware\SessionCookie.php(116): Slim\Middleware\MethodOverride->call()
#7 C:\xampp\htdocs\bcms2\vendor\slim\slim\Slim\Middleware\PrettyExceptions.php(67): Slim\Middleware\SessionCookie->call()
#8 C:\xampp\htdocs\bcms2\vendor\slim\slim\Slim\Slim.php(1174): Slim\Middleware\PrettyExceptions->call()
#9 C:\xampp\htdocs\bcms2\public\index.php(23): Slim\Slim->run()
#10 {main}
ERROR - 2013-01-01T06:58:56+01:00 - exception 'InvalidArgumentException' with message 'Identifier "templates" is not defined.' in C:\xampp\htdocs\bcms2\vendor\pimple\pimple\lib\Pimple.php:78
Stack trace:
#0 C:\xampp\htdocs\bcms2\app\routes\pages.php(31): Pimple->offsetGet('templates')
#1 [internal function]: {closure}('445')
#2 C:\xampp\htdocs\bcms2\vendor\slim\slim\Slim\Router.php(172): call_user_func_array(Object(Closure), Array)
#3 C:\xampp\htdocs\bcms2\vendor\slim\slim\Slim\Slim.php(1222): Slim\Router->dispatch(Object(Slim\Route))
#4 C:\xampp\htdocs\bcms2\vendor\slim\slim\Slim\Middleware\Flash.php(86): Slim\Slim->call()
#5 C:\xampp\htdocs\bcms2\vendor\slim\slim\Slim\Middleware\MethodOverride.php(94): Slim\Middleware\Flash->call()
#6 C:\xampp\htdocs\bcms2\vendor\slim\slim\Slim\Middleware\SessionCookie.php(116): Slim\Middleware\MethodOverride->call()
#7 C:\xampp\htdocs\bcms2\vendor\slim\slim\Slim\Middleware\PrettyExceptions.php(67): Slim\Middleware\SessionCookie->call()
#8 C:\xampp\htdocs\bcms2\vendor\slim\slim\Slim\Slim.php(1174): Slim\Middleware\PrettyExceptions->call()
#9 C:\xampp\htdocs\bcms2\public\index.php(23): Slim\Slim->run()
#10 {main}
ERROR - 2013-01-01T06:58:58+01:00 - exception 'InvalidArgumentException' with message 'Identifier "templates" is not defined.' in C:\xampp\htdocs\bcms2\vendor\pimple\pimple\lib\Pimple.php:78
Stack trace:
#0 C:\xampp\htdocs\bcms2\app\routes\pages.php(31): Pimple->offsetGet('templates')
#1 [internal function]: {closure}('445')
#2 C:\xampp\htdocs\bcms2\vendor\slim\slim\Slim\Router.php(172): call_user_func_array(Object(Closure), Array)
#3 C:\xampp\htdocs\bcms2\vendor\slim\slim\Slim\Slim.php(1222): Slim\Router->dispatch(Object(Slim\Route))
#4 C:\xampp\htdocs\bcms2\vendor\slim\slim\Slim\Middleware\Flash.php(86): Slim\Slim->call()
#5 C:\xampp\htdocs\bcms2\vendor\slim\slim\Slim\Middleware\MethodOverride.php(94): Slim\Middleware\Flash->call()
#6 C:\xampp\htdocs\bcms2\vendor\slim\slim\Slim\Middleware\SessionCookie.php(116): Slim\Middleware\MethodOverride->call()
#7 C:\xampp\htdocs\bcms2\vendor\slim\slim\Slim\Middleware\PrettyExceptions.php(67): Slim\Middleware\SessionCookie->call()
#8 C:\xampp\htdocs\bcms2\vendor\slim\slim\Slim\Slim.php(1174): Slim\Middleware\PrettyExceptions->call()
#9 C:\xampp\htdocs\bcms2\public\index.php(23): Slim\Slim->run()
#10 {main}
ERROR - 2013-01-01T06:59:14+01:00 - exception 'InvalidArgumentException' with message 'Identifier "templates" is not defined.' in C:\xampp\htdocs\bcms2\vendor\pimple\pimple\lib\Pimple.php:78
Stack trace:
#0 C:\xampp\htdocs\bcms2\app\routes\pages.php(31): Pimple->offsetGet('templates')
#1 [internal function]: {closure}('445')
#2 C:\xampp\htdocs\bcms2\vendor\slim\slim\Slim\Router.php(172): call_user_func_array(Object(Closure), Array)
#3 C:\xampp\htdocs\bcms2\vendor\slim\slim\Slim\Slim.php(1222): Slim\Router->dispatch(Object(Slim\Route))
#4 C:\xampp\htdocs\bcms2\vendor\slim\slim\Slim\Middleware\Flash.php(86): Slim\Slim->call()
#5 C:\xampp\htdocs\bcms2\vendor\slim\slim\Slim\Middleware\MethodOverride.php(94): Slim\Middleware\Flash->call()
#6 C:\xampp\htdocs\bcms2\vendor\slim\slim\Slim\Middleware\SessionCookie.php(116): Slim\Middleware\MethodOverride->call()
#7 C:\xampp\htdocs\bcms2\vendor\slim\slim\Slim\Middleware\PrettyExceptions.php(67): Slim\Middleware\SessionCookie->call()
#8 C:\xampp\htdocs\bcms2\vendor\slim\slim\Slim\Slim.php(1174): Slim\Middleware\PrettyExceptions->call()
#9 C:\xampp\htdocs\bcms2\public\index.php(23): Slim\Slim->run()
#10 {main}
ERROR - 2013-01-01T06:59:49+01:00 - exception 'ErrorException' with message 'Indirect modification of overloaded element of Pimple has no effect' in C:\xampp\htdocs\bcms2\app\routes\pages.php:32
Stack trace:
#0 C:\xampp\htdocs\bcms2\app\routes\pages.php(32): Slim\Slim::handleErrors(8, 'Indirect modifi...', 'C:\xampp\htdocs...', 32, Array)
#1 [internal function]: {closure}('445')
#2 C:\xampp\htdocs\bcms2\vendor\slim\slim\Slim\Router.php(172): call_user_func_array(Object(Closure), Array)
#3 C:\xampp\htdocs\bcms2\vendor\slim\slim\Slim\Slim.php(1222): Slim\Router->dispatch(Object(Slim\Route))
#4 C:\xampp\htdocs\bcms2\vendor\slim\slim\Slim\Middleware\Flash.php(86): Slim\Slim->call()
#5 C:\xampp\htdocs\bcms2\vendor\slim\slim\Slim\Middleware\MethodOverride.php(94): Slim\Middleware\Flash->call()
#6 C:\xampp\htdocs\bcms2\vendor\slim\slim\Slim\Middleware\SessionCookie.php(116): Slim\Middleware\MethodOverride->call()
#7 C:\xampp\htdocs\bcms2\vendor\slim\slim\Slim\Middleware\PrettyExceptions.php(67): Slim\Middleware\SessionCookie->call()
#8 C:\xampp\htdocs\bcms2\vendor\slim\slim\Slim\Slim.php(1174): Slim\Middleware\PrettyExceptions->call()
#9 C:\xampp\htdocs\bcms2\public\index.php(23): Slim\Slim->run()
#10 {main}
ERROR - 2013-01-01T07:01:01+01:00 - exception 'ErrorException' with message 'Indirect modification of overloaded element of Pimple has no effect' in C:\xampp\htdocs\bcms2\app\routes\pages.php:29
Stack trace:
#0 C:\xampp\htdocs\bcms2\app\routes\pages.php(29): Slim\Slim::handleErrors(8, 'Indirect modifi...', 'C:\xampp\htdocs...', 29, Array)
#1 [internal function]: {closure}('445')
#2 C:\xampp\htdocs\bcms2\vendor\slim\slim\Slim\Router.php(172): call_user_func_array(Object(Closure), Array)
#3 C:\xampp\htdocs\bcms2\vendor\slim\slim\Slim\Slim.php(1222): Slim\Router->dispatch(Object(Slim\Route))
#4 C:\xampp\htdocs\bcms2\vendor\slim\slim\Slim\Middleware\Flash.php(86): Slim\Slim->call()
#5 C:\xampp\htdocs\bcms2\vendor\slim\slim\Slim\Middleware\MethodOverride.php(94): Slim\Middleware\Flash->call()
#6 C:\xampp\htdocs\bcms2\vendor\slim\slim\Slim\Middleware\SessionCookie.php(116): Slim\Middleware\MethodOverride->call()
#7 C:\xampp\htdocs\bcms2\vendor\slim\slim\Slim\Middleware\PrettyExceptions.php(67): Slim\Middleware\SessionCookie->call()
#8 C:\xampp\htdocs\bcms2\vendor\slim\slim\Slim\Slim.php(1174): Slim\Middleware\PrettyExceptions->call()
#9 C:\xampp\htdocs\bcms2\public\index.php(23): Slim\Slim->run()
#10 {main}
ERROR - 2013-01-01T07:04:15+01:00 - exception 'ErrorException' with message 'Indirect modification of overloaded element of Pimple has no effect' in C:\xampp\htdocs\bcms2\app\routes\pages.php:34
Stack trace:
#0 C:\xampp\htdocs\bcms2\app\routes\pages.php(34): Slim\Slim::handleErrors(8, 'Indirect modifi...', 'C:\xampp\htdocs...', 34, Array)
#1 [internal function]: {closure}('445')
#2 C:\xampp\htdocs\bcms2\vendor\slim\slim\Slim\Router.php(172): call_user_func_array(Object(Closure), Array)
#3 C:\xampp\htdocs\bcms2\vendor\slim\slim\Slim\Slim.php(1222): Slim\Router->dispatch(Object(Slim\Route))
#4 C:\xampp\htdocs\bcms2\vendor\slim\slim\Slim\Middleware\Flash.php(86): Slim\Slim->call()
#5 C:\xampp\htdocs\bcms2\vendor\slim\slim\Slim\Middleware\MethodOverride.php(94): Slim\Middleware\Flash->call()
#6 C:\xampp\htdocs\bcms2\vendor\slim\slim\Slim\Middleware\SessionCookie.php(116): Slim\Middleware\MethodOverride->call()
#7 C:\xampp\htdocs\bcms2\vendor\slim\slim\Slim\Middleware\PrettyExceptions.php(67): Slim\Middleware\SessionCookie->call()
#8 C:\xampp\htdocs\bcms2\vendor\slim\slim\Slim\Slim.php(1174): Slim\Middleware\PrettyExceptions->call()
#9 C:\xampp\htdocs\bcms2\public\index.php(23): Slim\Slim->run()
#10 {main}
ERROR - 2013-01-01T07:06:21+01:00 - exception 'Twig_Error_Syntax' with message 'A hash key must be a quoted string, a number, a name, or an expression enclosed in parentheses (unexpected token "punctuation" of value "{" in "admin/pages-edit.twig" at line 60' in C:\xampp\htdocs\bcms2\vendor\twig\twig\lib\Twig\ExpressionParser.php:265
Stack trace:
#0 C:\xampp\htdocs\bcms2\vendor\twig\twig\lib\Twig\ExpressionParser.php(169): Twig_ExpressionParser->parseHashExpression()
#1 C:\xampp\htdocs\bcms2\vendor\twig\twig\lib\Twig\ExpressionParser.php(85): Twig_ExpressionParser->parsePrimaryExpression()
#2 C:\xampp\htdocs\bcms2\vendor\twig\twig\lib\Twig\ExpressionParser.php(42): Twig_ExpressionParser->getPrimary()
#3 C:\xampp\htdocs\bcms2\vendor\twig\twig\lib\Twig\ExpressionParser.php(51): Twig_ExpressionParser->parseExpression(21)
#4 C:\xampp\htdocs\bcms2\vendor\twig\twig\lib\Twig\TokenParser\If.php(38): Twig_ExpressionParser->parseExpression()
#5 C:\xampp\htdocs\bcms2\vendor\twig\twig\lib\Twig\Parser.php(192): Twig_TokenParser_If->parse(Object(Twig_Token))
#6 C:\xampp\htdocs\bcms2\vendor\twig\twig\lib\Twig\TokenParser\For.php(48): Twig_Parser->subparse(Array)
#7 C:\xampp\htdocs\bcms2\vendor\twig\twig\lib\Twig\Parser.php(192): Twig_TokenParser_For->parse(Object(Twig_Token))
#8 C:\xampp\htdocs\bcms2\vendor\twig\twig\lib\Twig\TokenParser\Block.php(47): Twig_Parser->subparse(Array, true)
#9 C:\xampp\htdocs\bcms2\vendor\twig\twig\lib\Twig\Parser.php(192): Twig_TokenParser_Block->parse(Object(Twig_Token))
#10 C:\xampp\htdocs\bcms2\vendor\twig\twig\lib\Twig\Parser.php(100): Twig_Parser->subparse(NULL, false)
#11 C:\xampp\htdocs\bcms2\vendor\twig\twig\lib\Twig\Environment.php(480): Twig_Parser->parse(Object(Twig_TokenStream))
#12 C:\xampp\htdocs\bcms2\vendor\twig\twig\lib\Twig\Environment.php(530): Twig_Environment->parse(Object(Twig_TokenStream))
#13 C:\xampp\htdocs\bcms2\vendor\twig\twig\lib\Twig\Environment.php(321): Twig_Environment->compileSource('{% extends "adm...', 'admin/pages-edi...')
#14 C:\xampp\htdocs\bcms2\vendor\slim\extras\Slim\Extras\Views\Twig.php(97): Twig_Environment->loadTemplate('admin/pages-edi...')
#15 C:\xampp\htdocs\bcms2\vendor\slim\slim\Slim\View.php(195): Slim\Extras\Views\Twig->render('admin/pages-edi...')
#16 C:\xampp\htdocs\bcms2\vendor\slim\slim\Slim\View.php(182): Slim\View->fetch('admin/pages-edi...')
#17 C:\xampp\htdocs\bcms2\vendor\slim\slim\Slim\Slim.php(672): Slim\View->display('admin/pages-edi...')
#18 C:\xampp\htdocs\bcms2\app\routes\pages.php(41): Slim\Slim->render('admin/pages-edi...')
#19 [internal function]: {closure}('445')
#20 C:\xampp\htdocs\bcms2\vendor\slim\slim\Slim\Router.php(172): call_user_func_array(Object(Closure), Array)
#21 C:\xampp\htdocs\bcms2\vendor\slim\slim\Slim\Slim.php(1222): Slim\Router->dispatch(Object(Slim\Route))
#22 C:\xampp\htdocs\bcms2\vendor\slim\slim\Slim\Middleware\Flash.php(86): Slim\Slim->call()
#23 C:\xampp\htdocs\bcms2\vendor\slim\slim\Slim\Middleware\MethodOverride.php(94): Slim\Middleware\Flash->call()
#24 C:\xampp\htdocs\bcms2\vendor\slim\slim\Slim\Middleware\SessionCookie.php(116): Slim\Middleware\MethodOverride->call()
#25 C:\xampp\htdocs\bcms2\vendor\slim\slim\Slim\Middleware\PrettyExceptions.php(67): Slim\Middleware\SessionCookie->call()
#26 C:\xampp\htdocs\bcms2\vendor\slim\slim\Slim\Slim.php(1174): Slim\Middleware\PrettyExceptions->call()
#27 C:\xampp\htdocs\bcms2\public\index.php(23): Slim\Slim->run()
#28 {main}
ERROR - 2013-01-01T10:50:20+01:00 - exception 'RuntimeException' with message 'Named route not found for name: hello' in C:\xampp\htdocs\bcms2\vendor\slim\slim\Slim\Router.php:140
Stack trace:
#0 C:\xampp\htdocs\bcms2\vendor\slim\slim\Slim\Slim.php(992): Slim\Router->urlFor('hello', Array)
#1 C:\xampp\htdocs\bcms2\app\routes\pages.php(61): Slim\Slim->urlFor('hello', Array)
#2 [internal function]: {closure}('420')
#3 C:\xampp\htdocs\bcms2\vendor\slim\slim\Slim\Router.php(172): call_user_func_array(Object(Closure), Array)
#4 C:\xampp\htdocs\bcms2\vendor\slim\slim\Slim\Slim.php(1222): Slim\Router->dispatch(Object(Slim\Route))
#5 C:\xampp\htdocs\bcms2\vendor\slim\slim\Slim\Middleware\Flash.php(86): Slim\Slim->call()
#6 C:\xampp\htdocs\bcms2\vendor\slim\slim\Slim\Middleware\MethodOverride.php(94): Slim\Middleware\Flash->call()
#7 C:\xampp\htdocs\bcms2\vendor\slim\slim\Slim\Middleware\SessionCookie.php(116): Slim\Middleware\MethodOverride->call()
#8 C:\xampp\htdocs\bcms2\vendor\slim\slim\Slim\Middleware\PrettyExceptions.php(67): Slim\Middleware\SessionCookie->call()
#9 C:\xampp\htdocs\bcms2\vendor\slim\slim\Slim\Slim.php(1174): Slim\Middleware\PrettyExceptions->call()
#10 C:\xampp\htdocs\bcms2\public\index.php(23): Slim\Slim->run()
#11 {main}
ERROR - 2013-01-01T11:07:49+01:00 - exception 'Twig_Error_Loader' with message 'Unable to find template "app-flash.html" (looked into: ../app/view) in "admin/layout.html.twig" at line 95.' in C:\xampp\htdocs\bcms2\vendor\twig\twig\lib\Twig\Loader\Filesystem.php:198
Stack trace:
#0 C:\xampp\htdocs\bcms2\vendor\twig\twig\lib\Twig\Loader\Filesystem.php(134): Twig_Loader_Filesystem->findTemplate('app-flash.html')
#1 C:\xampp\htdocs\bcms2\vendor\twig\twig\lib\Twig\Environment.php(266): Twig_Loader_Filesystem->getCacheKey('app-flash.html')
#2 C:\xampp\htdocs\bcms2\vendor\twig\twig\lib\Twig\Environment.php(313): Twig_Environment->getTemplateClass('app-flash.html', NULL)
#3 C:\xampp\htdocs\bcms2\vendor\twig\twig\lib\Twig\Environment.php(321) : eval()'d code(131): Twig_Environment->loadTemplate('app-flash.html')
#4 C:\xampp\htdocs\bcms2\vendor\twig\twig\lib\Twig\Template.php(265): __TwigTemplate_0d8dcbede1e125d0cec38235f8fbac18->doDisplay(Array, Array)
#5 C:\xampp\htdocs\bcms2\vendor\twig\twig\lib\Twig\Template.php(239): Twig_Template->displayWithErrorHandling(Array, Array)
#6 C:\xampp\htdocs\bcms2\vendor\twig\twig\lib\Twig\Environment.php(321) : eval()'d code(25): Twig_Template->display(Array, Array)
#7 C:\xampp\htdocs\bcms2\vendor\twig\twig\lib\Twig\Template.php(265): __TwigTemplate_f3c5ec4ca5d27937f7ad560829281332->doDisplay(Array, Array)
#8 C:\xampp\htdocs\bcms2\vendor\twig\twig\lib\Twig\Template.php(239): Twig_Template->displayWithErrorHandling(Array, Array)
#9 C:\xampp\htdocs\bcms2\vendor\twig\twig\lib\Twig\Template.php(250): Twig_Template->display(Array)
#10 C:\xampp\htdocs\bcms2\vendor\slim\extras\Slim\Extras\Views\Twig.php(99): Twig_Template->render(Array)
#11 C:\xampp\htdocs\bcms2\vendor\slim\slim\Slim\View.php(195): Slim\Extras\Views\Twig->render('admin/pages-edi...')
#12 C:\xampp\htdocs\bcms2\vendor\slim\slim\Slim\View.php(182): Slim\View->fetch('admin/pages-edi...')
#13 C:\xampp\htdocs\bcms2\vendor\slim\slim\Slim\Slim.php(672): Slim\View->display('admin/pages-edi...')
#14 C:\xampp\htdocs\bcms2\app\routes\pages.php(41): Slim\Slim->render('admin/pages-edi...')
#15 [internal function]: {closure}('420')
#16 C:\xampp\htdocs\bcms2\vendor\slim\slim\Slim\Router.php(172): call_user_func_array(Object(Closure), Array)
#17 C:\xampp\htdocs\bcms2\vendor\slim\slim\Slim\Slim.php(1222): Slim\Router->dispatch(Object(Slim\Route))
#18 C:\xampp\htdocs\bcms2\vendor\slim\slim\Slim\Middleware\Flash.php(86): Slim\Slim->call()
#19 C:\xampp\htdocs\bcms2\vendor\slim\slim\Slim\Middleware\MethodOverride.php(94): Slim\Middleware\Flash->call()
#20 C:\xampp\htdocs\bcms2\vendor\slim\slim\Slim\Middleware\SessionCookie.php(116): Slim\Middleware\MethodOverride->call()
#21 C:\xampp\htdocs\bcms2\vendor\slim\slim\Slim\Middleware\PrettyExceptions.php(67): Slim\Middleware\SessionCookie->call()
#22 C:\xampp\htdocs\bcms2\vendor\slim\slim\Slim\Slim.php(1174): Slim\Middleware\PrettyExceptions->call()
#23 C:\xampp\htdocs\bcms2\public\index.php(23): Slim\Slim->run()
#24 {main}
ERROR - 2013-01-01T11:08:51+01:00 - exception 'Twig_Error_Loader' with message 'Unable to find template "messages.twig" (looked into: ../app/view) in "admin/layout.html.twig" at line 95.' in C:\xampp\htdocs\bcms2\vendor\twig\twig\lib\Twig\Loader\Filesystem.php:198
Stack trace:
#0 C:\xampp\htdocs\bcms2\vendor\twig\twig\lib\Twig\Loader\Filesystem.php(134): Twig_Loader_Filesystem->findTemplate('messages.twig')
#1 C:\xampp\htdocs\bcms2\vendor\twig\twig\lib\Twig\Environment.php(266): Twig_Loader_Filesystem->getCacheKey('messages.twig')
#2 C:\xampp\htdocs\bcms2\vendor\twig\twig\lib\Twig\Environment.php(313): Twig_Environment->getTemplateClass('messages.twig', NULL)
#3 C:\xampp\htdocs\bcms2\vendor\twig\twig\lib\Twig\Environment.php(321) : eval()'d code(131): Twig_Environment->loadTemplate('messages.twig')
#4 C:\xampp\htdocs\bcms2\vendor\twig\twig\lib\Twig\Template.php(265): __TwigTemplate_0d8dcbede1e125d0cec38235f8fbac18->doDisplay(Array, Array)
#5 C:\xampp\htdocs\bcms2\vendor\twig\twig\lib\Twig\Template.php(239): Twig_Template->displayWithErrorHandling(Array, Array)
#6 C:\xampp\htdocs\bcms2\vendor\twig\twig\lib\Twig\Environment.php(321) : eval()'d code(25): Twig_Template->display(Array, Array)
#7 C:\xampp\htdocs\bcms2\vendor\twig\twig\lib\Twig\Template.php(265): __TwigTemplate_f3c5ec4ca5d27937f7ad560829281332->doDisplay(Array, Array)
#8 C:\xampp\htdocs\bcms2\vendor\twig\twig\lib\Twig\Template.php(239): Twig_Template->displayWithErrorHandling(Array, Array)
#9 C:\xampp\htdocs\bcms2\vendor\twig\twig\lib\Twig\Template.php(250): Twig_Template->display(Array)
#10 C:\xampp\htdocs\bcms2\vendor\slim\extras\Slim\Extras\Views\Twig.php(99): Twig_Template->render(Array)
#11 C:\xampp\htdocs\bcms2\vendor\slim\slim\Slim\View.php(195): Slim\Extras\Views\Twig->render('admin/pages-edi...')
#12 C:\xampp\htdocs\bcms2\vendor\slim\slim\Slim\View.php(182): Slim\View->fetch('admin/pages-edi...')
#13 C:\xampp\htdocs\bcms2\vendor\slim\slim\Slim\Slim.php(672): Slim\View->display('admin/pages-edi...')
#14 C:\xampp\htdocs\bcms2\app\routes\pages.php(41): Slim\Slim->render('admin/pages-edi...')
#15 [internal function]: {closure}('420')
#16 C:\xampp\htdocs\bcms2\vendor\slim\slim\Slim\Router.php(172): call_user_func_array(Object(Closure), Array)
#17 C:\xampp\htdocs\bcms2\vendor\slim\slim\Slim\Slim.php(1222): Slim\Router->dispatch(Object(Slim\Route))
#18 C:\xampp\htdocs\bcms2\vendor\slim\slim\Slim\Middleware\Flash.php(86): Slim\Slim->call()
#19 C:\xampp\htdocs\bcms2\vendor\slim\slim\Slim\Middleware\MethodOverride.php(94): Slim\Middleware\Flash->call()
#20 C:\xampp\htdocs\bcms2\vendor\slim\slim\Slim\Middleware\SessionCookie.php(116): Slim\Middleware\MethodOverride->call()
#21 C:\xampp\htdocs\bcms2\vendor\slim\slim\Slim\Middleware\PrettyExceptions.php(67): Slim\Middleware\SessionCookie->call()
#22 C:\xampp\htdocs\bcms2\vendor\slim\slim\Slim\Slim.php(1174): Slim\Middleware\PrettyExceptions->call()
#23 C:\xampp\htdocs\bcms2\public\index.php(23): Slim\Slim->run()
#24 {main}
ERROR - 2013-01-01T18:05:30+01:00 - exception 'ErrorException' with message 'Missing argument 1 for {closure}()' in C:\xampp\htdocs\bcms2\app\routes\pages.php:96
Stack trace:
#0 C:\xampp\htdocs\bcms2\app\routes\pages.php(96): Slim\Slim::handleErrors(2, 'Missing argumen...', 'C:\xampp\htdocs...', 96, Array)
#1 [internal function]: {closure}()
#2 C:\xampp\htdocs\bcms2\vendor\slim\slim\Slim\Router.php(172): call_user_func_array(Object(Closure), Array)
#3 C:\xampp\htdocs\bcms2\vendor\slim\slim\Slim\Slim.php(1222): Slim\Router->dispatch(Object(Slim\Route))
#4 C:\xampp\htdocs\bcms2\vendor\slim\slim\Slim\Middleware\Flash.php(86): Slim\Slim->call()
#5 C:\xampp\htdocs\bcms2\vendor\slim\slim\Slim\Middleware\MethodOverride.php(94): Slim\Middleware\Flash->call()
#6 C:\xampp\htdocs\bcms2\vendor\slim\slim\Slim\Middleware\SessionCookie.php(116): Slim\Middleware\MethodOverride->call()
#7 C:\xampp\htdocs\bcms2\vendor\slim\slim\Slim\Middleware\PrettyExceptions.php(67): Slim\Middleware\SessionCookie->call()
#8 C:\xampp\htdocs\bcms2\vendor\slim\slim\Slim\Slim.php(1174): Slim\Middleware\PrettyExceptions->call()
#9 C:\xampp\htdocs\bcms2\public\index.php(23): Slim\Slim->run()
#10 {main}
ERROR - 2013-01-01T18:05:51+01:00 - exception 'PDOException' with message 'SQLSTATE[42S22]: Column not found: 1054 Unknown column 'number' in 'field list'' in C:\xampp\htdocs\bcms2\vendor\j4mie\idiorm\idiorm.php:1160
Stack trace:
#0 C:\xampp\htdocs\bcms2\vendor\j4mie\idiorm\idiorm.php(1160): PDOStatement->execute(Array)
#1 C:\xampp\htdocs\bcms2\vendor\j4mie\idiorm\idiorm.php(383): ORM->_run()
#2 C:\xampp\htdocs\bcms2\vendor\j4mie\idiorm\idiorm.php(467): ORM->find_one()
#3 C:\xampp\htdocs\bcms2\vendor\j4mie\idiorm\idiorm.php(427): ORM->_call_aggregate_db_function('max', 'number')
#4 C:\xampp\htdocs\bcms2\app\routes\pages.php(112): ORM->max('number')
#5 [internal function]: {closure}()
#6 C:\xampp\htdocs\bcms2\vendor\slim\slim\Slim\Router.php(172): call_user_func_array(Object(Closure), Array)
#7 C:\xampp\htdocs\bcms2\vendor\slim\slim\Slim\Slim.php(1222): Slim\Router->dispatch(Object(Slim\Route))
#8 C:\xampp\htdocs\bcms2\vendor\slim\slim\Slim\Middleware\Flash.php(86): Slim\Slim->call()
#9 C:\xampp\htdocs\bcms2\vendor\slim\slim\Slim\Middleware\MethodOverride.php(94): Slim\Middleware\Flash->call()
#10 C:\xampp\htdocs\bcms2\vendor\slim\slim\Slim\Middleware\SessionCookie.php(116): Slim\Middleware\MethodOverride->call()
#11 C:\xampp\htdocs\bcms2\vendor\slim\slim\Slim\Middleware\PrettyExceptions.php(67): Slim\Middleware\SessionCookie->call()
#12 C:\xampp\htdocs\bcms2\vendor\slim\slim\Slim\Slim.php(1174): Slim\Middleware\PrettyExceptions->call()
#13 C:\xampp\htdocs\bcms2\public\index.php(23): Slim\Slim->run()
#14 {main}
